{"/home/seplos/mockfact/movkfact-frontend/src/App.jsx": {"path":"/home/seplos/mockfact/movkfact-frontend/src/App.jsx","statementMap":{"0":{"start":{"line":16,"column":2},"end":{"line":35,"column":4}}},"fnMap":{"0":{"name":"App","decl":{"start":{"line":15,"column":9},"end":{"line":15,"column":12}},"loc":{"start":{"line":15,"column":15},"end":{"line":36,"column":1}},"line":15}},"branchMap":{},"s":{"0":0},"f":{"0":0},"b":{}}
,"/home/seplos/mockfact/movkfact-frontend/src/index.jsx": {"path":"/home/seplos/mockfact/movkfact-frontend/src/index.jsx","statementMap":{"0":{"start":{"line":10,"column":13},"end":{"line":10,"column":65}},"1":{"start":{"line":11,"column":0},"end":{"line":22,"column":2}}},"fnMap":{},"branchMap":{},"s":{"0":0,"1":0},"f":{},"b":{}}
,"/home/seplos/mockfact/movkfact-frontend/src/components/DeleteConfirmDialog.jsx": {"path":"/home/seplos/mockfact/movkfact-frontend/src/components/DeleteConfirmDialog.jsx","statementMap":{"0":{"start":{"line":15,"column":35},"end":{"line":46,"column":1}},"1":{"start":{"line":22,"column":2},"end":{"line":45,"column":4}}},"fnMap":{"0":{"name":"(anonymous_0)","decl":{"start":{"line":15,"column":35},"end":{"line":15,"column":36}},"loc":{"start":{"line":21,"column":6},"end":{"line":46,"column":1}},"line":21}},"branchMap":{"0":{"loc":{"start":{"line":16,"column":2},"end":{"line":16,"column":14}},"type":"default-arg","locations":[{"start":{"line":16,"column":9},"end":{"line":16,"column":14}}],"line":16},"1":{"loc":{"start":{"line":17,"column":2},"end":{"line":17,"column":17}},"type":"default-arg","locations":[{"start":{"line":17,"column":15},"end":{"line":17,"column":17}}],"line":17},"2":{"loc":{"start":{"line":20,"column":2},"end":{"line":20,"column":17}},"type":"default-arg","locations":[{"start":{"line":20,"column":12},"end":{"line":20,"column":17}}],"line":20},"3":{"loc":{"start":{"line":39,"column":21},"end":{"line":39,"column":68}},"type":"cond-expr","locations":[{"start":{"line":39,"column":31},"end":{"line":39,"column":61}},{"start":{"line":39,"column":64},"end":{"line":39,"column":68}}],"line":39},"4":{"loc":{"start":{"line":41,"column":11},"end":{"line":41,"column":45}},"type":"cond-expr","locations":[{"start":{"line":41,"column":21},"end":{"line":41,"column":34}},{"start":{"line":41,"column":37},"end":{"line":41,"column":45}}],"line":41}},"s":{"0":0,"1":0},"f":{"0":0},"b":{"0":[0],"1":[0],"2":[0],"3":[0,0],"4":[0,0]}}
,"/home/seplos/mockfact/movkfact-frontend/src/components/DomainForm.jsx": {"path":"/home/seplos/mockfact/movkfact-frontend/src/components/DomainForm.jsx","statementMap":{"0":{"start":{"line":14,"column":26},"end":{"line":162,"column":1}},"1":{"start":{"line":21,"column":34},"end":{"line":24,"column":4}},"2":{"start":{"line":26,"column":40},"end":{"line":26,"column":52}},"3":{"start":{"line":27,"column":21},"end":{"line":27,"column":34}},"4":{"start":{"line":30,"column":2},"end":{"line":43,"column":20}},"5":{"start":{"line":31,"column":4},"end":{"line":41,"column":5}},"6":{"start":{"line":32,"column":6},"end":{"line":35,"column":9}},"7":{"start":{"line":37,"column":6},"end":{"line":40,"column":9}},"8":{"start":{"line":42,"column":4},"end":{"line":42,"column":23}},"9":{"start":{"line":46,"column":2},"end":{"line":59,"column":14}},"10":{"start":{"line":47,"column":4},"end":{"line":58,"column":5}},"11":{"start":{"line":49,"column":6},"end":{"line":54,"column":7}},"12":{"start":{"line":50,"column":8},"end":{"line":50,"column":47}},"13":{"start":{"line":53,"column":8},"end":{"line":53,"column":74}},"14":{"start":{"line":55,"column":11},"end":{"line":58,"column":5}},"15":{"start":{"line":57,"column":6},"end":{"line":57,"column":25}},"16":{"start":{"line":61,"column":28},"end":{"line":74,"column":3}},"17":{"start":{"line":62,"column":28},"end":{"line":62,"column":36}},"18":{"start":{"line":63,"column":4},"end":{"line":66,"column":8}},"19":{"start":{"line":63,"column":25},"end":{"line":66,"column":5}},"20":{"start":{"line":68,"column":4},"end":{"line":73,"column":5}},"21":{"start":{"line":69,"column":6},"end":{"line":72,"column":10}},"22":{"start":{"line":69,"column":30},"end":{"line":72,"column":7}},"23":{"start":{"line":76,"column":23},"end":{"line":96,"column":3}},"24":{"start":{"line":77,"column":4},"end":{"line":77,"column":23}},"25":{"start":{"line":80,"column":19},"end":{"line":80,"column":21}},"26":{"start":{"line":81,"column":4},"end":{"line":83,"column":5}},"27":{"start":{"line":82,"column":6},"end":{"line":82,"column":39}},"28":{"start":{"line":84,"column":4},"end":{"line":86,"column":5}},"29":{"start":{"line":85,"column":6},"end":{"line":85,"column":75}},"30":{"start":{"line":88,"column":4},"end":{"line":91,"column":5}},"31":{"start":{"line":89,"column":6},"end":{"line":89,"column":29}},"32":{"start":{"line":90,"column":6},"end":{"line":90,"column":13}},"33":{"start":{"line":94,"column":4},"end":{"line":94,"column":23}},"34":{"start":{"line":95,"column":4},"end":{"line":95,"column":25}},"35":{"start":{"line":98,"column":2},"end":{"line":161,"column":4}}},"fnMap":{"0":{"name":"(anonymous_0)","decl":{"start":{"line":14,"column":26},"end":{"line":14,"column":27}},"loc":{"start":{"line":20,"column":6},"end":{"line":162,"column":1}},"line":20},"1":{"name":"(anonymous_1)","decl":{"start":{"line":30,"column":12},"end":{"line":30,"column":13}},"loc":{"start":{"line":30,"column":18},"end":{"line":43,"column":3}},"line":30},"2":{"name":"(anonymous_2)","decl":{"start":{"line":46,"column":12},"end":{"line":46,"column":13}},"loc":{"start":{"line":46,"column":18},"end":{"line":59,"column":3}},"line":46},"3":{"name":"(anonymous_3)","decl":{"start":{"line":61,"column":28},"end":{"line":61,"column":29}},"loc":{"start":{"line":61,"column":35},"end":{"line":74,"column":3}},"line":61},"4":{"name":"(anonymous_4)","decl":{"start":{"line":63,"column":16},"end":{"line":63,"column":17}},"loc":{"start":{"line":63,"column":25},"end":{"line":66,"column":5}},"line":63},"5":{"name":"(anonymous_5)","decl":{"start":{"line":69,"column":21},"end":{"line":69,"column":22}},"loc":{"start":{"line":69,"column":30},"end":{"line":72,"column":7}},"line":69},"6":{"name":"(anonymous_6)","decl":{"start":{"line":76,"column":23},"end":{"line":76,"column":24}},"loc":{"start":{"line":76,"column":30},"end":{"line":96,"column":3}},"line":76}},"branchMap":{"0":{"loc":{"start":{"line":15,"column":2},"end":{"line":15,"column":20}},"type":"default-arg","locations":[{"start":{"line":15,"column":16},"end":{"line":15,"column":20}}],"line":15},"1":{"loc":{"start":{"line":18,"column":2},"end":{"line":18,"column":17}},"type":"default-arg","locations":[{"start":{"line":18,"column":12},"end":{"line":18,"column":17}}],"line":18},"2":{"loc":{"start":{"line":19,"column":2},"end":{"line":19,"column":14}},"type":"default-arg","locations":[{"start":{"line":19,"column":10},"end":{"line":19,"column":14}}],"line":19},"3":{"loc":{"start":{"line":31,"column":4},"end":{"line":41,"column":5}},"type":"if","locations":[{"start":{"line":31,"column":4},"end":{"line":41,"column":5}},{"start":{"line":36,"column":11},"end":{"line":41,"column":5}}],"line":31},"4":{"loc":{"start":{"line":33,"column":14},"end":{"line":33,"column":36}},"type":"binary-expr","locations":[{"start":{"line":33,"column":14},"end":{"line":33,"column":30}},{"start":{"line":33,"column":34},"end":{"line":33,"column":36}}],"line":33},"5":{"loc":{"start":{"line":34,"column":21},"end":{"line":34,"column":50}},"type":"binary-expr","locations":[{"start":{"line":34,"column":21},"end":{"line":34,"column":44}},{"start":{"line":34,"column":48},"end":{"line":34,"column":50}}],"line":34},"6":{"loc":{"start":{"line":47,"column":4},"end":{"line":58,"column":5}},"type":"if","locations":[{"start":{"line":47,"column":4},"end":{"line":58,"column":5}},{"start":{"line":55,"column":11},"end":{"line":58,"column":5}}],"line":47},"7":{"loc":{"start":{"line":47,"column":8},"end":{"line":47,"column":37}},"type":"binary-expr","locations":[{"start":{"line":47,"column":8},"end":{"line":47,"column":13}},{"start":{"line":47,"column":17},"end":{"line":47,"column":37}}],"line":47},"8":{"loc":{"start":{"line":49,"column":6},"end":{"line":54,"column":7}},"type":"if","locations":[{"start":{"line":49,"column":6},"end":{"line":54,"column":7}},{"start":{"line":51,"column":13},"end":{"line":54,"column":7}}],"line":49},"9":{"loc":{"start":{"line":49,"column":10},"end":{"line":49,"column":46}},"type":"binary-expr","locations":[{"start":{"line":49,"column":10},"end":{"line":49,"column":20}},{"start":{"line":49,"column":24},"end":{"line":49,"column":46}}],"line":49},"10":{"loc":{"start":{"line":53,"column":34},"end":{"line":53,"column":70}},"type":"binary-expr","locations":[{"start":{"line":53,"column":34},"end":{"line":53,"column":47}},{"start":{"line":53,"column":51},"end":{"line":53,"column":70}}],"line":53},"11":{"loc":{"start":{"line":55,"column":11},"end":{"line":58,"column":5}},"type":"if","locations":[{"start":{"line":55,"column":11},"end":{"line":58,"column":5}},{"start":{},"end":{}}],"line":55},"12":{"loc":{"start":{"line":55,"column":15},"end":{"line":55,"column":44}},"type":"binary-expr","locations":[{"start":{"line":55,"column":15},"end":{"line":55,"column":20}},{"start":{"line":55,"column":24},"end":{"line":55,"column":44}}],"line":55},"13":{"loc":{"start":{"line":68,"column":4},"end":{"line":73,"column":5}},"type":"if","locations":[{"start":{"line":68,"column":4},"end":{"line":73,"column":5}},{"start":{},"end":{}}],"line":68},"14":{"loc":{"start":{"line":81,"column":4},"end":{"line":83,"column":5}},"type":"if","locations":[{"start":{"line":81,"column":4},"end":{"line":83,"column":5}},{"start":{},"end":{}}],"line":81},"15":{"loc":{"start":{"line":84,"column":4},"end":{"line":86,"column":5}},"type":"if","locations":[{"start":{"line":84,"column":4},"end":{"line":86,"column":5}},{"start":{},"end":{}}],"line":84},"16":{"loc":{"start":{"line":88,"column":4},"end":{"line":91,"column":5}},"type":"if","locations":[{"start":{"line":88,"column":4},"end":{"line":91,"column":5}},{"start":{},"end":{}}],"line":88},"17":{"loc":{"start":{"line":101,"column":7},"end":{"line":105,"column":7}},"type":"binary-expr","locations":[{"start":{"line":101,"column":7},"end":{"line":101,"column":12}},{"start":{"line":101,"column":16},"end":{"line":101,"column":36}},{"start":{"line":101,"column":40},"end":{"line":101,"column":60}},{"start":{"line":102,"column":8},"end":{"line":104,"column":16}}],"line":101},"18":{"loc":{"start":{"line":136,"column":7},"end":{"line":140,"column":7}},"type":"binary-expr","locations":[{"start":{"line":136,"column":7},"end":{"line":136,"column":41}},{"start":{"line":137,"column":8},"end":{"line":139,"column":21}}],"line":136},"19":{"loc":{"start":{"line":155,"column":21},"end":{"line":155,"column":68}},"type":"cond-expr","locations":[{"start":{"line":155,"column":31},"end":{"line":155,"column":61}},{"start":{"line":155,"column":64},"end":{"line":155,"column":68}}],"line":155},"20":{"loc":{"start":{"line":157,"column":11},"end":{"line":157,"column":82}},"type":"cond-expr","locations":[{"start":{"line":157,"column":21},"end":{"line":157,"column":33}},{"start":{"line":157,"column":36},"end":{"line":157,"column":82}}],"line":157},"21":{"loc":{"start":{"line":157,"column":36},"end":{"line":157,"column":82}},"type":"cond-expr","locations":[{"start":{"line":157,"column":49},"end":{"line":157,"column":64}},{"start":{"line":157,"column":67},"end":{"line":157,"column":82}}],"line":157}},"s":{"0":0,"1":0,"2":0,"3":0,"4":0,"5":0,"6":0,"7":0,"8":0,"9":0,"10":0,"11":0,"12":0,"13":0,"14":0,"15":0,"16":0,"17":0,"18":0,"19":0,"20":0,"21":0,"22":0,"23":0,"24":0,"25":0,"26":0,"27":0,"28":0,"29":0,"30":0,"31":0,"32":0,"33":0,"34":0,"35":0},"f":{"0":0,"1":0,"2":0,"3":0,"4":0,"5":0,"6":0},"b":{"0":[0],"1":[0],"2":[0],"3":[0,0],"4":[0,0],"5":[0,0],"6":[0,0],"7":[0,0],"8":[0,0],"9":[0,0],"10":[0,0],"11":[0,0],"12":[0,0],"13":[0,0],"14":[0,0],"15":[0,0],"16":[0,0],"17":[0,0,0,0],"18":[0,0],"19":[0,0],"20":[0,0],"21":[0,0]}}
,"/home/seplos/mockfact/movkfact-frontend/src/components/DomainTable.jsx": {"path":"/home/seplos/mockfact/movkfact-frontend/src/components/DomainTable.jsx","statementMap":{"0":{"start":{"line":33,"column":27},"end":{"line":272,"column":1}},"1":{"start":{"line":43,"column":16},"end":{"line":43,"column":26}},"2":{"start":{"line":44,"column":19},"end":{"line":44,"column":62}},"3":{"start":{"line":47,"column":26},"end":{"line":49,"column":3}},"4":{"start":{"line":48,"column":4},"end":{"line":48,"column":64}},"5":{"start":{"line":52,"column":21},"end":{"line":59,"column":3}},"6":{"start":{"line":53,"column":4},"end":{"line":53,"column":34}},"7":{"start":{"line":53,"column":21},"end":{"line":53,"column":34}},"8":{"start":{"line":54,"column":4},"end":{"line":58,"column":7}},"9":{"start":{"line":61,"column":2},"end":{"line":90,"column":3}},"10":{"start":{"line":62,"column":4},"end":{"line":89,"column":6}},"11":{"start":{"line":77,"column":14},"end":{"line":84,"column":25}},"12":{"start":{"line":92,"column":2},"end":{"line":102,"column":3}},"13":{"start":{"line":93,"column":4},"end":{"line":101,"column":6}},"14":{"start":{"line":105,"column":2},"end":{"line":179,"column":3}},"15":{"start":{"line":106,"column":4},"end":{"line":178,"column":6}},"16":{"start":{"line":109,"column":10},"end":{"line":175,"column":17}},"17":{"start":{"line":130,"column":37},"end":{"line":130,"column":61}},"18":{"start":{"line":140,"column":35},"end":{"line":140,"column":60}},"19":{"start":{"line":150,"column":35},"end":{"line":150,"column":53}},"20":{"start":{"line":159,"column":35},"end":{"line":159,"column":51}},"21":{"start":{"line":167,"column":35},"end":{"line":167,"column":53}},"22":{"start":{"line":182,"column":2},"end":{"line":271,"column":4}},"23":{"start":{"line":197,"column":12},"end":{"line":266,"column":23}},"24":{"start":{"line":224,"column":35},"end":{"line":224,"column":60}},"25":{"start":{"line":233,"column":35},"end":{"line":233,"column":59}},"26":{"start":{"line":242,"column":35},"end":{"line":242,"column":53}},"27":{"start":{"line":251,"column":35},"end":{"line":251,"column":51}},"28":{"start":{"line":260,"column":35},"end":{"line":260,"column":53}}},"fnMap":{"0":{"name":"(anonymous_0)","decl":{"start":{"line":33,"column":27},"end":{"line":33,"column":28}},"loc":{"start":{"line":42,"column":6},"end":{"line":272,"column":1}},"line":42},"1":{"name":"(anonymous_1)","decl":{"start":{"line":47,"column":41},"end":{"line":47,"column":42}},"loc":{"start":{"line":48,"column":4},"end":{"line":48,"column":64}},"line":48},"2":{"name":"(anonymous_2)","decl":{"start":{"line":52,"column":21},"end":{"line":52,"column":22}},"loc":{"start":{"line":52,"column":37},"end":{"line":59,"column":3}},"line":52},"3":{"name":"(anonymous_3)","decl":{"start":{"line":76,"column":27},"end":{"line":76,"column":28}},"loc":{"start":{"line":77,"column":14},"end":{"line":84,"column":25}},"line":77},"4":{"name":"(anonymous_4)","decl":{"start":{"line":108,"column":29},"end":{"line":108,"column":30}},"loc":{"start":{"line":109,"column":10},"end":{"line":175,"column":17}},"line":109},"5":{"name":"(anonymous_5)","decl":{"start":{"line":130,"column":31},"end":{"line":130,"column":32}},"loc":{"start":{"line":130,"column":37},"end":{"line":130,"column":61}},"line":130},"6":{"name":"(anonymous_6)","decl":{"start":{"line":140,"column":29},"end":{"line":140,"column":30}},"loc":{"start":{"line":140,"column":35},"end":{"line":140,"column":60}},"line":140},"7":{"name":"(anonymous_7)","decl":{"start":{"line":150,"column":29},"end":{"line":150,"column":30}},"loc":{"start":{"line":150,"column":35},"end":{"line":150,"column":53}},"line":150},"8":{"name":"(anonymous_8)","decl":{"start":{"line":159,"column":29},"end":{"line":159,"column":30}},"loc":{"start":{"line":159,"column":35},"end":{"line":159,"column":51}},"line":159},"9":{"name":"(anonymous_9)","decl":{"start":{"line":167,"column":29},"end":{"line":167,"column":30}},"loc":{"start":{"line":167,"column":35},"end":{"line":167,"column":53}},"line":167},"10":{"name":"(anonymous_10)","decl":{"start":{"line":196,"column":31},"end":{"line":196,"column":32}},"loc":{"start":{"line":197,"column":12},"end":{"line":266,"column":23}},"line":197},"11":{"name":"(anonymous_11)","decl":{"start":{"line":224,"column":29},"end":{"line":224,"column":30}},"loc":{"start":{"line":224,"column":35},"end":{"line":224,"column":60}},"line":224},"12":{"name":"(anonymous_12)","decl":{"start":{"line":233,"column":29},"end":{"line":233,"column":30}},"loc":{"start":{"line":233,"column":35},"end":{"line":233,"column":59}},"line":233},"13":{"name":"(anonymous_13)","decl":{"start":{"line":242,"column":29},"end":{"line":242,"column":30}},"loc":{"start":{"line":242,"column":35},"end":{"line":242,"column":53}},"line":242},"14":{"name":"(anonymous_14)","decl":{"start":{"line":251,"column":29},"end":{"line":251,"column":30}},"loc":{"start":{"line":251,"column":35},"end":{"line":251,"column":51}},"line":251},"15":{"name":"(anonymous_15)","decl":{"start":{"line":260,"column":29},"end":{"line":260,"column":30}},"loc":{"start":{"line":260,"column":35},"end":{"line":260,"column":53}},"line":260}},"branchMap":{"0":{"loc":{"start":{"line":34,"column":2},"end":{"line":34,"column":14}},"type":"default-arg","locations":[{"start":{"line":34,"column":12},"end":{"line":34,"column":14}}],"line":34},"1":{"loc":{"start":{"line":40,"column":2},"end":{"line":40,"column":17}},"type":"default-arg","locations":[{"start":{"line":40,"column":12},"end":{"line":40,"column":17}}],"line":40},"2":{"loc":{"start":{"line":41,"column":2},"end":{"line":41,"column":17}},"type":"default-arg","locations":[{"start":{"line":41,"column":15},"end":{"line":41,"column":17}}],"line":41},"3":{"loc":{"start":{"line":53,"column":4},"end":{"line":53,"column":34}},"type":"if","locations":[{"start":{"line":53,"column":4},"end":{"line":53,"column":34}},{"start":{},"end":{}}],"line":53},"4":{"loc":{"start":{"line":61,"column":2},"end":{"line":90,"column":3}},"type":"if","locations":[{"start":{"line":61,"column":2},"end":{"line":90,"column":3}},{"start":{},"end":{}}],"line":61},"5":{"loc":{"start":{"line":70,"column":15},"end":{"line":70,"column":82}},"type":"binary-expr","locations":[{"start":{"line":70,"column":15},"end":{"line":70,"column":24}},{"start":{"line":70,"column":28},"end":{"line":70,"column":82}}],"line":70},"6":{"loc":{"start":{"line":81,"column":17},"end":{"line":81,"column":91}},"type":"binary-expr","locations":[{"start":{"line":81,"column":17},"end":{"line":81,"column":26}},{"start":{"line":81,"column":30},"end":{"line":81,"column":91}}],"line":81},"7":{"loc":{"start":{"line":92,"column":2},"end":{"line":102,"column":3}},"type":"if","locations":[{"start":{"line":92,"column":2},"end":{"line":102,"column":3}},{"start":{},"end":{}}],"line":92},"8":{"loc":{"start":{"line":96,"column":11},"end":{"line":98,"column":45}},"type":"cond-expr","locations":[{"start":{"line":97,"column":14},"end":{"line":97,"column":58}},{"start":{"line":98,"column":14},"end":{"line":98,"column":45}}],"line":96},"9":{"loc":{"start":{"line":105,"column":2},"end":{"line":179,"column":3}},"type":"if","locations":[{"start":{"line":105,"column":2},"end":{"line":179,"column":3}},{"start":{},"end":{}}],"line":105},"10":{"loc":{"start":{"line":116,"column":19},"end":{"line":116,"column":57}},"type":"binary-expr","locations":[{"start":{"line":116,"column":19},"end":{"line":116,"column":37}},{"start":{"line":116,"column":41},"end":{"line":116,"column":57}}],"line":116},"11":{"loc":{"start":{"line":190,"column":13},"end":{"line":190,"column":80}},"type":"binary-expr","locations":[{"start":{"line":190,"column":13},"end":{"line":190,"column":22}},{"start":{"line":190,"column":26},"end":{"line":190,"column":80}}],"line":190},"12":{"loc":{"start":{"line":200,"column":17},"end":{"line":200,"column":89}},"type":"cond-expr","locations":[{"start":{"line":200,"column":38},"end":{"line":200,"column":81}},{"start":{"line":200,"column":84},"end":{"line":200,"column":89}}],"line":200},"13":{"loc":{"start":{"line":204,"column":25},"end":{"line":204,"column":49}},"type":"binary-expr","locations":[{"start":{"line":204,"column":25},"end":{"line":204,"column":44}},{"start":{"line":204,"column":48},"end":{"line":204,"column":49}}],"line":204},"14":{"loc":{"start":{"line":210,"column":15},"end":{"line":212,"column":15}},"type":"binary-expr","locations":[{"start":{"line":210,"column":15},"end":{"line":210,"column":24}},{"start":{"line":211,"column":16},"end":{"line":211,"column":73}}],"line":210},"15":{"loc":{"start":{"line":215,"column":30},"end":{"line":215,"column":66}},"type":"binary-expr","locations":[{"start":{"line":215,"column":30},"end":{"line":215,"column":57}},{"start":{"line":215,"column":61},"end":{"line":215,"column":66}}],"line":215},"16":{"loc":{"start":{"line":216,"column":28},"end":{"line":216,"column":62}},"type":"binary-expr","locations":[{"start":{"line":216,"column":28},"end":{"line":216,"column":53}},{"start":{"line":216,"column":57},"end":{"line":216,"column":62}}],"line":216},"17":{"loc":{"start":{"line":217,"column":26},"end":{"line":217,"column":58}},"type":"binary-expr","locations":[{"start":{"line":217,"column":26},"end":{"line":217,"column":49}},{"start":{"line":217,"column":53},"end":{"line":217,"column":58}}],"line":217}},"s":{"0":0,"1":0,"2":0,"3":0,"4":0,"5":0,"6":0,"7":0,"8":0,"9":0,"10":0,"11":0,"12":0,"13":0,"14":0,"15":0,"16":0,"17":0,"18":0,"19":0,"20":0,"21":0,"22":0,"23":0,"24":0,"25":0,"26":0,"27":0,"28":0},"f":{"0":0,"1":0,"2":0,"3":0,"4":0,"5":0,"6":0,"7":0,"8":0,"9":0,"10":0,"11":0,"12":0,"13":0,"14":0,"15":0},"b":{"0":[0],"1":[0],"2":[0],"3":[0,0],"4":[0,0],"5":[0,0],"6":[0,0],"7":[0,0],"8":[0,0],"9":[0,0],"10":[0,0],"11":[0,0],"12":[0,0],"13":[0,0],"14":[0,0],"15":[0,0],"16":[0,0],"17":[0,0]}}
,"/home/seplos/mockfact/movkfact-frontend/src/components/SearchBar.jsx": {"path":"/home/seplos/mockfact/movkfact-frontend/src/components/SearchBar.jsx","statementMap":{"0":{"start":{"line":11,"column":25},"end":{"line":82,"column":1}},"1":{"start":{"line":12,"column":30},"end":{"line":12,"column":48}},"2":{"start":{"line":13,"column":40},"end":{"line":13,"column":66}},"3":{"start":{"line":16,"column":27},"end":{"line":16,"column":39}},"4":{"start":{"line":17,"column":23},"end":{"line":17,"column":35}},"5":{"start":{"line":20,"column":29},"end":{"line":39,"column":16}},"6":{"start":{"line":21,"column":18},"end":{"line":21,"column":32}},"7":{"start":{"line":22,"column":4},"end":{"line":22,"column":26}},"8":{"start":{"line":25,"column":4},"end":{"line":27,"column":5}},"9":{"start":{"line":26,"column":6},"end":{"line":26,"column":45}},"10":{"start":{"line":30,"column":4},"end":{"line":38,"column":12}},"11":{"start":{"line":32,"column":6},"end":{"line":37,"column":7}},"12":{"start":{"line":33,"column":8},"end":{"line":36,"column":11}},"13":{"start":{"line":42,"column":22},"end":{"line":54,"column":16}},"14":{"start":{"line":43,"column":4},"end":{"line":43,"column":23}},"15":{"start":{"line":44,"column":4},"end":{"line":46,"column":5}},"16":{"start":{"line":45,"column":6},"end":{"line":45,"column":45}},"17":{"start":{"line":48,"column":4},"end":{"line":53,"column":5}},"18":{"start":{"line":49,"column":6},"end":{"line":52,"column":9}},"19":{"start":{"line":57,"column":2},"end":{"line":64,"column":9}},"20":{"start":{"line":58,"column":4},"end":{"line":63,"column":6}},"21":{"start":{"line":59,"column":6},"end":{"line":59,"column":35}},"22":{"start":{"line":60,"column":6},"end":{"line":62,"column":7}},"23":{"start":{"line":61,"column":8},"end":{"line":61,"column":47}},"24":{"start":{"line":66,"column":2},"end":{"line":81,"column":4}}},"fnMap":{"0":{"name":"(anonymous_0)","decl":{"start":{"line":11,"column":25},"end":{"line":11,"column":26}},"loc":{"start":{"line":11,"column":31},"end":{"line":82,"column":1}},"line":11},"1":{"name":"(anonymous_1)","decl":{"start":{"line":20,"column":41},"end":{"line":20,"column":42}},"loc":{"start":{"line":20,"column":48},"end":{"line":39,"column":3}},"line":20},"2":{"name":"(anonymous_2)","decl":{"start":{"line":30,"column":42},"end":{"line":30,"column":43}},"loc":{"start":{"line":30,"column":48},"end":{"line":38,"column":5}},"line":30},"3":{"name":"(anonymous_3)","decl":{"start":{"line":42,"column":34},"end":{"line":42,"column":35}},"loc":{"start":{"line":42,"column":40},"end":{"line":54,"column":3}},"line":42},"4":{"name":"(anonymous_4)","decl":{"start":{"line":57,"column":12},"end":{"line":57,"column":13}},"loc":{"start":{"line":57,"column":18},"end":{"line":64,"column":3}},"line":57},"5":{"name":"(anonymous_5)","decl":{"start":{"line":58,"column":11},"end":{"line":58,"column":12}},"loc":{"start":{"line":58,"column":17},"end":{"line":63,"column":5}},"line":58}},"branchMap":{"0":{"loc":{"start":{"line":25,"column":4},"end":{"line":27,"column":5}},"type":"if","locations":[{"start":{"line":25,"column":4},"end":{"line":27,"column":5}},{"start":{},"end":{}}],"line":25},"1":{"loc":{"start":{"line":32,"column":6},"end":{"line":37,"column":7}},"type":"if","locations":[{"start":{"line":32,"column":6},"end":{"line":37,"column":7}},{"start":{},"end":{}}],"line":32},"2":{"loc":{"start":{"line":44,"column":4},"end":{"line":46,"column":5}},"type":"if","locations":[{"start":{"line":44,"column":4},"end":{"line":46,"column":5}},{"start":{},"end":{}}],"line":44},"3":{"loc":{"start":{"line":48,"column":4},"end":{"line":53,"column":5}},"type":"if","locations":[{"start":{"line":48,"column":4},"end":{"line":53,"column":5}},{"start":{},"end":{}}],"line":48},"4":{"loc":{"start":{"line":60,"column":6},"end":{"line":62,"column":7}},"type":"if","locations":[{"start":{"line":60,"column":6},"end":{"line":62,"column":7}},{"start":{},"end":{}}],"line":60},"5":{"loc":{"start":{"line":75,"column":7},"end":{"line":79,"column":7}},"type":"binary-expr","locations":[{"start":{"line":75,"column":7},"end":{"line":75,"column":18}},{"start":{"line":76,"column":8},"end":{"line":78,"column":21}}],"line":75}},"s":{"0":0,"1":0,"2":0,"3":0,"4":0,"5":0,"6":0,"7":0,"8":0,"9":0,"10":0,"11":0,"12":0,"13":0,"14":0,"15":0,"16":0,"17":0,"18":0,"19":0,"20":0,"21":0,"22":0,"23":0,"24":0},"f":{"0":0,"1":0,"2":0,"3":0,"4":0,"5":0},"b":{"0":[0,0],"1":[0,0],"2":[0,0],"3":[0,0],"4":[0,0],"5":[0,0]}}
,"/home/seplos/mockfact/movkfact-frontend/src/components/StatCard.jsx": {"path":"/home/seplos/mockfact/movkfact-frontend/src/components/StatCard.jsx","statementMap":{"0":{"start":{"line":4,"column":17},"end":{"line":18,"column":1}},"1":{"start":{"line":5,"column":2},"end":{"line":17,"column":4}}},"fnMap":{"0":{"name":"(anonymous_0)","decl":{"start":{"line":4,"column":17},"end":{"line":4,"column":18}},"loc":{"start":{"line":4,"column":45},"end":{"line":18,"column":1}},"line":4}},"branchMap":{},"s":{"0":0,"1":0},"f":{"0":0},"b":{}}
,"/home/seplos/mockfact/movkfact-frontend/src/components/ApiReference/CrudTab.jsx": {"path":"/home/seplos/mockfact/movkfact-frontend/src/components/ApiReference/CrudTab.jsx","statementMap":{"0":{"start":{"line":5,"column":18},"end":{"line":64,"column":1}},"1":{"start":{"line":67,"column":2},"end":{"line":81,"column":4}},"2":{"start":{"line":73,"column":8},"end":{"line":78,"column":10}}},"fnMap":{"0":{"name":"CrudTab","decl":{"start":{"line":66,"column":24},"end":{"line":66,"column":31}},"loc":{"start":{"line":66,"column":71},"end":{"line":82,"column":1}},"line":66},"1":{"name":"(anonymous_1)","decl":{"start":{"line":72,"column":21},"end":{"line":72,"column":22}},"loc":{"start":{"line":73,"column":8},"end":{"line":78,"column":10}},"line":73}},"branchMap":{},"s":{"0":0,"1":0,"2":0},"f":{"0":0,"1":0},"b":{}}
,"/home/seplos/mockfact/movkfact-frontend/src/components/ApiReference/EndpointCard.jsx": {"path":"/home/seplos/mockfact/movkfact-frontend/src/components/ApiReference/EndpointCard.jsx","statementMap":{"0":{"start":{"line":11,"column":22},"end":{"line":16,"column":1}},"1":{"start":{"line":19,"column":12},"end":{"line":19,"column":51}},"2":{"start":{"line":20,"column":2},"end":{"line":20,"column":188}},"3":{"start":{"line":20,"column":31},"end":{"line":20,"column":188}},"4":{"start":{"line":21,"column":2},"end":{"line":21,"column":113}},"5":{"start":{"line":21,"column":69},"end":{"line":21,"column":113}},"6":{"start":{"line":22,"column":2},"end":{"line":22,"column":13}},"7":{"start":{"line":26,"column":26},"end":{"line":26,"column":41}},"8":{"start":{"line":27,"column":24},"end":{"line":27,"column":100}},"9":{"start":{"line":27,"column":39},"end":{"line":27,"column":99}},"10":{"start":{"line":28,"column":26},"end":{"line":28,"column":62}},"11":{"start":{"line":29,"column":34},"end":{"line":29,"column":48}},"12":{"start":{"line":30,"column":32},"end":{"line":30,"column":47}},"13":{"start":{"line":32,"column":17},"end":{"line":32,"column":72}},"14":{"start":{"line":34,"column":24},"end":{"line":60,"column":3}},"15":{"start":{"line":35,"column":4},"end":{"line":35,"column":21}},"16":{"start":{"line":36,"column":4},"end":{"line":36,"column":22}},"17":{"start":{"line":37,"column":15},"end":{"line":37,"column":32}},"18":{"start":{"line":38,"column":4},"end":{"line":59,"column":5}},"19":{"start":{"line":40,"column":19},"end":{"line":40,"column":62}},"20":{"start":{"line":41,"column":22},"end":{"line":41,"column":70}},"21":{"start":{"line":42,"column":18},"end":{"line":47,"column":8}},"22":{"start":{"line":45,"column":30},"end":{"line":45,"column":34}},"23":{"start":{"line":48,"column":25},"end":{"line":48,"column":59}},"24":{"start":{"line":49,"column":6},"end":{"line":54,"column":9}},"25":{"start":{"line":56,"column":6},"end":{"line":56,"column":125}},"26":{"start":{"line":58,"column":6},"end":{"line":58,"column":24}},"27":{"start":{"line":62,"column":17},"end":{"line":62,"column":68}},"28":{"start":{"line":64,"column":2},"end":{"line":193,"column":4}},"29":{"start":{"line":102,"column":27},"end":{"line":102,"column":43}},"30":{"start":{"line":102,"column":40},"end":{"line":102,"column":42}},"31":{"start":{"line":131,"column":31},"end":{"line":131,"column":53}},"32":{"start":{"line":155,"column":33},"end":{"line":155,"column":56}}},"fnMap":{"0":{"name":"buildDefaultUrl","decl":{"start":{"line":18,"column":9},"end":{"line":18,"column":24}},"loc":{"start":{"line":18,"column":70},"end":{"line":23,"column":1}},"line":18},"1":{"name":"EndpointCard","decl":{"start":{"line":25,"column":24},"end":{"line":25,"column":36}},"loc":{"start":{"line":25,"column":86},"end":{"line":194,"column":1}},"line":25},"2":{"name":"(anonymous_2)","decl":{"start":{"line":27,"column":33},"end":{"line":27,"column":34}},"loc":{"start":{"line":27,"column":39},"end":{"line":27,"column":99}},"line":27},"3":{"name":"(anonymous_3)","decl":{"start":{"line":34,"column":24},"end":{"line":34,"column":25}},"loc":{"start":{"line":34,"column":36},"end":{"line":60,"column":3}},"line":34},"4":{"name":"(anonymous_4)","decl":{"start":{"line":45,"column":24},"end":{"line":45,"column":25}},"loc":{"start":{"line":45,"column":30},"end":{"line":45,"column":34}},"line":45},"5":{"name":"(anonymous_5)","decl":{"start":{"line":102,"column":21},"end":{"line":102,"column":22}},"loc":{"start":{"line":102,"column":27},"end":{"line":102,"column":43}},"line":102},"6":{"name":"(anonymous_6)","decl":{"start":{"line":102,"column":35},"end":{"line":102,"column":36}},"loc":{"start":{"line":102,"column":40},"end":{"line":102,"column":42}},"line":102},"7":{"name":"(anonymous_7)","decl":{"start":{"line":131,"column":26},"end":{"line":131,"column":27}},"loc":{"start":{"line":131,"column":31},"end":{"line":131,"column":53}},"line":131},"8":{"name":"(anonymous_8)","decl":{"start":{"line":155,"column":28},"end":{"line":155,"column":29}},"loc":{"start":{"line":155,"column":33},"end":{"line":155,"column":56}},"line":155}},"branchMap":{"0":{"loc":{"start":{"line":20,"column":2},"end":{"line":20,"column":188}},"type":"if","locations":[{"start":{"line":20,"column":2},"end":{"line":20,"column":188}},{"start":{},"end":{}}],"line":20},"1":{"loc":{"start":{"line":20,"column":96},"end":{"line":20,"column":186}},"type":"cond-expr","locations":[{"start":{"line":20,"column":131},"end":{"line":20,"column":146}},{"start":{"line":20,"column":150},"end":{"line":20,"column":185}}],"line":20},"2":{"loc":{"start":{"line":20,"column":150},"end":{"line":20,"column":185}},"type":"binary-expr","locations":[{"start":{"line":20,"column":150},"end":{"line":20,"column":166}},{"start":{"line":20,"column":170},"end":{"line":20,"column":185}}],"line":20},"3":{"loc":{"start":{"line":21,"column":2},"end":{"line":21,"column":113}},"type":"if","locations":[{"start":{"line":21,"column":2},"end":{"line":21,"column":113}},{"start":{},"end":{}}],"line":21},"4":{"loc":{"start":{"line":21,"column":6},"end":{"line":21,"column":67}},"type":"binary-expr","locations":[{"start":{"line":21,"column":6},"end":{"line":21,"column":30}},{"start":{"line":21,"column":34},"end":{"line":21,"column":67}}],"line":21},"5":{"loc":{"start":{"line":28,"column":35},"end":{"line":28,"column":61}},"type":"binary-expr","locations":[{"start":{"line":28,"column":35},"end":{"line":28,"column":55}},{"start":{"line":28,"column":59},"end":{"line":28,"column":61}}],"line":28},"6":{"loc":{"start":{"line":32,"column":17},"end":{"line":32,"column":72}},"type":"binary-expr","locations":[{"start":{"line":32,"column":17},"end":{"line":32,"column":42}},{"start":{"line":32,"column":46},"end":{"line":32,"column":72}}],"line":32},"7":{"loc":{"start":{"line":40,"column":19},"end":{"line":40,"column":62}},"type":"binary-expr","locations":[{"start":{"line":40,"column":19},"end":{"line":40,"column":55}},{"start":{"line":40,"column":59},"end":{"line":40,"column":62}}],"line":40},"8":{"loc":{"start":{"line":41,"column":22},"end":{"line":41,"column":70}},"type":"binary-expr","locations":[{"start":{"line":41,"column":22},"end":{"line":41,"column":48}},{"start":{"line":41,"column":52},"end":{"line":41,"column":70}}],"line":41},"9":{"loc":{"start":{"line":46,"column":12},"end":{"line":46,"column":98}},"type":"binary-expr","locations":[{"start":{"line":46,"column":12},"end":{"line":46,"column":19}},{"start":{"line":46,"column":23},"end":{"line":46,"column":98}}],"line":46},"10":{"loc":{"start":{"line":62,"column":17},"end":{"line":62,"column":68}},"type":"binary-expr","locations":[{"start":{"line":62,"column":17},"end":{"line":62,"column":40}},{"start":{"line":62,"column":44},"end":{"line":62,"column":68}}],"line":62},"11":{"loc":{"start":{"line":87,"column":17},"end":{"line":87,"column":60}},"type":"binary-expr","locations":[{"start":{"line":87,"column":17},"end":{"line":87,"column":47}},{"start":{"line":87,"column":51},"end":{"line":87,"column":60}}],"line":87},"12":{"loc":{"start":{"line":97,"column":9},"end":{"line":107,"column":9}},"type":"binary-expr","locations":[{"start":{"line":97,"column":9},"end":{"line":97,"column":15}},{"start":{"line":98,"column":10},"end":{"line":106,"column":19}}],"line":97},"13":{"loc":{"start":{"line":101,"column":21},"end":{"line":101,"column":67}},"type":"cond-expr","locations":[{"start":{"line":101,"column":28},"end":{"line":101,"column":46}},{"start":{"line":101,"column":49},"end":{"line":101,"column":67}}],"line":101},"14":{"loc":{"start":{"line":111,"column":7},"end":{"line":117,"column":7}},"type":"binary-expr","locations":[{"start":{"line":111,"column":7},"end":{"line":111,"column":22}},{"start":{"line":112,"column":8},"end":{"line":116,"column":14}}],"line":111},"15":{"loc":{"start":{"line":120,"column":7},"end":{"line":191,"column":7}},"type":"binary-expr","locations":[{"start":{"line":120,"column":7},"end":{"line":120,"column":13}},{"start":{"line":120,"column":17},"end":{"line":120,"column":21}},{"start":{"line":121,"column":8},"end":{"line":190,"column":16}}],"line":120},"16":{"loc":{"start":{"line":122,"column":13},"end":{"line":126,"column":13}},"type":"binary-expr","locations":[{"start":{"line":122,"column":13},"end":{"line":122,"column":19}},{"start":{"line":123,"column":14},"end":{"line":125,"column":22}}],"line":122},"17":{"loc":{"start":{"line":139,"column":27},"end":{"line":139,"column":103}},"type":"cond-expr","locations":[{"start":{"line":139,"column":37},"end":{"line":139,"column":83}},{"start":{"line":139,"column":86},"end":{"line":139,"column":103}}],"line":139},"18":{"loc":{"start":{"line":148,"column":13},"end":{"line":165,"column":13}},"type":"binary-expr","locations":[{"start":{"line":148,"column":13},"end":{"line":148,"column":39}},{"start":{"line":149,"column":14},"end":{"line":164,"column":20}}],"line":148},"19":{"loc":{"start":{"line":167,"column":13},"end":{"line":189,"column":13}},"type":"binary-expr","locations":[{"start":{"line":167,"column":13},"end":{"line":167,"column":21}},{"start":{"line":168,"column":14},"end":{"line":188,"column":20}}],"line":167},"20":{"loc":{"start":{"line":169,"column":53},"end":{"line":169,"column":132}},"type":"cond-expr","locations":[{"start":{"line":169,"column":103},"end":{"line":169,"column":117}},{"start":{"line":169,"column":120},"end":{"line":169,"column":132}}],"line":169},"21":{"loc":{"start":{"line":169,"column":53},"end":{"line":169,"column":100}},"type":"binary-expr","locations":[{"start":{"line":169,"column":53},"end":{"line":169,"column":75}},{"start":{"line":169,"column":79},"end":{"line":169,"column":100}}],"line":169}},"s":{"0":0,"1":0,"2":0,"3":0,"4":0,"5":0,"6":0,"7":0,"8":0,"9":0,"10":0,"11":0,"12":0,"13":0,"14":0,"15":0,"16":0,"17":0,"18":0,"19":0,"20":0,"21":0,"22":0,"23":0,"24":0,"25":0,"26":0,"27":0,"28":0,"29":0,"30":0,"31":0,"32":0},"f":{"0":0,"1":0,"2":0,"3":0,"4":0,"5":0,"6":0,"7":0,"8":0},"b":{"0":[0,0],"1":[0,0],"2":[0,0],"3":[0,0],"4":[0,0],"5":[0,0],"6":[0,0],"7":[0,0],"8":[0,0],"9":[0,0],"10":[0,0],"11":[0,0],"12":[0,0],"13":[0,0],"14":[0,0],"15":[0,0,0],"16":[0,0],"17":[0,0],"18":[0,0],"19":[0,0],"20":[0,0],"21":[0,0]}}
,"/home/seplos/mockfact/movkfact-frontend/src/components/ApiReference/ExtractionTab.jsx": {"path":"/home/seplos/mockfact/movkfact-frontend/src/components/ApiReference/ExtractionTab.jsx","statementMap":{"0":{"start":{"line":13,"column":36},"end":{"line":13,"column":48}},"1":{"start":{"line":14,"column":26},"end":{"line":14,"column":42}},"2":{"start":{"line":15,"column":30},"end":{"line":15,"column":46}},"3":{"start":{"line":16,"column":30},"end":{"line":16,"column":42}},"4":{"start":{"line":17,"column":28},"end":{"line":17,"column":40}},"5":{"start":{"line":18,"column":32},"end":{"line":18,"column":47}},"6":{"start":{"line":19,"column":28},"end":{"line":19,"column":42}},"7":{"start":{"line":20,"column":40},"end":{"line":20,"column":54}},"8":{"start":{"line":22,"column":19},"end":{"line":28,"column":46}},"9":{"start":{"line":23,"column":4},"end":{"line":23,"column":62}},"10":{"start":{"line":23,"column":20},"end":{"line":23,"column":62}},"11":{"start":{"line":24,"column":14},"end":{"line":24,"column":80}},"12":{"start":{"line":25,"column":4},"end":{"line":25,"column":66}},"13":{"start":{"line":25,"column":39},"end":{"line":25,"column":66}},"14":{"start":{"line":26,"column":4},"end":{"line":26,"column":52}},"15":{"start":{"line":26,"column":27},"end":{"line":26,"column":52}},"16":{"start":{"line":27,"column":4},"end":{"line":27,"column":24}},"17":{"start":{"line":30,"column":20},"end":{"line":35,"column":3}},"18":{"start":{"line":31,"column":14},"end":{"line":31,"column":80}},"19":{"start":{"line":32,"column":4},"end":{"line":32,"column":66}},"20":{"start":{"line":32,"column":39},"end":{"line":32,"column":66}},"21":{"start":{"line":33,"column":4},"end":{"line":33,"column":52}},"22":{"start":{"line":33,"column":27},"end":{"line":33,"column":52}},"23":{"start":{"line":34,"column":4},"end":{"line":34,"column":15}},"24":{"start":{"line":37,"column":25},"end":{"line":56,"column":3}},"25":{"start":{"line":38,"column":4},"end":{"line":38,"column":27}},"26":{"start":{"line":38,"column":20},"end":{"line":38,"column":27}},"27":{"start":{"line":39,"column":4},"end":{"line":39,"column":21}},"28":{"start":{"line":40,"column":4},"end":{"line":40,"column":19}},"29":{"start":{"line":41,"column":4},"end":{"line":55,"column":5}},"30":{"start":{"line":42,"column":18},"end":{"line":42,"column":72}},"31":{"start":{"line":43,"column":18},"end":{"line":43,"column":51}},"32":{"start":{"line":44,"column":19},"end":{"line":44,"column":39}},"33":{"start":{"line":45,"column":19},"end":{"line":45,"column":44}},"34":{"start":{"line":46,"column":16},"end":{"line":46,"column":43}},"35":{"start":{"line":47,"column":6},"end":{"line":47,"column":20}},"36":{"start":{"line":48,"column":6},"end":{"line":48,"column":49}},"37":{"start":{"line":49,"column":6},"end":{"line":49,"column":16}},"38":{"start":{"line":50,"column":6},"end":{"line":50,"column":32}},"39":{"start":{"line":52,"column":6},"end":{"line":52,"column":55}},"40":{"start":{"line":54,"column":6},"end":{"line":54,"column":24}},"41":{"start":{"line":58,"column":24},"end":{"line":73,"column":3}},"42":{"start":{"line":59,"column":4},"end":{"line":59,"column":27}},"43":{"start":{"line":59,"column":20},"end":{"line":59,"column":27}},"44":{"start":{"line":60,"column":4},"end":{"line":60,"column":21}},"45":{"start":{"line":61,"column":4},"end":{"line":61,"column":19}},"46":{"start":{"line":62,"column":4},"end":{"line":62,"column":25}},"47":{"start":{"line":63,"column":4},"end":{"line":72,"column":5}},"48":{"start":{"line":64,"column":18},"end":{"line":64,"column":84}},"49":{"start":{"line":65,"column":19},"end":{"line":65,"column":27}},"50":{"start":{"line":66,"column":19},"end":{"line":66,"column":81}},"51":{"start":{"line":67,"column":6},"end":{"line":67,"column":40}},"52":{"start":{"line":69,"column":6},"end":{"line":69,"column":55}},"53":{"start":{"line":71,"column":6},"end":{"line":71,"column":24}},"54":{"start":{"line":75,"column":25},"end":{"line":77,"column":8}},"55":{"start":{"line":79,"column":2},"end":{"line":211,"column":4}},"56":{"start":{"line":92,"column":25},"end":{"line":92,"column":53}},"57":{"start":{"line":99,"column":12},"end":{"line":99,"column":82}},"58":{"start":{"line":107,"column":52},"end":{"line":107,"column":75}},"59":{"start":{"line":118,"column":25},"end":{"line":118,"column":50}},"60":{"start":{"line":128,"column":25},"end":{"line":128,"column":57}},"61":{"start":{"line":138,"column":46},"end":{"line":138,"column":71}},"62":{"start":{"line":191,"column":18},"end":{"line":191,"column":56}},"63":{"start":{"line":197,"column":29},"end":{"line":197,"column":44}},"64":{"start":{"line":198,"column":16},"end":{"line":204,"column":18}},"65":{"start":{"line":201,"column":22},"end":{"line":201,"column":80}}},"fnMap":{"0":{"name":"ExtractionTab","decl":{"start":{"line":12,"column":24},"end":{"line":12,"column":37}},"loc":{"start":{"line":12,"column":52},"end":{"line":212,"column":1}},"line":12},"1":{"name":"(anonymous_1)","decl":{"start":{"line":22,"column":27},"end":{"line":22,"column":28}},"loc":{"start":{"line":22,"column":33},"end":{"line":28,"column":3}},"line":22},"2":{"name":"(anonymous_2)","decl":{"start":{"line":30,"column":20},"end":{"line":30,"column":21}},"loc":{"start":{"line":30,"column":26},"end":{"line":35,"column":3}},"line":30},"3":{"name":"(anonymous_3)","decl":{"start":{"line":37,"column":25},"end":{"line":37,"column":26}},"loc":{"start":{"line":37,"column":37},"end":{"line":56,"column":3}},"line":37},"4":{"name":"(anonymous_4)","decl":{"start":{"line":58,"column":24},"end":{"line":58,"column":25}},"loc":{"start":{"line":58,"column":36},"end":{"line":73,"column":3}},"line":58},"5":{"name":"(anonymous_5)","decl":{"start":{"line":92,"column":20},"end":{"line":92,"column":21}},"loc":{"start":{"line":92,"column":25},"end":{"line":92,"column":53}},"line":92},"6":{"name":"(anonymous_6)","decl":{"start":{"line":98,"column":24},"end":{"line":98,"column":25}},"loc":{"start":{"line":99,"column":12},"end":{"line":99,"column":82}},"line":99},"7":{"name":"(anonymous_7)","decl":{"start":{"line":107,"column":47},"end":{"line":107,"column":48}},"loc":{"start":{"line":107,"column":52},"end":{"line":107,"column":75}},"line":107},"8":{"name":"(anonymous_8)","decl":{"start":{"line":118,"column":20},"end":{"line":118,"column":21}},"loc":{"start":{"line":118,"column":25},"end":{"line":118,"column":50}},"line":118},"9":{"name":"(anonymous_9)","decl":{"start":{"line":128,"column":20},"end":{"line":128,"column":21}},"loc":{"start":{"line":128,"column":25},"end":{"line":128,"column":57}},"line":128},"10":{"name":"(anonymous_10)","decl":{"start":{"line":138,"column":41},"end":{"line":138,"column":42}},"loc":{"start":{"line":138,"column":46},"end":{"line":138,"column":71}},"line":138},"11":{"name":"(anonymous_11)","decl":{"start":{"line":190,"column":36},"end":{"line":190,"column":37}},"loc":{"start":{"line":191,"column":18},"end":{"line":191,"column":56}},"line":191},"12":{"name":"(anonymous_12)","decl":{"start":{"line":196,"column":31},"end":{"line":196,"column":32}},"loc":{"start":{"line":196,"column":45},"end":{"line":205,"column":15}},"line":196},"13":{"name":"(anonymous_13)","decl":{"start":{"line":200,"column":40},"end":{"line":200,"column":41}},"loc":{"start":{"line":201,"column":22},"end":{"line":201,"column":80}},"line":201}},"branchMap":{"0":{"loc":{"start":{"line":23,"column":4},"end":{"line":23,"column":62}},"type":"if","locations":[{"start":{"line":23,"column":4},"end":{"line":23,"column":62}},{"start":{},"end":{}}],"line":23},"1":{"loc":{"start":{"line":25,"column":4},"end":{"line":25,"column":66}},"type":"if","locations":[{"start":{"line":25,"column":4},"end":{"line":25,"column":66}},{"start":{},"end":{}}],"line":25},"2":{"loc":{"start":{"line":25,"column":8},"end":{"line":25,"column":37}},"type":"binary-expr","locations":[{"start":{"line":25,"column":8},"end":{"line":25,"column":27}},{"start":{"line":25,"column":31},"end":{"line":25,"column":37}}],"line":25},"3":{"loc":{"start":{"line":26,"column":4},"end":{"line":26,"column":52}},"type":"if","locations":[{"start":{"line":26,"column":4},"end":{"line":26,"column":52}},{"start":{},"end":{}}],"line":26},"4":{"loc":{"start":{"line":32,"column":4},"end":{"line":32,"column":66}},"type":"if","locations":[{"start":{"line":32,"column":4},"end":{"line":32,"column":66}},{"start":{},"end":{}}],"line":32},"5":{"loc":{"start":{"line":32,"column":8},"end":{"line":32,"column":37}},"type":"binary-expr","locations":[{"start":{"line":32,"column":8},"end":{"line":32,"column":27}},{"start":{"line":32,"column":31},"end":{"line":32,"column":37}}],"line":32},"6":{"loc":{"start":{"line":33,"column":4},"end":{"line":33,"column":52}},"type":"if","locations":[{"start":{"line":33,"column":4},"end":{"line":33,"column":52}},{"start":{},"end":{}}],"line":33},"7":{"loc":{"start":{"line":38,"column":4},"end":{"line":38,"column":27}},"type":"if","locations":[{"start":{"line":38,"column":4},"end":{"line":38,"column":27}},{"start":{},"end":{}}],"line":38},"8":{"loc":{"start":{"line":43,"column":18},"end":{"line":43,"column":51}},"type":"cond-expr","locations":[{"start":{"line":43,"column":37},"end":{"line":43,"column":42}},{"start":{"line":43,"column":45},"end":{"line":43,"column":51}}],"line":43},"9":{"loc":{"start":{"line":52,"column":15},"end":{"line":52,"column":53}},"type":"binary-expr","locations":[{"start":{"line":52,"column":15},"end":{"line":52,"column":40}},{"start":{"line":52,"column":44},"end":{"line":52,"column":53}}],"line":52},"10":{"loc":{"start":{"line":59,"column":4},"end":{"line":59,"column":27}},"type":"if","locations":[{"start":{"line":59,"column":4},"end":{"line":59,"column":27}},{"start":{},"end":{}}],"line":59},"11":{"loc":{"start":{"line":66,"column":19},"end":{"line":66,"column":81}},"type":"cond-expr","locations":[{"start":{"line":66,"column":41},"end":{"line":66,"column":45}},{"start":{"line":66,"column":49},"end":{"line":66,"column":80}}],"line":66},"12":{"loc":{"start":{"line":66,"column":49},"end":{"line":66,"column":80}},"type":"binary-expr","locations":[{"start":{"line":66,"column":49},"end":{"line":66,"column":58}},{"start":{"line":66,"column":62},"end":{"line":66,"column":74}},{"start":{"line":66,"column":78},"end":{"line":66,"column":80}}],"line":66},"13":{"loc":{"start":{"line":69,"column":15},"end":{"line":69,"column":53}},"type":"binary-expr","locations":[{"start":{"line":69,"column":15},"end":{"line":69,"column":40}},{"start":{"line":69,"column":44},"end":{"line":69,"column":53}}],"line":69},"14":{"loc":{"start":{"line":75,"column":25},"end":{"line":77,"column":8}},"type":"cond-expr","locations":[{"start":{"line":76,"column":6},"end":{"line":76,"column":56}},{"start":{"line":77,"column":6},"end":{"line":77,"column":8}}],"line":75},"15":{"loc":{"start":{"line":75,"column":25},"end":{"line":75,"column":62}},"type":"binary-expr","locations":[{"start":{"line":75,"column":25},"end":{"line":75,"column":36}},{"start":{"line":75,"column":40},"end":{"line":75,"column":62}}],"line":75},"16":{"loc":{"start":{"line":76,"column":18},"end":{"line":76,"column":55}},"type":"binary-expr","locations":[{"start":{"line":76,"column":18},"end":{"line":76,"column":37}},{"start":{"line":76,"column":41},"end":{"line":76,"column":55}}],"line":76},"17":{"loc":{"start":{"line":95,"column":11},"end":{"line":97,"column":11}},"type":"binary-expr","locations":[{"start":{"line":95,"column":11},"end":{"line":95,"column":32}},{"start":{"line":96,"column":12},"end":{"line":96,"column":75}}],"line":95},"18":{"loc":{"start":{"line":114,"column":7},"end":{"line":122,"column":7}},"type":"binary-expr","locations":[{"start":{"line":114,"column":7},"end":{"line":114,"column":26}},{"start":{"line":115,"column":8},"end":{"line":121,"column":10}}],"line":114},"19":{"loc":{"start":{"line":123,"column":7},"end":{"line":133,"column":7}},"type":"binary-expr","locations":[{"start":{"line":123,"column":7},"end":{"line":123,"column":24}},{"start":{"line":124,"column":8},"end":{"line":132,"column":10}}],"line":123},"20":{"loc":{"start":{"line":136,"column":49},"end":{"line":136,"column":72}},"type":"cond-expr","locations":[{"start":{"line":136,"column":67},"end":{"line":136,"column":68}},{"start":{"line":136,"column":71},"end":{"line":136,"column":72}}],"line":136},"21":{"loc":{"start":{"line":166,"column":21},"end":{"line":166,"column":96}},"type":"cond-expr","locations":[{"start":{"line":166,"column":31},"end":{"line":166,"column":77}},{"start":{"line":166,"column":80},"end":{"line":166,"column":96}}],"line":166},"22":{"loc":{"start":{"line":168,"column":20},"end":{"line":168,"column":41}},"type":"binary-expr","locations":[{"start":{"line":168,"column":20},"end":{"line":168,"column":30}},{"start":{"line":168,"column":34},"end":{"line":168,"column":41}}],"line":168},"23":{"loc":{"start":{"line":174,"column":21},"end":{"line":174,"column":79}},"type":"cond-expr","locations":[{"start":{"line":174,"column":31},"end":{"line":174,"column":61}},{"start":{"line":174,"column":64},"end":{"line":174,"column":79}}],"line":174},"24":{"loc":{"start":{"line":176,"column":20},"end":{"line":176,"column":41}},"type":"binary-expr","locations":[{"start":{"line":176,"column":20},"end":{"line":176,"column":30}},{"start":{"line":176,"column":34},"end":{"line":176,"column":41}}],"line":176},"25":{"loc":{"start":{"line":182,"column":7},"end":{"line":182,"column":70}},"type":"binary-expr","locations":[{"start":{"line":182,"column":7},"end":{"line":182,"column":12}},{"start":{"line":182,"column":16},"end":{"line":182,"column":70}}],"line":182},"26":{"loc":{"start":{"line":185,"column":7},"end":{"line":209,"column":7}},"type":"binary-expr","locations":[{"start":{"line":185,"column":7},"end":{"line":185,"column":18}},{"start":{"line":186,"column":8},"end":{"line":208,"column":25}}],"line":185},"27":{"loc":{"start":{"line":197,"column":29},"end":{"line":197,"column":44}},"type":"binary-expr","locations":[{"start":{"line":197,"column":29},"end":{"line":197,"column":37}},{"start":{"line":197,"column":41},"end":{"line":197,"column":44}}],"line":197},"28":{"loc":{"start":{"line":201,"column":51},"end":{"line":201,"column":66}},"type":"binary-expr","locations":[{"start":{"line":201,"column":51},"end":{"line":201,"column":60}},{"start":{"line":201,"column":64},"end":{"line":201,"column":66}}],"line":201}},"s":{"0":0,"1":0,"2":0,"3":0,"4":0,"5":0,"6":0,"7":0,"8":0,"9":0,"10":0,"11":0,"12":0,"13":0,"14":0,"15":0,"16":0,"17":0,"18":0,"19":0,"20":0,"21":0,"22":0,"23":0,"24":0,"25":0,"26":0,"27":0,"28":0,"29":0,"30":0,"31":0,"32":0,"33":0,"34":0,"35":0,"36":0,"37":0,"38":0,"39":0,"40":0,"41":0,"42":0,"43":0,"44":0,"45":0,"46":0,"47":0,"48":0,"49":0,"50":0,"51":0,"52":0,"53":0,"54":0,"55":0,"56":0,"57":0,"58":0,"59":0,"60":0,"61":0,"62":0,"63":0,"64":0,"65":0},"f":{"0":0,"1":0,"2":0,"3":0,"4":0,"5":0,"6":0,"7":0,"8":0,"9":0,"10":0,"11":0,"12":0,"13":0},"b":{"0":[0,0],"1":[0,0],"2":[0,0],"3":[0,0],"4":[0,0],"5":[0,0],"6":[0,0],"7":[0,0],"8":[0,0],"9":[0,0],"10":[0,0],"11":[0,0],"12":[0,0,0],"13":[0,0],"14":[0,0],"15":[0,0],"16":[0,0],"17":[0,0],"18":[0,0],"19":[0,0],"20":[0,0],"21":[0,0],"22":[0,0],"23":[0,0],"24":[0,0],"25":[0,0],"26":[0,0],"27":[0,0],"28":[0,0]}}
,"/home/seplos/mockfact/movkfact-frontend/src/components/ApiReference/GuideTab.jsx": {"path":"/home/seplos/mockfact/movkfact-frontend/src/components/ApiReference/GuideTab.jsx","statementMap":{"0":{"start":{"line":6,"column":14},"end":{"line":6,"column":33}},"1":{"start":{"line":7,"column":15},"end":{"line":9,"column":21}},"2":{"start":{"line":11,"column":13},"end":{"line":13,"column":104}},"3":{"start":{"line":15,"column":17},"end":{"line":17,"column":104}},"4":{"start":{"line":19,"column":2},"end":{"line":19,"column":73}},"5":{"start":{"line":22,"column":18},"end":{"line":55,"column":1}},"6":{"start":{"line":58,"column":32},"end":{"line":58,"column":65}},"7":{"start":{"line":60,"column":2},"end":{"line":85,"column":4}},"8":{"start":{"line":68,"column":25},"end":{"line":68,"column":51}},"9":{"start":{"line":76,"column":8},"end":{"line":82,"column":14}}},"fnMap":{"0":{"name":"buildSnippets","decl":{"start":{"line":5,"column":9},"end":{"line":5,"column":22}},"loc":{"start":{"line":5,"column":71},"end":{"line":20,"column":1}},"line":5},"1":{"name":"GuideTab","decl":{"start":{"line":57,"column":24},"end":{"line":57,"column":32}},"loc":{"start":{"line":57,"column":35},"end":{"line":86,"column":1}},"line":57},"2":{"name":"(anonymous_2)","decl":{"start":{"line":68,"column":20},"end":{"line":68,"column":21}},"loc":{"start":{"line":68,"column":25},"end":{"line":68,"column":51}},"line":68},"3":{"name":"(anonymous_3)","decl":{"start":{"line":75,"column":21},"end":{"line":75,"column":22}},"loc":{"start":{"line":76,"column":8},"end":{"line":82,"column":14}},"line":76}},"branchMap":{"0":{"loc":{"start":{"line":5,"column":34},"end":{"line":5,"column":48}},"type":"default-arg","locations":[{"start":{"line":5,"column":43},"end":{"line":5,"column":48}}],"line":5},"1":{"loc":{"start":{"line":5,"column":56},"end":{"line":5,"column":67}},"type":"default-arg","locations":[{"start":{"line":5,"column":63},"end":{"line":5,"column":67}}],"line":5},"2":{"loc":{"start":{"line":7,"column":15},"end":{"line":9,"column":21}},"type":"cond-expr","locations":[{"start":{"line":8,"column":6},"end":{"line":8,"column":120}},{"start":{"line":9,"column":6},"end":{"line":9,"column":21}}],"line":7},"3":{"loc":{"start":{"line":11,"column":13},"end":{"line":13,"column":104}},"type":"cond-expr","locations":[{"start":{"line":12,"column":6},"end":{"line":12,"column":244}},{"start":{"line":13,"column":6},"end":{"line":13,"column":104}}],"line":11},"4":{"loc":{"start":{"line":15,"column":17},"end":{"line":17,"column":104}},"type":"cond-expr","locations":[{"start":{"line":16,"column":6},"end":{"line":16,"column":181}},{"start":{"line":17,"column":6},"end":{"line":17,"column":104}}],"line":15},"5":{"loc":{"start":{"line":81,"column":11},"end":{"line":81,"column":67}},"type":"binary-expr","locations":[{"start":{"line":81,"column":11},"end":{"line":81,"column":37}},{"start":{"line":81,"column":41},"end":{"line":81,"column":67}}],"line":81}},"s":{"0":0,"1":0,"2":0,"3":0,"4":0,"5":0,"6":0,"7":0,"8":0,"9":0},"f":{"0":0,"1":0,"2":0,"3":0},"b":{"0":[0],"1":[0],"2":[0,0],"3":[0,0],"4":[0,0],"5":[0,0]}}
,"/home/seplos/mockfact/movkfact-frontend/src/components/ApiReference/SnippetBlock.jsx": {"path":"/home/seplos/mockfact/movkfact-frontend/src/components/ApiReference/SnippetBlock.jsx","statementMap":{"0":{"start":{"line":7,"column":36},"end":{"line":7,"column":47}},"1":{"start":{"line":8,"column":30},"end":{"line":8,"column":45}},"2":{"start":{"line":10,"column":16},"end":{"line":10,"column":37}},"3":{"start":{"line":11,"column":22},"end":{"line":11,"column":48}},"4":{"start":{"line":13,"column":21},"end":{"line":18,"column":3}},"5":{"start":{"line":14,"column":4},"end":{"line":17,"column":7}},"6":{"start":{"line":15,"column":6},"end":{"line":15,"column":22}},"7":{"start":{"line":16,"column":6},"end":{"line":16,"column":47}},"8":{"start":{"line":16,"column":23},"end":{"line":16,"column":39}},"9":{"start":{"line":20,"column":2},"end":{"line":62,"column":4}},"10":{"start":{"line":25,"column":30},"end":{"line":25,"column":45}},"11":{"start":{"line":31,"column":12},"end":{"line":31,"column":69}}},"fnMap":{"0":{"name":"SnippetBlock","decl":{"start":{"line":6,"column":24},"end":{"line":6,"column":36}},"loc":{"start":{"line":6,"column":51},"end":{"line":63,"column":1}},"line":6},"1":{"name":"(anonymous_1)","decl":{"start":{"line":13,"column":21},"end":{"line":13,"column":22}},"loc":{"start":{"line":13,"column":27},"end":{"line":18,"column":3}},"line":13},"2":{"name":"(anonymous_2)","decl":{"start":{"line":14,"column":52},"end":{"line":14,"column":53}},"loc":{"start":{"line":14,"column":58},"end":{"line":17,"column":5}},"line":14},"3":{"name":"(anonymous_3)","decl":{"start":{"line":16,"column":17},"end":{"line":16,"column":18}},"loc":{"start":{"line":16,"column":23},"end":{"line":16,"column":39}},"line":16},"4":{"name":"(anonymous_4)","decl":{"start":{"line":25,"column":20},"end":{"line":25,"column":21}},"loc":{"start":{"line":25,"column":30},"end":{"line":25,"column":45}},"line":25},"5":{"name":"(anonymous_5)","decl":{"start":{"line":30,"column":21},"end":{"line":30,"column":22}},"loc":{"start":{"line":31,"column":12},"end":{"line":31,"column":69}},"line":31}},"branchMap":{"0":{"loc":{"start":{"line":34,"column":24},"end":{"line":34,"column":53}},"type":"cond-expr","locations":[{"start":{"line":34,"column":33},"end":{"line":34,"column":42}},{"start":{"line":34,"column":45},"end":{"line":34,"column":53}}],"line":34},"1":{"loc":{"start":{"line":38,"column":24},"end":{"line":38,"column":53}},"type":"cond-expr","locations":[{"start":{"line":38,"column":33},"end":{"line":38,"column":42}},{"start":{"line":38,"column":45},"end":{"line":38,"column":53}}],"line":38},"2":{"loc":{"start":{"line":39,"column":25},"end":{"line":39,"column":52}},"type":"cond-expr","locations":[{"start":{"line":39,"column":34},"end":{"line":39,"column":43}},{"start":{"line":39,"column":46},"end":{"line":39,"column":52}}],"line":39},"3":{"loc":{"start":{"line":41,"column":13},"end":{"line":41,"column":91}},"type":"cond-expr","locations":[{"start":{"line":41,"column":22},"end":{"line":41,"column":52}},{"start":{"line":41,"column":55},"end":{"line":41,"column":91}}],"line":41}},"s":{"0":0,"1":0,"2":0,"3":0,"4":0,"5":0,"6":0,"7":0,"8":0,"9":0,"10":0,"11":0},"f":{"0":0,"1":0,"2":0,"3":0,"4":0,"5":0},"b":{"0":[0,0],"1":[0,0],"2":[0,0],"3":[0,0]}}
,"/home/seplos/mockfact/movkfact-frontend/src/components/BatchGenerationModal/BatchGenerationModal.jsx": {"path":"/home/seplos/mockfact/movkfact-frontend/src/components/BatchGenerationModal/BatchGenerationModal.jsx","statementMap":{"0":{"start":{"line":33,"column":27},"end":{"line":33,"column":48}},"1":{"start":{"line":34,"column":26},"end":{"line":34,"column":35}},"2":{"start":{"line":41,"column":29},"end":{"line":386,"column":1}},"3":{"start":{"line":42,"column":30},"end":{"line":42,"column":43}},"4":{"start":{"line":43,"column":23},"end":{"line":43,"column":37}},"5":{"start":{"line":46,"column":48},"end":{"line":46,"column":67}},"6":{"start":{"line":48,"column":44},"end":{"line":48,"column":63}},"7":{"start":{"line":50,"column":46},"end":{"line":50,"column":65}},"8":{"start":{"line":52,"column":42},"end":{"line":52,"column":61}},"9":{"start":{"line":54,"column":46},"end":{"line":54,"column":65}},"10":{"start":{"line":56,"column":38},"end":{"line":56,"column":53}},"11":{"start":{"line":58,"column":40},"end":{"line":58,"column":54}},"12":{"start":{"line":60,"column":22},"end":{"line":69,"column":15}},"13":{"start":{"line":61,"column":4},"end":{"line":61,"column":34}},"14":{"start":{"line":62,"column":4},"end":{"line":62,"column":32}},"15":{"start":{"line":63,"column":4},"end":{"line":63,"column":33}},"16":{"start":{"line":64,"column":4},"end":{"line":64,"column":31}},"17":{"start":{"line":65,"column":4},"end":{"line":65,"column":33}},"18":{"start":{"line":66,"column":4},"end":{"line":66,"column":25}},"19":{"start":{"line":67,"column":4},"end":{"line":67,"column":25}},"20":{"start":{"line":68,"column":4},"end":{"line":68,"column":14}},"21":{"start":{"line":71,"column":29},"end":{"line":130,"column":52}},"22":{"start":{"line":72,"column":15},"end":{"line":72,"column":24}},"23":{"start":{"line":73,"column":17},"end":{"line":73,"column":41}},"24":{"start":{"line":75,"column":4},"end":{"line":79,"column":5}},"25":{"start":{"line":76,"column":6},"end":{"line":76,"column":22}},"26":{"start":{"line":77,"column":6},"end":{"line":77,"column":31}},"27":{"start":{"line":78,"column":6},"end":{"line":78,"column":13}},"28":{"start":{"line":81,"column":4},"end":{"line":81,"column":17}},"29":{"start":{"line":82,"column":4},"end":{"line":82,"column":29}},"30":{"start":{"line":85,"column":4},"end":{"line":91,"column":5}},"31":{"start":{"line":86,"column":6},"end":{"line":90,"column":9}},"32":{"start":{"line":87,"column":18},"end":{"line":87,"column":31}},"33":{"start":{"line":88,"column":8},"end":{"line":88,"column":104}},"34":{"start":{"line":89,"column":8},"end":{"line":89,"column":17}},"35":{"start":{"line":94,"column":4},"end":{"line":129,"column":5}},"36":{"start":{"line":95,"column":6},"end":{"line":95,"column":57}},"37":{"start":{"line":95,"column":34},"end":{"line":95,"column":55}},"38":{"start":{"line":96,"column":6},"end":{"line":128,"column":7}},"39":{"start":{"line":97,"column":35},"end":{"line":100,"column":10}},"40":{"start":{"line":101,"column":8},"end":{"line":105,"column":11}},"41":{"start":{"line":102,"column":20},"end":{"line":102,"column":33}},"42":{"start":{"line":103,"column":10},"end":{"line":103,"column":28}},"43":{"start":{"line":104,"column":10},"end":{"line":104,"column":19}},"44":{"start":{"line":106,"column":8},"end":{"line":110,"column":11}},"45":{"start":{"line":107,"column":20},"end":{"line":107,"column":33}},"46":{"start":{"line":108,"column":10},"end":{"line":108,"column":36}},"47":{"start":{"line":109,"column":10},"end":{"line":109,"column":19}},"48":{"start":{"line":112,"column":8},"end":{"line":116,"column":11}},"49":{"start":{"line":113,"column":20},"end":{"line":113,"column":33}},"50":{"start":{"line":114,"column":10},"end":{"line":114,"column":63}},"51":{"start":{"line":115,"column":10},"end":{"line":115,"column":19}},"52":{"start":{"line":117,"column":8},"end":{"line":121,"column":11}},"53":{"start":{"line":118,"column":20},"end":{"line":118,"column":33}},"54":{"start":{"line":119,"column":10},"end":{"line":119,"column":24}},"55":{"start":{"line":120,"column":10},"end":{"line":120,"column":19}},"56":{"start":{"line":123,"column":8},"end":{"line":127,"column":11}},"57":{"start":{"line":124,"column":20},"end":{"line":124,"column":33}},"58":{"start":{"line":125,"column":10},"end":{"line":125,"column":23}},"59":{"start":{"line":126,"column":10},"end":{"line":126,"column":19}},"60":{"start":{"line":132,"column":30},"end":{"line":149,"column":22}},"61":{"start":{"line":133,"column":4},"end":{"line":148,"column":7}},"62":{"start":{"line":134,"column":16},"end":{"line":134,"column":29}},"63":{"start":{"line":135,"column":22},"end":{"line":135,"column":43}},"64":{"start":{"line":136,"column":6},"end":{"line":146,"column":7}},"65":{"start":{"line":137,"column":8},"end":{"line":137,"column":78}},"66":{"start":{"line":139,"column":25},"end":{"line":139,"column":59}},"67":{"start":{"line":140,"column":19},"end":{"line":140,"column":75}},"68":{"start":{"line":140,"column":40},"end":{"line":140,"column":74}},"69":{"start":{"line":141,"column":8},"end":{"line":145,"column":11}},"70":{"start":{"line":147,"column":6},"end":{"line":147,"column":15}},"71":{"start":{"line":151,"column":27},"end":{"line":157,"column":8}},"72":{"start":{"line":152,"column":4},"end":{"line":156,"column":7}},"73":{"start":{"line":153,"column":16},"end":{"line":153,"column":29}},"74":{"start":{"line":154,"column":6},"end":{"line":154,"column":62}},"75":{"start":{"line":155,"column":6},"end":{"line":155,"column":15}},"76":{"start":{"line":159,"column":23},"end":{"line":168,"column":20}},"77":{"start":{"line":160,"column":17},"end":{"line":160,"column":43}},"78":{"start":{"line":161,"column":4},"end":{"line":161,"column":27}},"79":{"start":{"line":161,"column":15},"end":{"line":161,"column":27}},"80":{"start":{"line":162,"column":4},"end":{"line":162,"column":94}},"81":{"start":{"line":162,"column":51},"end":{"line":162,"column":94}},"82":{"start":{"line":163,"column":4},"end":{"line":163,"column":81}},"83":{"start":{"line":163,"column":38},"end":{"line":163,"column":81}},"84":{"start":{"line":164,"column":4},"end":{"line":164,"column":86}},"85":{"start":{"line":164,"column":52},"end":{"line":164,"column":86}},"86":{"start":{"line":165,"column":18},"end":{"line":165,"column":42}},"87":{"start":{"line":166,"column":4},"end":{"line":166,"column":97}},"88":{"start":{"line":166,"column":52},"end":{"line":166,"column":97}},"89":{"start":{"line":167,"column":4},"end":{"line":167,"column":16}},"90":{"start":{"line":170,"column":27},"end":{"line":179,"column":64}},"91":{"start":{"line":171,"column":4},"end":{"line":171,"column":48}},"92":{"start":{"line":171,"column":36},"end":{"line":171,"column":48}},"93":{"start":{"line":172,"column":4},"end":{"line":172,"column":32}},"94":{"start":{"line":172,"column":20},"end":{"line":172,"column":32}},"95":{"start":{"line":173,"column":4},"end":{"line":177,"column":5}},"96":{"start":{"line":174,"column":21},"end":{"line":174,"column":42}},"97":{"start":{"line":175,"column":6},"end":{"line":175,"column":60}},"98":{"start":{"line":175,"column":48},"end":{"line":175,"column":60}},"99":{"start":{"line":176,"column":6},"end":{"line":176,"column":49}},"100":{"start":{"line":176,"column":37},"end":{"line":176,"column":49}},"101":{"start":{"line":178,"column":4},"end":{"line":178,"column":17}},"102":{"start":{"line":181,"column":23},"end":{"line":226,"column":92}},"103":{"start":{"line":182,"column":4},"end":{"line":182,"column":25}},"104":{"start":{"line":183,"column":4},"end":{"line":183,"column":24}},"105":{"start":{"line":185,"column":4},"end":{"line":225,"column":5}},"106":{"start":{"line":186,"column":29},"end":{"line":186,"column":31}},"107":{"start":{"line":187,"column":6},"end":{"line":210,"column":7}},"108":{"start":{"line":188,"column":23},"end":{"line":188,"column":44}},"109":{"start":{"line":189,"column":21},"end":{"line":189,"column":41}},"110":{"start":{"line":190,"column":24},"end":{"line":203,"column":10}},"111":{"start":{"line":191,"column":22},"end":{"line":198,"column":11}},"112":{"start":{"line":199,"column":10},"end":{"line":201,"column":11}},"113":{"start":{"line":200,"column":12},"end":{"line":200,"column":84}},"114":{"start":{"line":200,"column":18},"end":{"line":200,"column":69}},"115":{"start":{"line":202,"column":10},"end":{"line":202,"column":21}},"116":{"start":{"line":204,"column":8},"end":{"line":209,"column":11}},"117":{"start":{"line":212,"column":21},"end":{"line":212,"column":54}},"118":{"start":{"line":213,"column":6},"end":{"line":213,"column":59}},"119":{"start":{"line":214,"column":6},"end":{"line":217,"column":8}},"120":{"start":{"line":218,"column":6},"end":{"line":218,"column":20}},"121":{"start":{"line":220,"column":18},"end":{"line":220,"column":104}},"122":{"start":{"line":221,"column":6},"end":{"line":221,"column":26}},"123":{"start":{"line":222,"column":6},"end":{"line":222,"column":80}},"124":{"start":{"line":224,"column":6},"end":{"line":224,"column":27}},"125":{"start":{"line":228,"column":2},"end":{"line":385,"column":4}},"126":{"start":{"line":250,"column":23},"end":{"line":250,"column":32}},"127":{"start":{"line":251,"column":31},"end":{"line":251,"column":54}},"128":{"start":{"line":252,"column":36},"end":{"line":252,"column":58}},"129":{"start":{"line":253,"column":27},"end":{"line":253,"column":48}},"130":{"start":{"line":254,"column":30},"end":{"line":254,"column":64}},"131":{"start":{"line":255,"column":29},"end":{"line":255,"column":57}},"132":{"start":{"line":256,"column":25},"end":{"line":256,"column":45}},"133":{"start":{"line":257,"column":30},"end":{"line":257,"column":66}},"134":{"start":{"line":259,"column":12},"end":{"line":365,"column":14}},"135":{"start":{"line":273,"column":40},"end":{"line":273,"column":66}},"136":{"start":{"line":312,"column":43},"end":{"line":312,"column":82}},"137":{"start":{"line":315,"column":28},"end":{"line":322,"column":39}},"138":{"start":{"line":336,"column":43},"end":{"line":336,"column":87}},"139":{"start":{"line":353,"column":43},"end":{"line":353,"column":88}}},"fnMap":{"0":{"name":"(anonymous_0)","decl":{"start":{"line":41,"column":29},"end":{"line":41,"column":30}},"loc":{"start":{"line":41,"column":66},"end":{"line":386,"column":1}},"line":41},"1":{"name":"(anonymous_1)","decl":{"start":{"line":60,"column":34},"end":{"line":60,"column":35}},"loc":{"start":{"line":60,"column":40},"end":{"line":69,"column":3}},"line":60},"2":{"name":"(anonymous_2)","decl":{"start":{"line":71,"column":41},"end":{"line":71,"column":42}},"loc":{"start":{"line":71,"column":59},"end":{"line":130,"column":3}},"line":71},"3":{"name":"(anonymous_3)","decl":{"start":{"line":86,"column":22},"end":{"line":86,"column":23}},"loc":{"start":{"line":86,"column":32},"end":{"line":90,"column":7}},"line":86},"4":{"name":"(anonymous_4)","decl":{"start":{"line":95,"column":24},"end":{"line":95,"column":25}},"loc":{"start":{"line":95,"column":34},"end":{"line":95,"column":55}},"line":95},"5":{"name":"(anonymous_5)","decl":{"start":{"line":101,"column":25},"end":{"line":101,"column":26}},"loc":{"start":{"line":101,"column":35},"end":{"line":105,"column":9}},"line":101},"6":{"name":"(anonymous_6)","decl":{"start":{"line":106,"column":26},"end":{"line":106,"column":27}},"loc":{"start":{"line":106,"column":36},"end":{"line":110,"column":9}},"line":106},"7":{"name":"(anonymous_7)","decl":{"start":{"line":112,"column":25},"end":{"line":112,"column":26}},"loc":{"start":{"line":112,"column":35},"end":{"line":116,"column":9}},"line":112},"8":{"name":"(anonymous_8)","decl":{"start":{"line":117,"column":26},"end":{"line":117,"column":27}},"loc":{"start":{"line":117,"column":36},"end":{"line":121,"column":9}},"line":117},"9":{"name":"(anonymous_9)","decl":{"start":{"line":123,"column":26},"end":{"line":123,"column":27}},"loc":{"start":{"line":123,"column":36},"end":{"line":127,"column":9}},"line":123},"10":{"name":"(anonymous_10)","decl":{"start":{"line":132,"column":42},"end":{"line":132,"column":43}},"loc":{"start":{"line":132,"column":67},"end":{"line":149,"column":3}},"line":132},"11":{"name":"(anonymous_11)","decl":{"start":{"line":133,"column":20},"end":{"line":133,"column":21}},"loc":{"start":{"line":133,"column":30},"end":{"line":148,"column":5}},"line":133},"12":{"name":"(anonymous_12)","decl":{"start":{"line":140,"column":33},"end":{"line":140,"column":34}},"loc":{"start":{"line":140,"column":40},"end":{"line":140,"column":74}},"line":140},"13":{"name":"(anonymous_13)","decl":{"start":{"line":151,"column":39},"end":{"line":151,"column":40}},"loc":{"start":{"line":151,"column":67},"end":{"line":157,"column":3}},"line":151},"14":{"name":"(anonymous_14)","decl":{"start":{"line":152,"column":20},"end":{"line":152,"column":21}},"loc":{"start":{"line":152,"column":30},"end":{"line":156,"column":5}},"line":152},"15":{"name":"(anonymous_15)","decl":{"start":{"line":159,"column":35},"end":{"line":159,"column":36}},"loc":{"start":{"line":159,"column":49},"end":{"line":168,"column":3}},"line":159},"16":{"name":"(anonymous_16)","decl":{"start":{"line":170,"column":39},"end":{"line":170,"column":40}},"loc":{"start":{"line":170,"column":45},"end":{"line":179,"column":3}},"line":170},"17":{"name":"(anonymous_17)","decl":{"start":{"line":181,"column":35},"end":{"line":181,"column":36}},"loc":{"start":{"line":181,"column":47},"end":{"line":226,"column":3}},"line":181},"18":{"name":"(anonymous_18)","decl":{"start":{"line":190,"column":43},"end":{"line":190,"column":44}},"loc":{"start":{"line":190,"column":52},"end":{"line":203,"column":9}},"line":190},"19":{"name":"(anonymous_19)","decl":{"start":{"line":249,"column":23},"end":{"line":249,"column":24}},"loc":{"start":{"line":249,"column":40},"end":{"line":366,"column":11}},"line":249},"20":{"name":"(anonymous_20)","decl":{"start":{"line":273,"column":34},"end":{"line":273,"column":35}},"loc":{"start":{"line":273,"column":40},"end":{"line":273,"column":66}},"line":273},"21":{"name":"(anonymous_21)","decl":{"start":{"line":312,"column":36},"end":{"line":312,"column":37}},"loc":{"start":{"line":312,"column":43},"end":{"line":312,"column":82}},"line":312},"22":{"name":"(anonymous_22)","decl":{"start":{"line":314,"column":40},"end":{"line":314,"column":41}},"loc":{"start":{"line":315,"column":28},"end":{"line":322,"column":39}},"line":315},"23":{"name":"(anonymous_23)","decl":{"start":{"line":336,"column":36},"end":{"line":336,"column":37}},"loc":{"start":{"line":336,"column":43},"end":{"line":336,"column":87}},"line":336},"24":{"name":"(anonymous_24)","decl":{"start":{"line":353,"column":36},"end":{"line":353,"column":37}},"loc":{"start":{"line":353,"column":43},"end":{"line":353,"column":88}},"line":353}},"branchMap":{"0":{"loc":{"start":{"line":41,"column":47},"end":{"line":41,"column":59}},"type":"default-arg","locations":[{"start":{"line":41,"column":57},"end":{"line":41,"column":59}}],"line":41},"1":{"loc":{"start":{"line":75,"column":4},"end":{"line":79,"column":5}},"type":"if","locations":[{"start":{"line":75,"column":4},"end":{"line":79,"column":5}},{"start":{},"end":{}}],"line":75},"2":{"loc":{"start":{"line":85,"column":4},"end":{"line":91,"column":5}},"type":"if","locations":[{"start":{"line":85,"column":4},"end":{"line":91,"column":5}},{"start":{},"end":{}}],"line":85},"3":{"loc":{"start":{"line":94,"column":4},"end":{"line":129,"column":5}},"type":"if","locations":[{"start":{"line":94,"column":4},"end":{"line":129,"column":5}},{"start":{},"end":{}}],"line":94},"4":{"loc":{"start":{"line":108,"column":20},"end":{"line":108,"column":34}},"type":"binary-expr","locations":[{"start":{"line":108,"column":20},"end":{"line":108,"column":28}},{"start":{"line":108,"column":32},"end":{"line":108,"column":34}}],"line":108},"5":{"loc":{"start":{"line":135,"column":22},"end":{"line":135,"column":43}},"type":"binary-expr","locations":[{"start":{"line":135,"column":22},"end":{"line":135,"column":37}},{"start":{"line":135,"column":41},"end":{"line":135,"column":43}}],"line":135},"6":{"loc":{"start":{"line":136,"column":6},"end":{"line":146,"column":7}},"type":"if","locations":[{"start":{"line":136,"column":6},"end":{"line":146,"column":7}},{"start":{"line":138,"column":13},"end":{"line":146,"column":7}}],"line":136},"7":{"loc":{"start":{"line":139,"column":25},"end":{"line":139,"column":59}},"type":"binary-expr","locations":[{"start":{"line":139,"column":25},"end":{"line":139,"column":53}},{"start":{"line":139,"column":57},"end":{"line":139,"column":59}}],"line":139},"8":{"loc":{"start":{"line":144,"column":16},"end":{"line":144,"column":50}},"type":"cond-expr","locations":[{"start":{"line":144,"column":21},"end":{"line":144,"column":35}},{"start":{"line":144,"column":38},"end":{"line":144,"column":50}}],"line":144},"9":{"loc":{"start":{"line":161,"column":4},"end":{"line":161,"column":27}},"type":"if","locations":[{"start":{"line":161,"column":4},"end":{"line":161,"column":27}},{"start":{},"end":{}}],"line":161},"10":{"loc":{"start":{"line":162,"column":4},"end":{"line":162,"column":94}},"type":"if","locations":[{"start":{"line":162,"column":4},"end":{"line":162,"column":94}},{"start":{},"end":{}}],"line":162},"11":{"loc":{"start":{"line":162,"column":8},"end":{"line":162,"column":49}},"type":"binary-expr","locations":[{"start":{"line":162,"column":8},"end":{"line":162,"column":18}},{"start":{"line":162,"column":22},"end":{"line":162,"column":49}}],"line":162},"12":{"loc":{"start":{"line":163,"column":4},"end":{"line":163,"column":81}},"type":"if","locations":[{"start":{"line":163,"column":4},"end":{"line":163,"column":81}},{"start":{},"end":{}}],"line":163},"13":{"loc":{"start":{"line":164,"column":4},"end":{"line":164,"column":86}},"type":"if","locations":[{"start":{"line":164,"column":4},"end":{"line":164,"column":86}},{"start":{},"end":{}}],"line":164},"14":{"loc":{"start":{"line":166,"column":4},"end":{"line":166,"column":97}},"type":"if","locations":[{"start":{"line":166,"column":4},"end":{"line":166,"column":97}},{"start":{},"end":{}}],"line":166},"15":{"loc":{"start":{"line":166,"column":8},"end":{"line":166,"column":50}},"type":"binary-expr","locations":[{"start":{"line":166,"column":8},"end":{"line":166,"column":20}},{"start":{"line":166,"column":24},"end":{"line":166,"column":33}},{"start":{"line":166,"column":37},"end":{"line":166,"column":50}}],"line":166},"16":{"loc":{"start":{"line":171,"column":4},"end":{"line":171,"column":48}},"type":"if","locations":[{"start":{"line":171,"column":4},"end":{"line":171,"column":48}},{"start":{},"end":{}}],"line":171},"17":{"loc":{"start":{"line":172,"column":4},"end":{"line":172,"column":32}},"type":"if","locations":[{"start":{"line":172,"column":4},"end":{"line":172,"column":32}},{"start":{},"end":{}}],"line":172},"18":{"loc":{"start":{"line":175,"column":6},"end":{"line":175,"column":60}},"type":"if","locations":[{"start":{"line":175,"column":6},"end":{"line":175,"column":60}},{"start":{},"end":{}}],"line":175},"19":{"loc":{"start":{"line":175,"column":10},"end":{"line":175,"column":46}},"type":"binary-expr","locations":[{"start":{"line":175,"column":10},"end":{"line":175,"column":17}},{"start":{"line":175,"column":21},"end":{"line":175,"column":46}}],"line":175},"20":{"loc":{"start":{"line":176,"column":6},"end":{"line":176,"column":49}},"type":"if","locations":[{"start":{"line":176,"column":6},"end":{"line":176,"column":49}},{"start":{},"end":{}}],"line":176},"21":{"loc":{"start":{"line":199,"column":10},"end":{"line":201,"column":11}},"type":"if","locations":[{"start":{"line":199,"column":10},"end":{"line":201,"column":11}},{"start":{},"end":{}}],"line":199},"22":{"loc":{"start":{"line":220,"column":18},"end":{"line":220,"column":104}},"type":"binary-expr","locations":[{"start":{"line":220,"column":18},"end":{"line":220,"column":46}},{"start":{"line":220,"column":50},"end":{"line":220,"column":61}},{"start":{"line":220,"column":65},"end":{"line":220,"column":104}}],"line":220},"23":{"loc":{"start":{"line":238,"column":9},"end":{"line":242,"column":9}},"type":"binary-expr","locations":[{"start":{"line":238,"column":9},"end":{"line":238,"column":20}},{"start":{"line":239,"column":10},"end":{"line":241,"column":18}}],"line":238},"24":{"loc":{"start":{"line":244,"column":9},"end":{"line":246,"column":9}},"type":"binary-expr","locations":[{"start":{"line":244,"column":9},"end":{"line":244,"column":29}},{"start":{"line":245,"column":10},"end":{"line":245,"column":95}}],"line":244},"25":{"loc":{"start":{"line":255,"column":29},"end":{"line":255,"column":57}},"type":"binary-expr","locations":[{"start":{"line":255,"column":29},"end":{"line":255,"column":51}},{"start":{"line":255,"column":55},"end":{"line":255,"column":57}}],"line":255},"26":{"loc":{"start":{"line":257,"column":30},"end":{"line":257,"column":66}},"type":"cond-expr
[...]
,"/home/seplos/mockfact/movkfact-frontend/src/services/dataSetService.js": {"path":"/home/seplos/mockfact/movkfact-frontend/src/services/dataSetService.js","statementMap":{"0":{"start":{"line":8,"column":30},"end":{"line":15,"column":1}},"1":{"start":{"line":9,"column":2},"end":{"line":14,"column":3}},"2":{"start":{"line":10,"column":21},"end":{"line":10,"column":58}},"3":{"start":{"line":11,"column":4},"end":{"line":11,"column":47}},"4":{"start":{"line":13,"column":4},"end":{"line":13,"column":16}},"5":{"start":{"line":24,"column":30},"end":{"line":33,"column":1}},"6":{"start":{"line":25,"column":2},"end":{"line":32,"column":3}},"7":{"start":{"line":26,"column":21},"end":{"line":28,"column":6}},"8":{"start":{"line":29,"column":4},"end":{"line":29,"column":47}},"9":{"start":{"line":31,"column":4},"end":{"line":31,"column":16}},"10":{"start":{"line":43,"column":34},"end":{"line":54,"column":1}},"11":{"start":{"line":44,"column":2},"end":{"line":53,"column":3}},"12":{"start":{"line":45,"column":19},"end":{"line":45,"column":33}},"13":{"start":{"line":46,"column":4},"end":{"line":48,"column":5}},"14":{"start":{"line":47,"column":6},"end":{"line":47,"column":29}},"15":{"start":{"line":49,"column":21},"end":{"line":49,"column":79}},"16":{"start":{"line":50,"column":4},"end":{"line":50,"column":47}},"17":{"start":{"line":52,"column":4},"end":{"line":52,"column":16}},"18":{"start":{"line":61,"column":28},"end":{"line":68,"column":1}},"19":{"start":{"line":62,"column":2},"end":{"line":67,"column":3}},"20":{"start":{"line":63,"column":21},"end":{"line":63,"column":64}},"21":{"start":{"line":64,"column":4},"end":{"line":64,"column":47}},"22":{"start":{"line":66,"column":4},"end":{"line":66,"column":16}},"23":{"start":{"line":75,"column":29},"end":{"line":81,"column":1}},"24":{"start":{"line":76,"column":2},"end":{"line":80,"column":3}},"25":{"start":{"line":77,"column":4},"end":{"line":77,"column":45}},"26":{"start":{"line":79,"column":4},"end":{"line":79,"column":16}},"27":{"start":{"line":83,"column":23},"end":{"line":90,"column":1}},"28":{"start":{"line":84,"column":2},"end":{"line":89,"column":3}},"29":{"start":{"line":85,"column":21},"end":{"line":85,"column":98}},"30":{"start":{"line":86,"column":4},"end":{"line":86,"column":47}},"31":{"start":{"line":88,"column":4},"end":{"line":88,"column":16}},"32":{"start":{"line":92,"column":22},"end":{"line":99,"column":1}},"33":{"start":{"line":93,"column":2},"end":{"line":98,"column":3}},"34":{"start":{"line":94,"column":21},"end":{"line":94,"column":82}},"35":{"start":{"line":95,"column":4},"end":{"line":95,"column":47}},"36":{"start":{"line":97,"column":4},"end":{"line":97,"column":16}},"37":{"start":{"line":101,"column":25},"end":{"line":108,"column":1}},"38":{"start":{"line":102,"column":2},"end":{"line":107,"column":3}},"39":{"start":{"line":103,"column":21},"end":{"line":103,"column":95}},"40":{"start":{"line":104,"column":4},"end":{"line":104,"column":47}},"41":{"start":{"line":106,"column":4},"end":{"line":106,"column":16}},"42":{"start":{"line":110,"column":25},"end":{"line":116,"column":1}},"43":{"start":{"line":111,"column":2},"end":{"line":115,"column":3}},"44":{"start":{"line":112,"column":4},"end":{"line":112,"column":69}},"45":{"start":{"line":114,"column":4},"end":{"line":114,"column":16}}},"fnMap":{"0":{"name":"(anonymous_0)","decl":{"start":{"line":8,"column":30},"end":{"line":8,"column":31}},"loc":{"start":{"line":8,"column":44},"end":{"line":15,"column":1}},"line":8},"1":{"name":"(anonymous_1)","decl":{"start":{"line":24,"column":30},"end":{"line":24,"column":31}},"loc":{"start":{"line":24,"column":65},"end":{"line":33,"column":1}},"line":24},"2":{"name":"(anonymous_2)","decl":{"start":{"line":43,"column":34},"end":{"line":43,"column":35}},"loc":{"start":{"line":43,"column":84},"end":{"line":54,"column":1}},"line":43},"3":{"name":"(anonymous_3)","decl":{"start":{"line":61,"column":28},"end":{"line":61,"column":29}},"loc":{"start":{"line":61,"column":42},"end":{"line":68,"column":1}},"line":61},"4":{"name":"(anonymous_4)","decl":{"start":{"line":75,"column":29},"end":{"line":75,"column":30}},"loc":{"start":{"line":75,"column":43},"end":{"line":81,"column":1}},"line":75},"5":{"name":"(anonymous_5)","decl":{"start":{"line":83,"column":23},"end":{"line":83,"column":24}},"loc":{"start":{"line":83,"column":65},"end":{"line":90,"column":1}},"line":83},"6":{"name":"(anonymous_6)","decl":{"start":{"line":92,"column":22},"end":{"line":92,"column":23}},"loc":{"start":{"line":92,"column":53},"end":{"line":99,"column":1}},"line":92},"7":{"name":"(anonymous_7)","decl":{"start":{"line":101,"column":25},"end":{"line":101,"column":26}},"loc":{"start":{"line":101,"column":65},"end":{"line":108,"column":1}},"line":101},"8":{"name":"(anonymous_8)","decl":{"start":{"line":110,"column":25},"end":{"line":110,"column":26}},"loc":{"start":{"line":110,"column":56},"end":{"line":116,"column":1}},"line":110}},"branchMap":{"0":{"loc":{"start":{"line":11,"column":11},"end":{"line":11,"column":46}},"type":"binary-expr","locations":[{"start":{"line":11,"column":11},"end":{"line":11,"column":29}},{"start":{"line":11,"column":33},"end":{"line":11,"column":46}}],"line":11},"1":{"loc":{"start":{"line":24,"column":41},"end":{"line":24,"column":49}},"type":"default-arg","locations":[{"start":{"line":24,"column":48},"end":{"line":24,"column":49}}],"line":24},"2":{"loc":{"start":{"line":24,"column":51},"end":{"line":24,"column":60}},"type":"default-arg","locations":[{"start":{"line":24,"column":58},"end":{"line":24,"column":60}}],"line":24},"3":{"loc":{"start":{"line":29,"column":11},"end":{"line":29,"column":46}},"type":"binary-expr","locations":[{"start":{"line":29,"column":11},"end":{"line":29,"column":29}},{"start":{"line":29,"column":33},"end":{"line":29,"column":46}}],"line":29},"4":{"loc":{"start":{"line":43,"column":45},"end":{"line":43,"column":58}},"type":"default-arg","locations":[{"start":{"line":43,"column":54},"end":{"line":43,"column":58}}],"line":43},"5":{"loc":{"start":{"line":43,"column":60},"end":{"line":43,"column":68}},"type":"default-arg","locations":[{"start":{"line":43,"column":67},"end":{"line":43,"column":68}}],"line":43},"6":{"loc":{"start":{"line":43,"column":70},"end":{"line":43,"column":79}},"type":"default-arg","locations":[{"start":{"line":43,"column":77},"end":{"line":43,"column":79}}],"line":43},"7":{"loc":{"start":{"line":46,"column":4},"end":{"line":48,"column":5}},"type":"if","locations":[{"start":{"line":46,"column":4},"end":{"line":48,"column":5}},{"start":{},"end":{}}],"line":46},"8":{"loc":{"start":{"line":50,"column":11},"end":{"line":50,"column":46}},"type":"binary-expr","locations":[{"start":{"line":50,"column":11},"end":{"line":50,"column":29}},{"start":{"line":50,"column":33},"end":{"line":50,"column":46}}],"line":50},"9":{"loc":{"start":{"line":64,"column":11},"end":{"line":64,"column":46}},"type":"binary-expr","locations":[{"start":{"line":64,"column":11},"end":{"line":64,"column":29}},{"start":{"line":64,"column":33},"end":{"line":64,"column":46}}],"line":64},"10":{"loc":{"start":{"line":83,"column":41},"end":{"line":83,"column":49}},"type":"default-arg","locations":[{"start":{"line":83,"column":48},"end":{"line":83,"column":49}}],"line":83},"11":{"loc":{"start":{"line":83,"column":51},"end":{"line":83,"column":60}},"type":"default-arg","locations":[{"start":{"line":83,"column":58},"end":{"line":83,"column":60}}],"line":83},"12":{"loc":{"start":{"line":86,"column":11},"end":{"line":86,"column":46}},"type":"binary-expr","locations":[{"start":{"line":86,"column":11},"end":{"line":86,"column":29}},{"start":{"line":86,"column":33},"end":{"line":86,"column":46}}],"line":86},"13":{"loc":{"start":{"line":95,"column":11},"end":{"line":95,"column":46}},"type":"binary-expr","locations":[{"start":{"line":95,"column":11},"end":{"line":95,"column":29}},{"start":{"line":95,"column":33},"end":{"line":95,"column":46}}],"line":95},"14":{"loc":{"start":{"line":104,"column":11},"end":{"line":104,"column":46}},"type":"binary-expr","locations":[{"start":{"line":104,"column":11},"end":{"line":104,"column":29}},{"start":{"line":104,"column":33},"end":{"line":104,"column":46}}],"line":104}},"s":{"0":0,"1":0,"2":0,"3":0,"4":0,"5":0,"6":0,"7":0,"8":0,"9":0,"10":0,"11":0,"12":0,"13":0,"14":0,"15":0,"16":0,"17":0,"18":0,"19":0,"20":0,"21":0,"22":0,"23":0,"24":0,"25":0,"26":0,"27":0,"28":0,"29":0,"30":0,"31":0,"32":0,"33":0,"34":0,"35":0,"36":0,"37":0,"38":0,"39":0,"40":0,"41":0,"42":0,"43":0,"44":0,"45":0},"f":{"0":0,"1":0,"2":0,"3":0,"4":0,"5":0,"6":0,"7":0,"8":0},"b":{"0":[0,0],"1":[0],"2":[0],"3":[0,0],"4":[0],"5":[0],"6":[0],"7":[0,0],"8":[0,0],"9":[0,0],"10":[0],"11":[0],"12":[0,0],"13":[0,0],"14":[0,0]}}
,"/home/seplos/mockfact/movkfact-frontend/src/services/domainService.js": {"path":"/home/seplos/mockfact/movkfact-frontend/src/services/domainService.js","statementMap":{"0":{"start":{"line":9,"column":26},"end":{"line":28,"column":1}},"1":{"start":{"line":10,"column":2},"end":{"line":27,"column":3}},"2":{"start":{"line":11,"column":21},"end":{"line":16,"column":6}},"3":{"start":{"line":17,"column":4},"end":{"line":17,"column":50}},"4":{"start":{"line":18,"column":4},"end":{"line":18,"column":60}},"5":{"start":{"line":19,"column":4},"end":{"line":19,"column":70}},"6":{"start":{"line":21,"column":20},"end":{"line":21,"column":44}},"7":{"start":{"line":22,"column":4},"end":{"line":22,"column":47}},"8":{"start":{"line":23,"column":4},"end":{"line":23,"column":19}},"9":{"start":{"line":25,"column":4},"end":{"line":25,"column":46}},"10":{"start":{"line":26,"column":4},"end":{"line":26,"column":16}},"11":{"start":{"line":35,"column":29},"end":{"line":42,"column":1}},"12":{"start":{"line":36,"column":2},"end":{"line":41,"column":3}},"13":{"start":{"line":37,"column":21},"end":{"line":37,"column":56}},"14":{"start":{"line":38,"column":4},"end":{"line":38,"column":47}},"15":{"start":{"line":40,"column":4},"end":{"line":40,"column":16}},"16":{"start":{"line":49,"column":28},"end":{"line":60,"column":1}},"17":{"start":{"line":50,"column":2},"end":{"line":50,"column":54}},"18":{"start":{"line":51,"column":2},"end":{"line":59,"column":3}},"19":{"start":{"line":52,"column":4},"end":{"line":52,"column":58}},"20":{"start":{"line":53,"column":21},"end":{"line":53,"column":59}},"21":{"start":{"line":54,"column":4},"end":{"line":54,"column":54}},"22":{"start":{"line":55,"column":4},"end":{"line":55,"column":47}},"23":{"start":{"line":57,"column":4},"end":{"line":57,"column":50}},"24":{"start":{"line":58,"column":4},"end":{"line":58,"column":16}},"25":{"start":{"line":68,"column":28},"end":{"line":75,"column":1}},"26":{"start":{"line":69,"column":2},"end":{"line":74,"column":3}},"27":{"start":{"line":70,"column":21},"end":{"line":70,"column":64}},"28":{"start":{"line":71,"column":4},"end":{"line":71,"column":47}},"29":{"start":{"line":73,"column":4},"end":{"line":73,"column":16}},"30":{"start":{"line":82,"column":28},"end":{"line":88,"column":1}},"31":{"start":{"line":83,"column":2},"end":{"line":87,"column":3}},"32":{"start":{"line":84,"column":4},"end":{"line":84,"column":43}},"33":{"start":{"line":86,"column":4},"end":{"line":86,"column":16}},"34":{"start":{"line":95,"column":35},"end":{"line":102,"column":1}},"35":{"start":{"line":96,"column":2},"end":{"line":101,"column":3}},"36":{"start":{"line":97,"column":21},"end":{"line":97,"column":72}},"37":{"start":{"line":98,"column":4},"end":{"line":98,"column":36}},"38":{"start":{"line":100,"column":4},"end":{"line":100,"column":16}},"39":{"start":{"line":110,"column":30},"end":{"line":117,"column":1}},"40":{"start":{"line":111,"column":2},"end":{"line":116,"column":3}},"41":{"start":{"line":112,"column":21},"end":{"line":112,"column":80}},"42":{"start":{"line":113,"column":4},"end":{"line":113,"column":47}},"43":{"start":{"line":115,"column":4},"end":{"line":115,"column":16}}},"fnMap":{"0":{"name":"(anonymous_0)","decl":{"start":{"line":9,"column":26},"end":{"line":9,"column":27}},"loc":{"start":{"line":9,"column":60},"end":{"line":28,"column":1}},"line":9},"1":{"name":"(anonymous_1)","decl":{"start":{"line":35,"column":29},"end":{"line":35,"column":30}},"loc":{"start":{"line":35,"column":43},"end":{"line":42,"column":1}},"line":35},"2":{"name":"(anonymous_2)","decl":{"start":{"line":49,"column":28},"end":{"line":49,"column":29}},"loc":{"start":{"line":49,"column":46},"end":{"line":60,"column":1}},"line":49},"3":{"name":"(anonymous_3)","decl":{"start":{"line":68,"column":28},"end":{"line":68,"column":29}},"loc":{"start":{"line":68,"column":50},"end":{"line":75,"column":1}},"line":68},"4":{"name":"(anonymous_4)","decl":{"start":{"line":82,"column":28},"end":{"line":82,"column":29}},"loc":{"start":{"line":82,"column":42},"end":{"line":88,"column":1}},"line":82},"5":{"name":"(anonymous_5)","decl":{"start":{"line":95,"column":35},"end":{"line":95,"column":36}},"loc":{"start":{"line":95,"column":55},"end":{"line":102,"column":1}},"line":95},"6":{"name":"(anonymous_6)","decl":{"start":{"line":110,"column":30},"end":{"line":110,"column":31}},"loc":{"start":{"line":110,"column":60},"end":{"line":117,"column":1}},"line":110}},"branchMap":{"0":{"loc":{"start":{"line":9,"column":33},"end":{"line":9,"column":43}},"type":"default-arg","locations":[{"start":{"line":9,"column":42},"end":{"line":9,"column":43}}],"line":9},"1":{"loc":{"start":{"line":9,"column":45},"end":{"line":9,"column":55}},"type":"default-arg","locations":[{"start":{"line":9,"column":53},"end":{"line":9,"column":55}}],"line":9},"2":{"loc":{"start":{"line":21,"column":20},"end":{"line":21,"column":44}},"type":"binary-expr","locations":[{"start":{"line":21,"column":20},"end":{"line":21,"column":38}},{"start":{"line":21,"column":42},"end":{"line":21,"column":44}}],"line":21},"3":{"loc":{"start":{"line":38,"column":11},"end":{"line":38,"column":46}},"type":"binary-expr","locations":[{"start":{"line":38,"column":11},"end":{"line":38,"column":29}},{"start":{"line":38,"column":33},"end":{"line":38,"column":46}}],"line":38},"4":{"loc":{"start":{"line":55,"column":11},"end":{"line":55,"column":46}},"type":"binary-expr","locations":[{"start":{"line":55,"column":11},"end":{"line":55,"column":29}},{"start":{"line":55,"column":33},"end":{"line":55,"column":46}}],"line":55},"5":{"loc":{"start":{"line":71,"column":11},"end":{"line":71,"column":46}},"type":"binary-expr","locations":[{"start":{"line":71,"column":11},"end":{"line":71,"column":29}},{"start":{"line":71,"column":33},"end":{"line":71,"column":46}}],"line":71},"6":{"loc":{"start":{"line":98,"column":11},"end":{"line":98,"column":35}},"type":"binary-expr","locations":[{"start":{"line":98,"column":11},"end":{"line":98,"column":29}},{"start":{"line":98,"column":33},"end":{"line":98,"column":35}}],"line":98},"7":{"loc":{"start":{"line":110,"column":46},"end":{"line":110,"column":55}},"type":"default-arg","locations":[{"start":{"line":110,"column":54},"end":{"line":110,"column":55}}],"line":110},"8":{"loc":{"start":{"line":113,"column":11},"end":{"line":113,"column":46}},"type":"binary-expr","locations":[{"start":{"line":113,"column":11},"end":{"line":113,"column":29}},{"start":{"line":113,"column":33},"end":{"line":113,"column":46}}],"line":113}},"s":{"0":0,"1":0,"2":0,"3":0,"4":0,"5":0,"6":0,"7":0,"8":0,"9":0,"10":0,"11":0,"12":0,"13":0,"14":0,"15":0,"16":0,"17":0,"18":0,"19":0,"20":0,"21":0,"22":0,"23":0,"24":0,"25":0,"26":0,"27":0,"28":0,"29":0,"30":0,"31":0,"32":0,"33":0,"34":0,"35":0,"36":0,"37":0,"38":0,"39":0,"40":0,"41":0,"42":0,"43":0},"f":{"0":0,"1":0,"2":0,"3":0,"4":0,"5":0,"6":0},"b":{"0":[0],"1":[0],"2":[0,0],"3":[0,0],"4":[0,0],"5":[0,0],"6":[0,0],"7":[0],"8":[0,0]}}
,"/home/seplos/mockfact/movkfact-frontend/src/theme/theme.js": {"path":"/home/seplos/mockfact/movkfact-frontend/src/theme/theme.js","statementMap":{"0":{"start":{"line":3,"column":14},"end":{"line":40,"column":2}}},"fnMap":{},"branchMap":{},"s":{"0":0},"f":{},"b":{}}
,"/home/seplos/mockfact/movkfact-frontend/src/utils/formatters.js": {"path":"/home/seplos/mockfact/movkfact-frontend/src/utils/formatters.js","statementMap":{"0":{"start":{"line":1,"column":26},"end":{"line":8,"column":1}},"1":{"start":{"line":2,"column":2},"end":{"line":2,"column":23}},"2":{"start":{"line":2,"column":13},"end":{"line":2,"column":23}},"3":{"start":{"line":3,"column":2},"end":{"line":7,"column":5}},"4":{"start":{"line":10,"column":30},"end":{"line":19,"column":1}},"5":{"start":{"line":11,"column":2},"end":{"line":11,"column":23}},"6":{"start":{"line":11,"column":13},"end":{"line":11,"column":23}},"7":{"start":{"line":12,"column":2},"end":{"line":18,"column":5}},"8":{"start":{"line":21,"column":30},"end":{"line":26,"column":1}},"9":{"start":{"line":22,"column":2},"end":{"line":22,"column":32}},"10":{"start":{"line":22,"column":21},"end":{"line":22,"column":32}},"11":{"start":{"line":23,"column":2},"end":{"line":23,"column":70}},"12":{"start":{"line":23,"column":26},"end":{"line":23,"column":70}},"13":{"start":{"line":24,"column":2},"end":{"line":24,"column":59}},"14":{"start":{"line":24,"column":22},"end":{"line":24,"column":59}},"15":{"start":{"line":25,"column":2},"end":{"line":25,"column":23}}},"fnMap":{"0":{"name":"(anonymous_0)","decl":{"start":{"line":1,"column":26},"end":{"line":1,"column":27}},"loc":{"start":{"line":1,"column":36},"end":{"line":8,"column":1}},"line":1},"1":{"name":"(anonymous_1)","decl":{"start":{"line":10,"column":30},"end":{"line":10,"column":31}},"loc":{"start":{"line":10,"column":40},"end":{"line":19,"column":1}},"line":10},"2":{"name":"(anonymous_2)","decl":{"start":{"line":21,"column":30},"end":{"line":21,"column":31}},"loc":{"start":{"line":21,"column":41},"end":{"line":26,"column":1}},"line":21}},"branchMap":{"0":{"loc":{"start":{"line":2,"column":2},"end":{"line":2,"column":23}},"type":"if","locations":[{"start":{"line":2,"column":2},"end":{"line":2,"column":23}},{"start":{},"end":{}}],"line":2},"1":{"loc":{"start":{"line":11,"column":2},"end":{"line":11,"column":23}},"type":"if","locations":[{"start":{"line":11,"column":2},"end":{"line":11,"column":23}},{"start":{},"end":{}}],"line":11},"2":{"loc":{"start":{"line":22,"column":2},"end":{"line":22,"column":32}},"type":"if","locations":[{"start":{"line":22,"column":2},"end":{"line":22,"column":32}},{"start":{},"end":{}}],"line":22},"3":{"loc":{"start":{"line":23,"column":2},"end":{"line":23,"column":70}},"type":"if","locations":[{"start":{"line":23,"column":2},"end":{"line":23,"column":70}},{"start":{},"end":{}}],"line":23},"4":{"loc":{"start":{"line":24,"column":2},"end":{"line":24,"column":59}},"type":"if","locations":[{"start":{"line":24,"column":2},"end":{"line":24,"column":59}},{"start":{},"end":{}}],"line":24}},"s":{"0":0,"1":0,"2":0,"3":0,"4":0,"5":0,"6":0,"7":0,"8":0,"9":0,"10":0,"11":0,"12":0,"13":0,"14":0,"15":0},"f":{"0":0,"1":0,"2":0},"b":{"0":[0,0],"1":[0,0],"2":[0,0],"3":[0,0],"4":[0,0]}}
}
