TN:
SF:src/App.jsx
FN:15,App
FNF:1
FNH:0
FNDA:0,App
DA:16,0
LF:1
LH:0
BRF:0
BRH:0
end_of_record
TN:
SF:src/index.jsx
FNF:0
FNH:0
DA:10,0
DA:11,0
LF:2
LH:0
BRF:0
BRH:0
end_of_record
TN:
SF:src/components/DeleteConfirmDialog.jsx
FN:15,(anonymous_0)
FNF:1
FNH:0
FNDA:0,(anonymous_0)
DA:15,0
DA:22,0
LF:2
LH:0
BRDA:16,0,0,0
BRDA:17,1,0,0
BRDA:20,2,0,0
BRDA:39,3,0,0
BRDA:39,3,1,0
BRDA:41,4,0,0
BRDA:41,4,1,0
BRF:7
BRH:0
end_of_record
TN:
SF:src/components/DomainForm.jsx
FN:14,(anonymous_0)
FN:30,(anonymous_1)
FN:46,(anonymous_2)
FN:61,(anonymous_3)
FN:63,(anonymous_4)
FN:69,(anonymous_5)
FN:76,(anonymous_6)
FNF:7
FNH:0
FNDA:0,(anonymous_0)
FNDA:0,(anonymous_1)
FNDA:0,(anonymous_2)
FNDA:0,(anonymous_3)
FNDA:0,(anonymous_4)
FNDA:0,(anonymous_5)
FNDA:0,(anonymous_6)
DA:14,0
DA:21,0
DA:26,0
DA:27,0
DA:30,0
DA:31,0
DA:32,0
DA:37,0
DA:42,0
DA:46,0
DA:47,0
DA:49,0
DA:50,0
DA:53,0
DA:55,0
DA:57,0
DA:61,0
DA:62,0
DA:63,0
DA:68,0
DA:69,0
DA:76,0
DA:77,0
DA:80,0
DA:81,0
DA:82,0
DA:84,0
DA:85,0
DA:88,0
DA:89,0
DA:90,0
DA:94,0
DA:95,0
DA:98,0
LF:34
LH:0
BRDA:15,0,0,0
BRDA:18,1,0,0
BRDA:19,2,0,0
BRDA:31,3,0,0
BRDA:31,3,1,0
BRDA:33,4,0,0
BRDA:33,4,1,0
BRDA:34,5,0,0
BRDA:34,5,1,0
BRDA:47,6,0,0
BRDA:47,6,1,0
BRDA:47,7,0,0
BRDA:47,7,1,0
BRDA:49,8,0,0
BRDA:49,8,1,0
BRDA:49,9,0,0
BRDA:49,9,1,0
BRDA:53,10,0,0
BRDA:53,10,1,0
BRDA:55,11,0,0
BRDA:55,11,1,0
BRDA:55,12,0,0
BRDA:55,12,1,0
BRDA:68,13,0,0
BRDA:68,13,1,0
BRDA:81,14,0,0
BRDA:81,14,1,0
BRDA:84,15,0,0
BRDA:84,15,1,0
BRDA:88,16,0,0
BRDA:88,16,1,0
BRDA:101,17,0,0
BRDA:101,17,1,0
BRDA:101,17,2,0
BRDA:101,17,3,0
BRDA:136,18,0,0
BRDA:136,18,1,0
BRDA:155,19,0,0
BRDA:155,19,1,0
BRDA:157,20,0,0
BRDA:157,20,1,0
BRDA:157,21,0,0
BRDA:157,21,1,0
BRF:43
BRH:0
end_of_record
TN:
SF:src/components/DomainTable.jsx
FN:33,(anonymous_0)
FN:47,(anonymous_1)
FN:52,(anonymous_2)
FN:76,(anonymous_3)
FN:108,(anonymous_4)
FN:130,(anonymous_5)
FN:140,(anonymous_6)
FN:150,(anonymous_7)
FN:159,(anonymous_8)
FN:167,(anonymous_9)
FN:196,(anonymous_10)
FN:224,(anonymous_11)
FN:233,(anonymous_12)
FN:242,(anonymous_13)
FN:251,(anonymous_14)
FN:260,(anonymous_15)
FNF:16
FNH:0
FNDA:0,(anonymous_0)
FNDA:0,(anonymous_1)
FNDA:0,(anonymous_2)
FNDA:0,(anonymous_3)
FNDA:0,(anonymous_4)
FNDA:0,(anonymous_5)
FNDA:0,(anonymous_6)
FNDA:0,(anonymous_7)
FNDA:0,(anonymous_8)
FNDA:0,(anonymous_9)
FNDA:0,(anonymous_10)
FNDA:0,(anonymous_11)
FNDA:0,(anonymous_12)
FNDA:0,(anonymous_13)
FNDA:0,(anonymous_14)
FNDA:0,(anonymous_15)
DA:33,0
DA:43,0
DA:44,0
DA:47,0
DA:48,0
DA:52,0
DA:53,0
DA:54,0
DA:61,0
DA:62,0
DA:77,0
DA:92,0
DA:93,0
DA:105,0
DA:106,0
DA:109,0
DA:130,0
DA:140,0
DA:150,0
DA:159,0
DA:167,0
DA:182,0
DA:197,0
DA:224,0
DA:233,0
DA:242,0
DA:251,0
DA:260,0
LF:28
LH:0
BRDA:34,0,0,0
BRDA:40,1,0,0
BRDA:41,2,0,0
BRDA:53,3,0,0
BRDA:53,3,1,0
BRDA:61,4,0,0
BRDA:61,4,1,0
BRDA:70,5,0,0
BRDA:70,5,1,0
BRDA:81,6,0,0
BRDA:81,6,1,0
BRDA:92,7,0,0
BRDA:92,7,1,0
BRDA:96,8,0,0
BRDA:96,8,1,0
BRDA:105,9,0,0
BRDA:105,9,1,0
BRDA:116,10,0,0
BRDA:116,10,1,0
BRDA:190,11,0,0
BRDA:190,11,1,0
BRDA:200,12,0,0
BRDA:200,12,1,0
BRDA:204,13,0,0
BRDA:204,13,1,0
BRDA:210,14,0,0
BRDA:210,14,1,0
BRDA:215,15,0,0
BRDA:215,15,1,0
BRDA:216,16,0,0
BRDA:216,16,1,0
BRDA:217,17,0,0
BRDA:217,17,1,0
BRF:33
BRH:0
end_of_record
TN:
SF:src/components/SearchBar.jsx
FN:11,(anonymous_0)
FN:20,(anonymous_1)
FN:30,(anonymous_2)
FN:42,(anonymous_3)
FN:57,(anonymous_4)
FN:58,(anonymous_5)
FNF:6
FNH:0
FNDA:0,(anonymous_0)
FNDA:0,(anonymous_1)
FNDA:0,(anonymous_2)
FNDA:0,(anonymous_3)
FNDA:0,(anonymous_4)
FNDA:0,(anonymous_5)
DA:11,0
DA:12,0
DA:13,0
DA:16,0
DA:17,0
DA:20,0
DA:21,0
DA:22,0
DA:25,0
DA:26,0
DA:30,0
DA:32,0
DA:33,0
DA:42,0
DA:43,0
DA:44,0
DA:45,0
DA:48,0
DA:49,0
DA:57,0
DA:58,0
DA:59,0
DA:60,0
DA:61,0
DA:66,0
LF:25
LH:0
BRDA:25,0,0,0
BRDA:25,0,1,0
BRDA:32,1,0,0
BRDA:32,1,1,0
BRDA:44,2,0,0
BRDA:44,2,1,0
BRDA:48,3,0,0
BRDA:48,3,1,0
BRDA:60,4,0,0
BRDA:60,4,1,0
BRDA:75,5,0,0
BRDA:75,5,1,0
BRF:12
BRH:0
end_of_record
TN:
SF:src/components/StatCard.jsx
FN:4,(anonymous_0)
FNF:1
FNH:0
FNDA:0,(anonymous_0)
DA:4,0
DA:5,0
LF:2
LH:0
BRF:0
BRH:0
end_of_record
TN:
SF:src/components/ApiReference/CrudTab.jsx
FN:66,CrudTab
FN:72,(anonymous_1)
FNF:2
FNH:0
FNDA:0,CrudTab
FNDA:0,(anonymous_1)
DA:5,0
DA:67,0
DA:73,0
LF:3
LH:0
BRF:0
BRH:0
end_of_record
TN:
SF:src/components/ApiReference/EndpointCard.jsx
FN:18,buildDefaultUrl
FN:25,EndpointCard
FN:27,(anonymous_2)
FN:34,(anonymous_3)
FN:45,(anonymous_4)
FN:102,(anonymous_5)
FN:102,(anonymous_6)
FN:131,(anonymous_7)
FN:155,(anonymous_8)
FNF:9
FNH:0
FNDA:0,buildDefaultUrl
FNDA:0,EndpointCard
FNDA:0,(anonymous_2)
FNDA:0,(anonymous_3)
FNDA:0,(anonymous_4)
FNDA:0,(anonymous_5)
FNDA:0,(anonymous_6)
FNDA:0,(anonymous_7)
FNDA:0,(anonymous_8)
DA:11,0
DA:19,0
DA:20,0
DA:21,0
DA:22,0
DA:26,0
DA:27,0
DA:28,0
DA:29,0
DA:30,0
DA:32,0
DA:34,0
DA:35,0
DA:36,0
DA:37,0
DA:38,0
DA:40,0
DA:41,0
DA:42,0
DA:45,0
DA:48,0
DA:49,0
DA:56,0
DA:58,0
DA:62,0
DA:64,0
DA:102,0
DA:131,0
DA:155,0
LF:29
LH:0
BRDA:20,0,0,0
BRDA:20,0,1,0
BRDA:20,1,0,0
BRDA:20,1,1,0
BRDA:20,2,0,0
BRDA:20,2,1,0
BRDA:21,3,0,0
BRDA:21,3,1,0
BRDA:21,4,0,0
BRDA:21,4,1,0
BRDA:28,5,0,0
BRDA:28,5,1,0
BRDA:32,6,0,0
BRDA:32,6,1,0
BRDA:40,7,0,0
BRDA:40,7,1,0
BRDA:41,8,0,0
BRDA:41,8,1,0
BRDA:46,9,0,0
BRDA:46,9,1,0
BRDA:62,10,0,0
BRDA:62,10,1,0
BRDA:87,11,0,0
BRDA:87,11,1,0
BRDA:97,12,0,0
BRDA:97,12,1,0
BRDA:101,13,0,0
BRDA:101,13,1,0
BRDA:111,14,0,0
BRDA:111,14,1,0
BRDA:120,15,0,0
BRDA:120,15,1,0
BRDA:120,15,2,0
BRDA:122,16,0,0
BRDA:122,16,1,0
BRDA:139,17,0,0
BRDA:139,17,1,0
BRDA:148,18,0,0
BRDA:148,18,1,0
BRDA:167,19,0,0
BRDA:167,19,1,0
BRDA:169,20,0,0
BRDA:169,20,1,0
BRDA:169,21,0,0
BRDA:169,21,1,0
BRF:45
BRH:0
end_of_record
TN:
SF:src/components/ApiReference/ExtractionTab.jsx
FN:12,ExtractionTab
FN:22,(anonymous_1)
FN:30,(anonymous_2)
FN:37,(anonymous_3)
FN:58,(anonymous_4)
FN:92,(anonymous_5)
FN:98,(anonymous_6)
FN:107,(anonymous_7)
FN:118,(anonymous_8)
FN:128,(anonymous_9)
FN:138,(anonymous_10)
FN:190,(anonymous_11)
FN:196,(anonymous_12)
FN:200,(anonymous_13)
FNF:14
FNH:0
FNDA:0,ExtractionTab
FNDA:0,(anonymous_1)
FNDA:0,(anonymous_2)
FNDA:0,(anonymous_3)
FNDA:0,(anonymous_4)
FNDA:0,(anonymous_5)
FNDA:0,(anonymous_6)
FNDA:0,(anonymous_7)
FNDA:0,(anonymous_8)
FNDA:0,(anonymous_9)
FNDA:0,(anonymous_10)
FNDA:0,(anonymous_11)
FNDA:0,(anonymous_12)
FNDA:0,(anonymous_13)
DA:13,0
DA:14,0
DA:15,0
DA:16,0
DA:17,0
DA:18,0
DA:19,0
DA:20,0
DA:22,0
DA:23,0
DA:24,0
DA:25,0
DA:26,0
DA:27,0
DA:30,0
DA:31,0
DA:32,0
DA:33,0
DA:34,0
DA:37,0
DA:38,0
DA:39,0
DA:40,0
DA:41,0
DA:42,0
DA:43,0
DA:44,0
DA:45,0
DA:46,0
DA:47,0
DA:48,0
DA:49,0
DA:50,0
DA:52,0
DA:54,0
DA:58,0
DA:59,0
DA:60,0
DA:61,0
DA:62,0
DA:63,0
DA:64,0
DA:65,0
DA:66,0
DA:67,0
DA:69,0
DA:71,0
DA:75,0
DA:79,0
DA:92,0
DA:99,0
DA:107,0
DA:118,0
DA:128,0
DA:138,0
DA:191,0
DA:197,0
DA:198,0
DA:201,0
LF:59
LH:0
BRDA:23,0,0,0
BRDA:23,0,1,0
BRDA:25,1,0,0
BRDA:25,1,1,0
BRDA:25,2,0,0
BRDA:25,2,1,0
BRDA:26,3,0,0
BRDA:26,3,1,0
BRDA:32,4,0,0
BRDA:32,4,1,0
BRDA:32,5,0,0
BRDA:32,5,1,0
BRDA:33,6,0,0
BRDA:33,6,1,0
BRDA:38,7,0,0
BRDA:38,7,1,0
BRDA:43,8,0,0
BRDA:43,8,1,0
BRDA:52,9,0,0
BRDA:52,9,1,0
BRDA:59,10,0,0
BRDA:59,10,1,0
BRDA:66,11,0,0
BRDA:66,11,1,0
BRDA:66,12,0,0
BRDA:66,12,1,0
BRDA:66,12,2,0
BRDA:69,13,0,0
BRDA:69,13,1,0
BRDA:75,14,0,0
BRDA:75,14,1,0
BRDA:75,15,0,0
BRDA:75,15,1,0
BRDA:76,16,0,0
BRDA:76,16,1,0
BRDA:95,17,0,0
BRDA:95,17,1,0
BRDA:114,18,0,0
BRDA:114,18,1,0
BRDA:123,19,0,0
BRDA:123,19,1,0
BRDA:136,20,0,0
BRDA:136,20,1,0
BRDA:166,21,0,0
BRDA:166,21,1,0
BRDA:168,22,0,0
BRDA:168,22,1,0
BRDA:174,23,0,0
BRDA:174,23,1,0
BRDA:176,24,0,0
BRDA:176,24,1,0
BRDA:182,25,0,0
BRDA:182,25,1,0
BRDA:185,26,0,0
BRDA:185,26,1,0
BRDA:197,27,0,0
BRDA:197,27,1,0
BRDA:201,28,0,0
BRDA:201,28,1,0
BRF:59
BRH:0
end_of_record
TN:
SF:src/components/ApiReference/GuideTab.jsx
FN:5,buildSnippets
FN:57,GuideTab
FN:68,(anonymous_2)
FN:75,(anonymous_3)
FNF:4
FNH:0
FNDA:0,buildSnippets
FNDA:0,GuideTab
FNDA:0,(anonymous_2)
FNDA:0,(anonymous_3)
DA:6,0
DA:7,0
DA:11,0
DA:15,0
DA:19,0
DA:22,0
DA:58,0
DA:60,0
DA:68,0
DA:76,0
LF:10
LH:0
BRDA:5,0,0,0
BRDA:5,1,0,0
BRDA:7,2,0,0
BRDA:7,2,1,0
BRDA:11,3,0,0
BRDA:11,3,1,0
BRDA:15,4,0,0
BRDA:15,4,1,0
BRDA:81,5,0,0
BRDA:81,5,1,0
BRF:10
BRH:0
end_of_record
TN:
SF:src/components/ApiReference/SnippetBlock.jsx
FN:6,SnippetBlock
FN:13,(anonymous_1)
FN:14,(anonymous_2)
FN:16,(anonymous_3)
FN:25,(anonymous_4)
FN:30,(anonymous_5)
FNF:6
FNH:0
FNDA:0,SnippetBlock
FNDA:0,(anonymous_1)
FNDA:0,(anonymous_2)
FNDA:0,(anonymous_3)
FNDA:0,(anonymous_4)
FNDA:0,(anonymous_5)
DA:7,0
DA:8,0
DA:10,0
DA:11,0
DA:13,0
DA:14,0
DA:15,0
DA:16,0
DA:20,0
DA:25,0
DA:31,0
LF:11
LH:0
BRDA:34,0,0,0
BRDA:34,0,1,0
BRDA:38,1,0,0
BRDA:38,1,1,0
BRDA:39,2,0,0
BRDA:39,2,1,0
BRDA:41,3,0,0
BRDA:41,3,1,0
BRF:8
BRH:0
end_of_record
TN:
SF:src/components/BatchGenerationModal/BatchGenerationModal.jsx
FN:41,(anonymous_0)
FN:60,(anonymous_1)
FN:71,(anonymous_2)
FN:86,(anonymous_3)
FN:95,(anonymous_4)
FN:101,(anonymous_5)
FN:106,(anonymous_6)
FN:112,(anonymous_7)
FN:117,(anonymous_8)
FN:123,(anonymous_9)
FN:132,(anonymous_10)
FN:133,(anonymous_11)
FN:140,(anonymous_12)
FN:151,(anonymous_13)
FN:152,(anonymous_14)
FN:159,(anonymous_15)
FN:170,(anonymous_16)
FN:181,(anonymous_17)
FN:190,(anonymous_18)
FN:249,(anonymous_19)
FN:273,(anonymous_20)
FN:312,(anonymous_21)
FN:314,(anonymous_22)
FN:336,(anonymous_23)
FN:353,(anonymous_24)
FNF:25
FNH:0
FNDA:0,(anonymous_0)
FNDA:0,(anonymous_1)
FNDA:0,(anonymous_2)
FNDA:0,(anonymous_3)
FNDA:0,(anonymous_4)
FNDA:0,(anonymous_5)
FNDA:0,(anonymous_6)
FNDA:0,(anonymous_7)
FNDA:0,(anonymous_8)
FNDA:0,(anonymous_9)
FNDA:0,(anonymous_10)
FNDA:0,(anonymous_11)
FNDA:0,(anonymous_12)
FNDA:0,(anonymous_13)
FNDA:0,(anonymous_14)
FNDA:0,(anonymous_15)
FNDA:0,(anonymous_16)
FNDA:0,(anonymous_17)
FNDA:0,(anonymous_18)
FNDA:0,(anonymous_19)
FNDA:0,(anonymous_20)
FNDA:0,(anonymous_21)
FNDA:0,(anonymous_22)
FNDA:0,(anonymous_23)
FNDA:0,(anonymous_24)
DA:33,0
DA:34,0
DA:41,0
DA:42,0
DA:43,0
DA:46,0
DA:48,0
DA:50,0
DA:52,0
DA:54,0
DA:56,0
DA:58,0
DA:60,0
DA:61,0
DA:62,0
DA:63,0
DA:64,0
DA:65,0
DA:66,0
DA:67,0
DA:68,0
DA:71,0
DA:72,0
DA:73,0
DA:75,0
DA:76,0
DA:77,0
DA:78,0
DA:81,0
DA:82,0
DA:85,0
DA:86,0
DA:87,0
DA:88,0
DA:89,0
DA:94,0
DA:95,0
DA:96,0
DA:97,0
DA:101,0
DA:102,0
DA:103,0
DA:104,0
DA:106,0
DA:107,0
DA:108,0
DA:109,0
DA:112,0
DA:113,0
DA:114,0
DA:115,0
DA:117,0
DA:118,0
DA:119,0
DA:120,0
DA:123,0
DA:124,0
DA:125,0
DA:126,0
DA:132,0
DA:133,0
DA:134,0
DA:135,0
DA:136,0
DA:137,0
DA:139,0
DA:140,0
DA:141,0
DA:147,0
DA:151,0
DA:152,0
DA:153,0
DA:154,0
DA:155,0
DA:159,0
DA:160,0
DA:161,0
DA:162,0
DA:163,0
DA:164,0
DA:165,0
DA:166,0
DA:167,0
DA:170,0
DA:171,0
DA:172,0
DA:173,0
DA:174,0
DA:175,0
DA:176,0
DA:178,0
DA:181,0
DA:182,0
DA:183,0
DA:185,0
DA:186,0
DA:187,0
DA:188,0
DA:189,0
DA:190,0
DA:191,0
DA:199,0
DA:200,0
DA:202,0
DA:204,0
DA:212,0
DA:213,0
DA:214,0
DA:218,0
DA:220,0
DA:221,0
DA:222,0
DA:224,0
DA:228,0
DA:250,0
DA:251,0
DA:252,0
DA:253,0
DA:254,0
DA:255,0
DA:256,0
DA:257,0
DA:259,0
DA:273,0
DA:312,0
DA:315,0
DA:336,0
DA:353,0
LF:128
LH:0
BRDA:41,0,0,0
BRDA:75,1,0,0
BRDA:75,1,1,0
BRDA:85,2,0,0
BRDA:85,2,1,0
BRDA:94,3,0,0
BRDA:94,3,1,0
BRDA:108,4,0,0
BRDA:108,4,1,0
BRDA:135,5,0,0
BRDA:135,5,1,0
BRDA:136,6,0,0
BRDA:136,6,1,0
BRDA:139,7,0,0
BRDA:139,7,1,0
BRDA:144,8,0,0
BRDA:144,8,1,0
BRDA:161,9,0,0
BRDA:161,9,1,0
BRDA:162,10,0,0
BRDA:162,10,1,0
BRDA:162,11,0,0
BRDA:162,11,1,0
BRDA:163,12,0,0
BRDA:163,12,1,0
BRDA:164,13,0,0
BRDA:164,13,1,0
BRDA:166,14,0,0
BRDA:166,14,1,0
BRDA:166,15,0,0
BRDA:166,15,1,0
BRDA:166,15,2,0
BRDA:171,16,0,0
BRDA:171,16,1,0
BRDA:172,17,0,0
BRDA:172,17,1,0
BRDA:175,18,0,0
BRDA:175,18,1,0
BRDA:175,19,0,0
BRDA:175,19,1,0
BRDA:176,20,0,0
BRDA:176,20,1,0
BRDA:199,21,0,0
BRDA:199,21,1,0
BRDA:220,22,0,0
BRDA:220,22,1,0
BRDA:220,22,2,0
BRDA:238,23,0,0
BRDA:238,23,1,0
BRDA:244,24,0,0
BRDA:244,24,1,0
BRDA:255,25,0,0
BRDA:255,25,1,0
BRDA:257,26,0,0
BRDA:257,26,1,0
BRDA:261,27,0,0
BRDA:261,27,1,0
BRDA:274,28,0,0
BRDA:274,28,1,0
BRDA:280,29,0,0
BRDA:280,29,1,0
BRDA:282,30,0,0
BRDA:282,30,1,0
BRDA:283,31,0,0
BRDA:283,31,1,0
BRDA:283,31,2,0
BRDA:283,31,3,0
BRDA:292,32,0,0
BRDA:292,32,1,0
BRDA:292,32,2,0
BRDA:292,32,3,0
BRDA:303,33,0,0
BRDA:303,33,1,0
BRDA:310,34,0,0
BRDA:310,34,1,0
BRDA:317,35,0,0
BRDA:317,35,1,0
BRDA:335,36,0,0
BRDA:335,36,1,0
BRDA:337,37,0,0
BRDA:337,37,1,0
BRDA:339,38,0,0
BRDA:339,38,1,0
BRDA:339,39,0,0
BRDA:339,39,1,0
BRDA:341,40,0,0
BRDA:341,40,1,0
BRDA:352,41,0,0
BRDA:352,41,1,0
BRDA:354,42,0,0
BRDA:354,42,1,0
BRDA:355,43,0,0
BRDA:355,43,1,0
BRDA:355,44,0,0
BRDA:355,44,1,0
BRDA:378,45,0,0
BRDA:378,45,1,0
BRDA:381,46,0,0
BRDA:381,46,1,0
BRF:99
BRH:0
end_of_record
TN:
SF:src/components/BatchHistoryDrawer/BatchHistoryDrawer.jsx
FN:13,formatDate
FN:21,StatusIcon
FN:27,statusColor
FN:33,BatchHistoryDrawer
FN:71,(anonymous_4)
FNF:5
FNH:0
FNDA:0,formatDate
FNDA:0,StatusIcon
FNDA:0,statusColor
FNDA:0,BatchHistoryDrawer
FNDA:0,(anonymous_4)
DA:14,0
DA:15,0
DA:22,0
DA:23,0
DA:24,0
DA:28,0
DA:29,0
DA:30,0
DA:34,0
DA:35,0
DA:37,0
DA:72,0
LF:12
LH:0
BRDA:14,0,0,0
BRDA:14,0,1,0
BRDA:22,1,0,0
BRDA:22,1,1,0
BRDA:23,2,0,0
BRDA:23,2,1,0
BRDA:28,3,0,0
BRDA:28,3,1,0
BRDA:29,4,0,0
BRDA:29,4,1,0
BRDA:35,5,0,0
BRDA:35,5,1,0
BRDA:49,6,0,0
BRDA:49,6,1,0
BRDA:63,7,0,0
BRDA:63,7,1,0
BRDA:90,8,0,0
BRDA:90,8,1,0
BRDA:90,8,2,0
BRDA:90,9,0,0
BRDA:90,9,1,0
BRDA:90,9,2,0
BRDA:91,10,0,0
BRDA:91,10,1,0
BRDA:92,11,0,0
BRDA:92,11,1,0
BRDA:99,12,0,0
BRDA:99,12,1,0
BRDA:106,13,0,0
BRDA:106,13,1,0
BRDA:106,13,2,0
BRDA:112,14,0,0
BRDA:112,14,1,0
BRF:33
BRH:0
end_of_record
TN:
SF:src/components/CsvUploadPanel/AddColumnModal.jsx
FN:30,(anonymous_0)
FN:45,(anonymous_1)
FN:52,(anonymous_2)
FN:91,(anonymous_3)
FN:92,(anonymous_4)
FN:117,(anonymous_5)
FN:132,(anonymous_6)
FN:149,(anonymous_7)
FN:156,(anonymous_8)
FN:174,(anonymous_9)
FN:189,(anonymous_10)
FN:210,(anonymous_11)
FNF:12
FNH:5
FNDA:37,(anonymous_0)
FNDA:3,(anonymous_1)
FNDA:0,(anonymous_2)
FNDA:0,(anonymous_3)
FNDA:0,(anonymous_4)
FNDA:0,(anonymous_5)
FNDA:19,(anonymous_6)
FNDA:19,(anonymous_7)
FNDA:228,(anonymous_8)
FNDA:0,(anonymous_9)
FNDA:0,(anonymous_10)
FNDA:0,(anonymous_11)
DA:25,1
DA:30,1
DA:31,37
DA:32,37
DA:42,37
DA:45,37
DA:46,3
DA:47,3
DA:48,3
DA:52,37
DA:54,0
DA:55,0
DA:56,0
DA:60,0
DA:61,0
DA:62,0
DA:66,0
DA:67,0
DA:68,0
DA:72,0
DA:74,0
DA:75,0
DA:76,0
DA:78,0
DA:79,0
DA:80,0
DA:84,0
DA:85,0
DA:86,0
DA:87,0
DA:89,0
DA:91,0
DA:92,0
DA:94,0
DA:95,0
DA:96,0
DA:101,0
DA:108,0
DA:111,37
DA:117,0
DA:133,19
DA:150,19
DA:157,228
DA:175,0
DA:190,0
DA:211,0
LF:46
LH:14
BRDA:30,0,0,31
BRDA:54,1,0,0
BRDA:54,1,1,0
BRDA:54,2,0,0
BRDA:54,2,1,0
BRDA:60,3,0,0
BRDA:60,3,1,0
BRDA:66,4,0,0
BRDA:66,4,1,0
BRDA:74,5,0,0
BRDA:74,5,1,0
BRDA:74,6,0,0
BRDA:74,6,1,0
BRDA:75,7,0,0
BRDA:75,7,1,0
BRDA:76,8,0,0
BRDA:76,8,1,0
BRDA:78,9,0,0
BRDA:78,9,1,0
BRDA:78,10,0,0
BRDA:78,10,1,0
BRDA:78,10,2,0
BRDA:84,11,0,0
BRDA:84,11,1,0
BRDA:85,12,0,0
BRDA:85,12,1,0
BRDA:85,13,0,0
BRDA:85,13,1,0
BRDA:94,14,0,0
BRDA:94,14,1,0
BRDA:104,15,0,0
BRDA:104,15,1,0
BRDA:116,16,0,37
BRDA:116,16,1,0
BRDA:140,17,0,19
BRDA:140,17,1,19
BRDA:165,18,0,37
BRDA:165,18,1,37
BRDA:165,18,2,0
BRDA:205,19,0,37
BRDA:205,19,1,0
BRF:41
BRH:7
end_of_record
TN:
SF:src/components/CsvUploadPanel/CsvUploadPanel.jsx
FN:31,(anonymous_0)
FN:34,(anonymous_1)
FN:52,(anonymous_2)
FN:66,(anonymous_3)
FN:67,(anonymous_4)
FN:69,(anonymous_5)
FN:83,(anonymous_6)
FN:89,(anonymous_7)
FN:93,(anonymous_8)
FN:94,(anonymous_9)
FN:99,(anonymous_10)
FN:100,(anonymous_11)
FN:103,(anonymous_12)
FN:107,(anonymous_13)
FN:108,(anonymous_14)
FN:123,(anonymous_15)
FN:134,(anonymous_16)
FN:139,(anonymous_17)
FN:150,(anonymous_18)
FN:151,(anonymous_19)
FN:154,(anonymous_20)
FN:155,(anonymous_21)
FN:159,(anonymous_22)
FN:160,(anonymous_23)
FN:160,(anonymous_24)
FN:163,(anonymous_25)
FN:164,(anonymous_26)
FN:177,(anonymous_27)
FN:178,(anonymous_28)
FN:180,(anonymous_29)
FN:186,(anonymous_30)
FN:194,(anonymous_31)
FN:270,(anonymous_32)
FN:287,(anonymous_33)
FN:288,(anonymous_34)
FN:301,(anonymous_35)
FN:313,(anonymous_36)
FN:315,(anonymous_37)
FN:316,(anonymous_38)
FN:346,(anonymous_39)
FN:370,(anonymous_40)
FN:383,(anonymous_41)
FN:394,(anonymous_42)
FN:412,(anonymous_43)
FN:425,(anonymous_44)
FN:431,(anonymous_45)
FN:435,(anonymous_46)
FN:445,(anonymous_47)
FN:446,(anonymous_48)
FN:446,(anonymous_49)
FN:454,(anonymous_50)
FNF:51
FNH:0
FNDA:0,(anonymous_0)
FNDA:0,(anonymous_1)
FNDA:0,(anonymous_2)
FNDA:0,(anonymous_3)
FNDA:0,(anonymous_4)
FNDA:0,(anonymous_5)
FNDA:0,(anonymous_6)
FNDA:0,(anonymous_7)
FNDA:0,(anonymous_8)
FNDA:0,(anonymous_9)
FNDA:0,(anonymous_10)
FNDA:0,(anonymous_11)
FNDA:0,(anonymous_12)
FNDA:0,(anonymous_13)
FNDA:0,(anonymous_14)
FNDA:0,(anonymous_15)
FNDA:0,(anonymous_16)
FNDA:0,(anonymous_17)
FNDA:0,(anonymous_18)
FNDA:0,(anonymous_19)
FNDA:0,(anonymous_20)
FNDA:0,(anonymous_21)
FNDA:0,(anonymous_22)
FNDA:0,(anonymous_23)
FNDA:0,(anonymous_24)
FNDA:0,(anonymous_25)
FNDA:0,(anonymous_26)
FNDA:0,(anonymous_27)
FNDA:0,(anonymous_28)
FNDA:0,(anonymous_29)
FNDA:0,(anonymous_30)
FNDA:0,(anonymous_31)
FNDA:0,(anonymous_32)
FNDA:0,(anonymous_33)
FNDA:0,(anonymous_34)
FNDA:0,(anonymous_35)
FNDA:0,(anonymous_36)
FNDA:0,(anonymous_37)
FNDA:0,(anonymous_38)
FNDA:0,(anonymous_39)
FNDA:0,(anonymous_40)
FNDA:0,(anonymous_41)
FNDA:0,(anonymous_42)
FNDA:0,(anonymous_43)
FNDA:0,(anonymous_44)
FNDA:0,(anonymous_45)
FNDA:0,(anonymous_46)
FNDA:0,(anonymous_47)
FNDA:0,(anonymous_48)
FNDA:0,(anonymous_49)
FNDA:0,(anonymous_50)
DA:18,0
DA:31,0
DA:32,0
DA:33,0
DA:34,0
DA:35,0
DA:36,0
DA:37,0
DA:38,0
DA:40,0
DA:41,0
DA:44,0
DA:52,0
DA:53,0
DA:54,0
DA:55,0
DA:56,0
DA:57,0
DA:58,0
DA:59,0
DA:60,0
DA:61,0
DA:62,0
DA:63,0
DA:64,0
DA:66,0
DA:67,0
DA:69,0
DA:70,0
DA:71,0
DA:72,0
DA:73,0
DA:75,0
DA:76,0
DA:77,0
DA:79,0
DA:80,0
DA:83,0
DA:84,0
DA:85,0
DA:86,0
DA:88,0
DA:89,0
DA:90,0
DA:93,0
DA:94,0
DA:97,0
DA:99,0
DA:100,0
DA:103,0
DA:104,0
DA:107,0
DA:108,0
DA:111,0
DA:113,0
DA:114,0
DA:115,0
DA:117,0
DA:119,0
DA:123,0
DA:124,0
DA:125,0
DA:126,0
DA:127,0
DA:128,0
DA:133,0
DA:134,0
DA:135,0
DA:137,0
DA:138,0
DA:139,0
DA:147,0
DA:150,0
DA:151,0
DA:154,0
DA:155,0
DA:156,0
DA:159,0
DA:160,0
DA:163,0
DA:164,0
DA:168,0
DA:169,0
DA:170,0
DA:171,0
DA:173,0
DA:177,0
DA:178,0
DA:179,0
DA:180,0
DA:181,0
DA:183,0
DA:185,0
DA:186,0
DA:190,0
DA:191,0
DA:194,0
DA:195,0
DA:196,0
DA:197,0
DA:198,0
DA:199,0
DA:200,0
DA:201,0
DA:202,0
DA:203,0
DA:207,0
DA:208,0
DA:225,0
DA:226,0
DA:239,0
DA:240,0
DA:251,0
DA:252,0
DA:271,0
DA:288,0
DA:301,0
DA:311,0
DA:313,0
DA:314,0
DA:315,0
DA:316,0
DA:319,0
DA:347,0
DA:371,0
DA:383,0
DA:394,0
DA:412,0
DA:425,0
DA:432,0
DA:433,0
DA:435,0
DA:445,0
DA:446,0
DA:454,0
DA:462,0
LF:136
LH:0
BRDA:35,0,0,0
BRDA:35,0,1,0
BRDA:36,1,0,0
BRDA:36,1,1,0
BRDA:71,2,0,0
BRDA:71,2,1,0
BRDA:75,3,0,0
BRDA:75,3,1,0
BRDA:88,4,0,0
BRDA:88,4,1,0
BRDA:97,5,0,0
BRDA:97,5,1,0
BRDA:111,6,0,0
BRDA:111,6,1,0
BRDA:117,7,0,0
BRDA:117,7,1,0
BRDA:126,8,0,0
BRDA:126,8,1,0
BRDA:133,9,0,0
BRDA:133,9,1,0
BRDA:135,10,0,0
BRDA:135,10,1,0
BRDA:138,11,0,0
BRDA:138,11,1,0
BRDA:138,11,2,0
BRDA:140,12,0,0
BRDA:140,12,1,0
BRDA:141,13,0,0
BRDA:141,13,1,0
BRDA:142,14,0,0
BRDA:142,14,1,0
BRDA:143,15,0,0
BRDA:143,15,1,0
BRDA:143,15,2,0
BRDA:144,16,0,0
BRDA:144,16,1,0
BRDA:145,17,0,0
BRDA:145,17,1,0
BRDA:166,18,0,0
BRDA:166,18,1,0
BRDA:169,19,0,0
BRDA:169,19,1,0
BRDA:181,20,0,0
BRDA:181,20,1,0
BRDA:188,21,0,0
BRDA:188,21,1,0
BRDA:203,22,0,0
BRDA:203,22,1,0
BRDA:207,23,0,0
BRDA:207,23,1,0
BRDA:225,24,0,0
BRDA:225,24,1,0
BRDA:232,25,0,0
BRDA:232,25,1,0
BRDA:239,26,0,0
BRDA:239,26,1,0
BRDA:251,27,0,0
BRDA:251,27,1,0
BRDA:277,28,0,0
BRDA:277,28,1,0
BRDA:279,29,0,0
BRDA:279,29,1,0
BRDA:286,30,0,0
BRDA:286,30,1,0
BRDA:311,31,0,0
BRDA:311,31,1,0
BRDA:357,32,0,0
BRDA:357,32,1,0
BRDA:380,33,0,0
BRDA:380,33,1,0
BRDA:383,34,0,0
BRDA:383,34,1,0
BRDA:418,35,0,0
BRDA:418,35,1,0
BRDA:425,36,0,0
BRDA:425,36,1,0
BRDA:432,37,0,0
BRDA:432,37,1,0
BRDA:441,38,0,0
BRDA:441,38,1,0
BRF:80
BRH:0
end_of_record
TN:
SF:src/components/CsvUploadPanel/PreviewTable.jsx
FN:17,(anonymous_0)
FN:35,(anonymous_1)
FN:43,(anonymous_2)
FN:48,(anonymous_3)
FNF:4
FNH:0
FNDA:0,(anonymous_0)
FNDA:0,(anonymous_1)
FNDA:0,(anonymous_2)
FNDA:0,(anonymous_3)
DA:17,0
DA:18,0
DA:20,0
DA:21,0
DA:23,0
DA:36,0
DA:44,0
DA:49,0
LF:8
LH:0
BRDA:17,0,0,0
BRDA:18,1,0,0
BRDA:18,1,1,0
BRDA:18,2,0,0
BRDA:18,2,1,0
BRF:5
BRH:0
end_of_record
TN:
SF:src/components/CsvUploadPanel/TypeDetectionResults.jsx
FN:8,(anonymous_0)
FN:15,(anonymous_1)
FN:24,(anonymous_2)
FN:33,(anonymous_3)
FN:57,(anonymous_4)
FN:59,(anonymous_5)
FN:61,(anonymous_6)
FN:99,(anonymous_7)
FNF:8
FNH:0
FNDA:0,(anonymous_0)
FNDA:0,(anonymous_1)
FNDA:0,(anonymous_2)
FNDA:0,(anonymous_3)
FNDA:0,(anonymous_4)
FNDA:0,(anonymous_5)
FNDA:0,(anonymous_6)
FNDA:0,(anonymous_7)
DA:8,0
DA:15,0
DA:16,0
DA:17,0
DA:18,0
DA:21,0
DA:24,0
DA:26,0
DA:34,0
DA:36,0
DA:57,0
DA:59,0
DA:62,0
DA:99,0
LF:14
LH:0
BRDA:16,0,0,0
BRDA:16,0,1,0
BRDA:17,1,0,0
BRDA:17,1,1,0
BRDA:21,2,0,0
BRDA:21,2,1,0
BRDA:21,3,0,0
BRDA:21,3,1,0
BRDA:34,4,0,0
BRDA:34,4,1,0
BRF:10
BRH:0
end_of_record
TN:
SF:src/components/CsvUploadPanel/UploadZone.jsx
FN:8,(anonymous_0)
FN:12,(anonymous_1)
FN:18,(anonymous_2)
FN:31,(anonymous_3)
FN:63,(anonymous_4)
FN:78,(anonymous_5)
FN:83,(anonymous_6)
FNF:7
FNH:0
FNDA:0,(anonymous_0)
FNDA:0,(anonymous_1)
FNDA:0,(anonymous_2)
FNDA:0,(anonymous_3)
FNDA:0,(anonymous_4)
FNDA:0,(anonymous_5)
FNDA:0,(anonymous_6)
DA:8,0
DA:9,0
DA:10,0
DA:12,0
DA:13,0
DA:14,0
DA:15,0
DA:18,0
DA:19,0
DA:20,0
DA:21,0
DA:22,0
DA:23,0
DA:24,0
DA:25,0
DA:26,0
DA:31,0
DA:32,0
DA:33,0
DA:37,0
DA:63,0
DA:78,0
DA:83,0
LF:23
LH:0
BRDA:15,0,0,0
BRDA:15,0,1,0
BRDA:23,1,0,0
BRDA:23,1,1,0
BRDA:23,2,0,0
BRDA:23,2,1,0
BRDA:25,3,0,0
BRDA:25,3,1,0
BRDA:25,4,0,0
BRDA:25,4,1,0
BRDA:32,5,0,0
BRDA:32,5,1,0
BRDA:32,6,0,0
BRDA:32,6,1,0
BRDA:48,7,0,0
BRDA:48,7,1,0
BRDA:49,8,0,0
BRDA:49,8,1,0
BRF:18
BRH:0
end_of_record
TN:
SF:src/components/CsvUploadPanel/UploadedDatasetsList.jsx
FN:25,(anonymous_0)
FN:30,(anonymous_1)
FN:36,(anonymous_2)
FN:68,(anonymous_3)
FN:101,(anonymous_4)
FN:106,(anonymous_5)
FN:173,(anonymous_6)
FN:216,(anonymous_7)
FN:227,(anonymous_8)
FNF:9
FNH:0
FNDA:0,(anonymous_0)
FNDA:0,(anonymous_1)
FNDA:0,(anonymous_2)
FNDA:0,(anonymous_3)
FNDA:0,(anonymous_4)
FNDA:0,(anonymous_5)
FNDA:0,(anonymous_6)
FNDA:0,(anonymous_7)
FNDA:0,(anonymous_8)
DA:25,0
DA:26,0
DA:27,0
DA:28,0
DA:30,0
DA:31,0
DA:32,0
DA:36,0
DA:37,0
DA:38,0
DA:40,0
DA:41,0
DA:45,0
DA:53,0
DA:54,0
DA:57,0
DA:58,0
DA:59,0
DA:61,0
DA:62,0
DA:64,0
DA:68,0
DA:69,0
DA:70,0
DA:73,0
DA:74,0
DA:78,0
DA:85,0
DA:86,0
DA:90,0
DA:92,0
DA:93,0
DA:96,0
DA:97,0
DA:101,0
DA:102,0
DA:103,0
DA:106,0
DA:107,0
DA:108,0
DA:109,0
DA:110,0
DA:111,0
DA:115,0
DA:116,0
DA:125,0
DA:126,0
DA:137,0
DA:138,0
DA:146,0
DA:174,0
DA:216,0
DA:227,0
LF:53
LH:0
BRDA:25,0,0,0
BRDA:31,1,0,0
BRDA:31,1,1,0
BRDA:41,2,0,0
BRDA:41,2,1,0
BRDA:53,3,0,0
BRDA:53,3,1,0
BRDA:58,4,0,0
BRDA:58,4,1,0
BRDA:58,4,2,0
BRDA:62,5,0,0
BRDA:62,5,1,0
BRDA:69,6,0,0
BRDA:69,6,1,0
BRDA:74,7,0,0
BRDA:74,7,1,0
BRDA:85,8,0,0
BRDA:85,8,1,0
BRDA:92,9,0,0
BRDA:92,9,1,0
BRDA:97,10,0,0
BRDA:97,10,1,0
BRDA:102,11,0,0
BRDA:102,11,1,0
BRDA:107,12,0,0
BRDA:107,12,1,0
BRDA:115,13,0,0
BRDA:115,13,1,0
BRDA:125,14,0,0
BRDA:125,14,1,0
BRDA:137,15,0,0
BRDA:137,15,1,0
BRDA:169,16,0,0
BRDA:169,16,1,0
BRDA:177,17,0,0
BRDA:177,17,1,0
BRDA:177,17,2,0
BRDA:179,18,0,0
BRDA:179,18,1,0
BRDA:186,19,0,0
BRDA:186,19,1,0
BRDA:186,19,2,0
BRDA:186,19,3,0
BRDA:189,20,0,0
BRDA:189,20,1,0
BRDA:189,20,2,0
BRDA:194,21,0,0
BRDA:194,21,1,0
BRDA:194,22,0,0
BRDA:194,22,1,0
BRDA:195,23,0,0
BRDA:195,23,1,0
BRDA:195,24,0,0
BRDA:195,24,1,0
BRDA:196,25,0,0
BRDA:196,25,1,0
BRDA:205,26,0,0
BRDA:205,26,1,0
BRDA:205,26,2,0
BRDA:208,27,0,0
BRDA:208,27,1,0
BRDA:211,28,0,0
BRDA:211,28,1,0
BRDA:221,29,0,0
BRDA:221,29,1,0
BRF:65
BRH:0
end_of_record
TN:
SF:src/components/DataConfigurationPanel/ConfigurationPanel.jsx
FN:38,(anonymous_0)
FN:60,(anonymous_1)
FN:61,(anonymous_2)
FN:62,(anonymous_3)
FN:63,(anonymous_4)
FN:64,(anonymous_5)
FN:65,(anonymous_6)
FN:70,(anonymous_7)
FN:74,(anonymous_8)
FN:96,(anonymous_9)
FN:99,(anonymous_10)
FN:115,(anonymous_11)
FN:118,(anonymous_12)
FN:135,(anonymous_13)
FN:146,(anonymous_14)
FN:147,(anonymous_15)
FN:187,(anonymous_16)
FN:195,(anonymous_17)
FN:214,(anonymous_18)
FN:226,(anonymous_19)
FN:272,(anonymous_20)
FN:282,(anonymous_21)
FN:310,(anonymous_22)
FN:332,(anonymous_23)
FN:343,(anonymous_24)
FN:353,(anonymous_25)
FN:353,(anonymous_26)
FN:367,(anonymous_27)
FN:383,(anonymous_28)
FN:389,(anonymous_29)
FN:405,(anonymous_30)
FN:407,(anonymous_31)
FN:426,(anonymous_32)
FN:443,(anonymous_33)
FN:458,(anonymous_34)
FN:474,(anonymous_35)
FN:492,(anonymous_36)
FN:496,(anonymous_37)
FN:498,(anonymous_38)
FN:498,(anonymous_39)
FN:555,(anonymous_40)
FN:576,(anonymous_41)
FN:593,(anonymous_42)
FN:604,(anonymous_43)
FNF:44
FNH:0
FNDA:0,(anonymous_0)
FNDA:0,(anonymous_1)
FNDA:0,(anonymous_2)
FNDA:0,(anonymous_3)
FNDA:0,(anonymous_4)
FNDA:0,(anonymous_5)
FNDA:0,(anonymous_6)
FNDA:0,(anonymous_7)
FNDA:0,(anonymous_8)
FNDA:0,(anonymous_9)
FNDA:0,(anonymous_10)
FNDA:0,(anonymous_11)
FNDA:0,(anonymous_12)
FNDA:0,(anonymous_13)
FNDA:0,(anonymous_14)
FNDA:0,(anonymous_15)
FNDA:0,(anonymous_16)
FNDA:0,(anonymous_17)
FNDA:0,(anonymous_18)
FNDA:0,(anonymous_19)
FNDA:0,(anonymous_20)
FNDA:0,(anonymous_21)
FNDA:0,(anonymous_22)
FNDA:0,(anonymous_23)
FNDA:0,(anonymous_24)
FNDA:0,(anonymous_25)
FNDA:0,(anonymous_26)
FNDA:0,(anonymous_27)
FNDA:0,(anonymous_28)
FNDA:0,(anonymous_29)
FNDA:0,(anonymous_30)
FNDA:0,(anonymous_31)
FNDA:0,(anonymous_32)
FNDA:0,(anonymous_33)
FNDA:0,(anonymous_34)
FNDA:0,(anonymous_35)
FNDA:0,(anonymous_36)
FNDA:0,(anonymous_37)
FNDA:0,(anonymous_38)
FNDA:0,(anonymous_39)
FNDA:0,(anonymous_40)
FNDA:0,(anonymous_41)
FNDA:0,(anonymous_42)
FNDA:0,(anonymous_43)
DA:38,0
DA:46,0
DA:47,0
DA:48,0
DA:49,0
DA:50,0
DA:51,0
DA:52,0
DA:53,0
DA:54,0
DA:55,0
DA:60,0
DA:61,0
DA:62,0
DA:63,0
DA:64,0
DA:65,0
DA:68,0
DA:70,0
DA:71,0
DA:72,0
DA:73,0
DA:74,0
DA:75,0
DA:86,0
DA:87,0
DA:90,0
DA:91,0
DA:96,0
DA:97,0
DA:99,0
DA:100,0
DA:101,0
DA:102,0
DA:103,0
DA:104,0
DA:105,0
DA:106,0
DA:109,0
DA:111,0
DA:115,0
DA:118,0
DA:119,0
DA:120,0
DA:122,0
DA:123,0
DA:125,0
DA:126,0
DA:128,0
DA:129,0
DA:130,0
DA:132,0
DA:135,0
DA:136,0
DA:146,0
DA:147,0
DA:158,0
DA:187,0
DA:188,0
DA:189,0
DA:190,0
DA:191,0
DA:192,0
DA:195,0
DA:196,0
DA:197,0
DA:198,0
DA:201,0
DA:202,0
DA:203,0
DA:206,0
DA:207,0
DA:208,0
DA:211,0
DA:214,0
DA:215,0
DA:217,0
DA:218,0
DA:221,0
DA:223,0
DA:226,0
DA:227,0
DA:233,0
DA:236,0
DA:237,0
DA:238,0
DA:239,0
DA:242,0
DA:243,0
DA:247,0
DA:248,0
DA:251,0
DA:254,0
DA:262,0
DA:271,0
DA:272,0
DA:273,0
DA:276,0
DA:277,0
DA:278,0
DA:281,0
DA:282,0
DA:287,0
DA:294,0
DA:297,0
DA:298,0
DA:302,0
DA:303,0
DA:305,0
DA:310,0
DA:311,0
DA:313,0
DA:314,0
DA:315,0
DA:321,0
DA:322,0
DA:323,0
DA:324,0
DA:332,0
DA:333,0
DA:334,0
DA:335,0
DA:343,0
DA:344,0
DA:345,0
DA:346,0
DA:353,0
DA:367,0
DA:368,0
DA:369,0
DA:376,0
DA:384,0
DA:385,0
DA:386,0
DA:389,0
DA:390,0
DA:405,0
DA:408,0
DA:416,0
DA:419,0
DA:426,0
DA:434,0
DA:436,0
DA:443,0
DA:450,0
DA:451,0
DA:458,0
DA:465,0
DA:467,0
DA:474,0
DA:481,0
DA:482,0
DA:484,0
DA:485,0
DA:494,0
DA:498,0
DA:499,0
DA:513,0
DA:555,0
DA:576,0
DA:585,0
DA:593,0
DA:605,0
DA:606,0
LF:164
LH:0
BRDA:60,0,0,0
BRDA:60,0,1,0
BRDA:60,1,0,0
BRDA:60,1,1,0
BRDA:61,2,0,0
BRDA:61,2,1,0
BRDA:61,3,0,0
BRDA:61,3,1,0
BRDA:62,4,0,0
BRDA:62,4,1,0
BRDA:62,5,0,0
BRDA:62,5,1,0
BRDA:63,6,0,0
BRDA:63,6,1,0
BRDA:63,7,0,0
BRDA:63,7,1,0
BRDA:63,8,0,0
BRDA:63,8,1,0
BRDA:64,9,0,0
BRDA:64,9,1,0
BRDA:64,10,0,0
BRDA:64,10,1,0
BRDA:64,11,0,0
BRDA:64,11,1,0
BRDA:65,12,0,0
BRDA:65,12,1,0
BRDA:65,13,0,0
BRDA:65,13,1,0
BRDA:65,14,0,0
BRDA:65,14,1,0
BRDA:71,15,0,0
BRDA:71,15,1,0
BRDA:71,16,0,0
BRDA:71,16,1,0
BRDA:86,17,0,0
BRDA:86,17,1,0
BRDA:97,18,0,0
BRDA:97,18,1,0
BRDA:97,19,0,0
BRDA:97,19,1,0
BRDA:104,20,0,0
BRDA:104,20,1,0
BRDA:104,21,0,0
BRDA:104,21,1,0
BRDA:119,22,0,0
BRDA:119,22,1,0
BRDA:119,23,0,0
BRDA:119,23,1,0
BRDA:122,24,0,0
BRDA:122,24,1,0
BRDA:125,25,0,0
BRDA:125,25,1,0
BRDA:129,26,0,0
BRDA:129,26,1,0
BRDA:196,27,0,0
BRDA:196,27,1,0
BRDA:201,28,0,0
BRDA:201,28,1,0
BRDA:201,29,0,0
BRDA:201,29,1,0
BRDA:206,30,0,0
BRDA:206,30,1,0
BRDA:206,31,0,0
BRDA:206,31,1,0
BRDA:217,32,0,0
BRDA:217,32,1,0
BRDA:233,33,0,0
BRDA:233,33,1,0
BRDA:236,34,0,0
BRDA:236,34,1,0
BRDA:237,35,0,0
BRDA:237,35,1,0
BRDA:238,36,0,0
BRDA:238,36,1,0
BRDA:239,37,0,0
BRDA:239,37,1,0
BRDA:242,38,0,0
BRDA:242,38,1,0
BRDA:247,39,0,0
BRDA:247,39,1,0
BRDA:247,40,0,0
BRDA:247,40,1,0
BRDA:258,41,0,0
BRDA:258,41,1,0
BRDA:271,42,0,0
BRDA:271,42,1,0
BRDA:273,43,0,0
BRDA:273,43,1,0
BRDA:284,44,0,0
BRDA:284,44,1,0
BRDA:285,45,0,0
BRDA:285,45,1,0
BRDA:297,46,0,0
BRDA:297,46,1,0
BRDA:302,47,0,0
BRDA:302,47,1,0
BRDA:311,48,0,0
BRDA:311,48,1,0
BRDA:313,49,0,0
BRDA:313,49,1,0
BRDA:314,50,0,0
BRDA:314,50,1,0
BRDA:321,51,0,0
BRDA:321,51,1,0
BRDA:321,52,0,0
BRDA:321,52,1,0
BRDA:322,53,0,0
BRDA:322,53,1,0
BRDA:322,54,0,0
BRDA:322,54,1,0
BRDA:323,55,0,0
BRDA:323,55,1,0
BRDA:333,56,0,0
BRDA:333,56,1,0
BRDA:337,57,0,0
BRDA:337,57,1,0
BRDA:344,58,0,0
BRDA:344,58,1,0
BRDA:358,59,0,0
BRDA:358,59,1,0
BRDA:368,60,0,0
BRDA:368,60,1,0
BRDA:368,61,0,0
BRDA:368,61,1,0
BRDA:385,62,0,0
BRDA:385,62,1,0
BRDA:386,63,0,0
BRDA:386,63,1,0
BRDA:403,64,0,0
BRDA:403,64,1,0
BRDA:416,65,0,0
BRDA:416,65,1,0
BRDA:416,66,0,0
BRDA:416,66,1,0
BRDA:416,66,2,0
BRDA:416,66,3,0
BRDA:416,66,4,0
BRDA:416,66,5,0
BRDA:434,67,0,0
BRDA:434,67,1,0
BRDA:434,68,0,0
BRDA:434,68,1,0
BRDA:434,68,2,0
BRDA:450,69,0,0
BRDA:450,69,1,0
BRDA:450,70,0,0
BRDA:450,70,1,0
BRDA:450,70,2,0
BRDA:465,71,0,0
BRDA:465,71,1,0
BRDA:465,72,0,0
BRDA:465,72,1,0
BRDA:465,72,2,0
BRDA:465,72,3,0
BRDA:481,73,0,0
BRDA:481,73,1,0
BRDA:482,74,0,0
BRDA:482,74,1,0
BRDA:484,75,0,0
BRDA:484,75,1,0
BRDA:503,76,0,0
BRDA:503,76,1,0
BRDA:537,77,0,0
BRDA:537,77,1,0
BRDA:537,78,0,0
BRDA:537,78,1,0
BRDA:555,79,0,0
BRDA:555,79,1,0
BRDA:568,80,0,0
BRDA:568,80,1,0
BRDA:569,81,0,0
BRDA:569,81,1,0
BRDA:571,82,0,0
BRDA:571,82,1,0
BRDA:592,83,0,0
BRDA:592,83,1,0
BRDA:598,84,0,0
BRDA:598,84,1,0
BRDA:600,85,0,0
BRDA:600,85,1,0
BRDA:600,85,2,0
BRF:181
BRH:0
end_of_record
TN:
SF:src/components/DataConfigurationPanel/FinancialFieldConfig.jsx
FN:8,(anonymous_0)
FN:9,(anonymous_1)
FN:16,(anonymous_2)
FN:25,(anonymous_3)
FN:40,(anonymous_4)
FN:50,(anonymous_5)
FN:64,(anonymous_6)
FNF:7
FNH:0
FNDA:0,(anonymous_0)
FNDA:0,(anonymous_1)
FNDA:0,(anonymous_2)
FNDA:0,(anonymous_3)
FNDA:0,(anonymous_4)
FNDA:0,(anonymous_5)
FNDA:0,(anonymous_6)
DA:8,0
DA:9,0
DA:10,0
DA:16,0
DA:17,0
DA:19,0
DA:25,0
DA:40,0
DA:50,0
DA:59,0
DA:64,0
DA:76,0
DA:83,0
DA:87,0
LF:14
LH:0
BRDA:17,0,0,0
BRDA:17,0,1,0
BRDA:17,0,2,0
BRDA:17,0,3,0
BRDA:24,1,0,0
BRDA:24,1,1,0
BRDA:39,2,0,0
BRDA:39,2,1,0
BRDA:49,3,0,0
BRDA:49,3,1,0
BRDA:63,4,0,0
BRDA:63,4,1,0
BRF:12
BRH:0
end_of_record
TN:
SF:src/components/DataConfigurationPanel/NumericFieldConfig.jsx
FN:7,(anonymous_0)
FN:8,(anonymous_1)
FN:24,(anonymous_2)
FN:33,(anonymous_3)
FNF:4
FNH:0
FNDA:0,(anonymous_0)
FNDA:0,(anonymous_1)
FNDA:0,(anonymous_2)
FNDA:0,(anonymous_3)
DA:7,0
DA:8,0
DA:9,0
DA:12,0
DA:14,0
DA:24,0
DA:33,0
LF:7
LH:0
BRDA:12,0,0,0
BRDA:12,0,1,0
BRDA:23,1,0,0
BRDA:23,1,1,0
BRDA:24,2,0,0
BRDA:24,2,1,0
BRDA:32,3,0,0
BRDA:32,3,1,0
BRDA:33,4,0,0
BRDA:33,4,1,0
BRF:10
BRH:0
end_of_record
TN:
SF:src/components/DataConfigurationPanel/PersonalFieldConfig.jsx
FN:8,(anonymous_0)
FN:9,(anonymous_1)
FN:16,(anonymous_2)
FN:25,(anonymous_3)
FN:43,(anonymous_4)
FN:55,(anonymous_5)
FN:72,(anonymous_6)
FN:90,(anonymous_7)
FNF:8
FNH:0
FNDA:0,(anonymous_0)
FNDA:0,(anonymous_1)
FNDA:0,(anonymous_2)
FNDA:0,(anonymous_3)
FNDA:0,(anonymous_4)
FNDA:0,(anonymous_5)
FNDA:0,(anonymous_6)
FNDA:0,(anonymous_7)
DA:8,0
DA:9,0
DA:10,0
DA:16,0
DA:17,0
DA:20,0
DA:25,0
DA:37,0
DA:43,0
DA:50,0
DA:55,0
DA:67,0
DA:72,0
DA:85,0
DA:90,0
DA:103,0
DA:107,0
LF:17
LH:0
BRDA:17,0,0,0
BRDA:17,0,1,0
BRDA:17,0,2,0
BRDA:17,0,3,0
BRDA:17,0,4,0
BRDA:17,0,5,0
BRDA:17,0,6,0
BRDA:24,1,0,0
BRDA:24,1,1,0
BRDA:42,2,0,0
BRDA:42,2,1,0
BRDA:54,3,0,0
BRDA:54,3,1,0
BRDA:71,4,0,0
BRDA:71,4,1,0
BRDA:89,5,0,0
BRDA:89,5,1,0
BRF:17
BRH:0
end_of_record
TN:
SF:src/components/DataConfigurationPanel/ResultViewer.jsx
FN:32,(anonymous_0)
FN:37,(anonymous_1)
FN:48,(anonymous_2)
FN:84,(anonymous_3)
FN:89,(anonymous_4)
FN:110,(anonymous_5)
FN:163,(anonymous_6)
FN:171,(anonymous_7)
FN:173,(anonymous_8)
FN:236,(anonymous_9)
FNF:10
FNH:0
FNDA:0,(anonymous_0)
FNDA:0,(anonymous_1)
FNDA:0,(anonymous_2)
FNDA:0,(anonymous_3)
FNDA:0,(anonymous_4)
FNDA:0,(anonymous_5)
FNDA:0,(anonymous_6)
FNDA:0,(anonymous_7)
FNDA:0,(anonymous_8)
FNDA:0,(anonymous_9)
DA:32,0
DA:33,0
DA:34,0
DA:35,0
DA:37,0
DA:38,0
DA:39,0
DA:40,0
DA:41,0
DA:42,0
DA:44,0
DA:48,0
DA:49,0
DA:50,0
DA:52,0
DA:54,0
DA:56,0
DA:63,0
DA:64,0
DA:68,0
DA:69,0
DA:70,0
DA:71,0
DA:72,0
DA:75,0
DA:76,0
DA:78,0
DA:80,0
DA:84,0
DA:85,0
DA:86,0
DA:87,0
DA:88,0
DA:89,0
DA:91,0
DA:96,0
DA:97,0
DA:100,0
DA:101,0
DA:103,0
DA:110,0
DA:164,0
DA:172,0
DA:174,0
DA:236,0
LF:45
LH:0
BRDA:39,0,0,0
BRDA:39,0,1,0
BRDA:63,1,0,0
BRDA:63,1,1,0
BRDA:70,2,0,0
BRDA:70,2,1,0
BRDA:72,3,0,0
BRDA:72,3,1,0
BRDA:86,4,0,0
BRDA:86,4,1,0
BRDA:96,5,0,0
BRDA:96,5,1,0
BRDA:97,6,0,0
BRDA:97,6,1,0
BRDA:97,7,0,0
BRDA:97,7,1,0
BRDA:100,8,0,0
BRDA:100,8,1,0
BRDA:101,9,0,0
BRDA:101,9,1,0
BRDA:109,10,0,0
BRDA:109,10,1,0
BRDA:115,11,0,0
BRDA:115,11,1,0
BRDA:132,12,0,0
BRDA:132,12,1,0
BRDA:158,13,0,0
BRDA:158,13,1,0
BRDA:175,14,0,0
BRDA:175,14,1,0
BRDA:208,15,0,0
BRDA:208,15,1,0
BRDA:210,16,0,0
BRDA:210,16,1,0
BRF:34
BRH:0
end_of_record
TN:
SF:src/components/DataConfigurationPanel/TemporalFieldConfig.jsx
FN:8,(anonymous_0)
FN:9,(anonymous_1)
FN:16,(anonymous_2)
FN:26,(anonymous_3)
FN:35,(anonymous_4)
FN:50,(anonymous_5)
FN:60,(anonymous_6)
FN:69,(anonymous_7)
FN:87,(anonymous_8)
FN:103,(anonymous_9)
FNF:10
FNH:0
FNDA:0,(anonymous_0)
FNDA:0,(anonymous_1)
FNDA:0,(anonymous_2)
FNDA:0,(anonymous_3)
FNDA:0,(anonymous_4)
FNDA:0,(anonymous_5)
FNDA:0,(anonymous_6)
FNDA:0,(anonymous_7)
FNDA:0,(anonymous_8)
FNDA:0,(anonymous_9)
DA:8,0
DA:9,0
DA:10,0
DA:16,0
DA:17,0
DA:19,0
DA:26,0
DA:35,0
DA:43,0
DA:50,0
DA:60,0
DA:69,0
DA:82,0
DA:87,0
DA:98,0
DA:103,0
DA:117,0
DA:121,0
LF:18
LH:0
BRDA:17,0,0,0
BRDA:17,0,1,0
BRDA:17,0,2,0
BRDA:17,0,3,0
BRDA:17,0,4,0
BRDA:25,1,0,0
BRDA:25,1,1,0
BRDA:34,2,0,0
BRDA:34,2,1,0
BRDA:49,3,0,0
BRDA:49,3,1,0
BRDA:59,4,0,0
BRDA:59,4,1,0
BRDA:68,5,0,0
BRDA:68,5,1,0
BRDA:86,6,0,0
BRDA:86,6,1,0
BRDA:102,7,0,0
BRDA:102,7,1,0
BRF:19
BRH:0
end_of_record
TN:
SF:src/components/DataEditor/ActivityPanel.jsx
FN:20,(anonymous_0)
FN:34,(anonymous_1)
FN:48,(anonymous_2)
FN:59,(anonymous_3)
FN:65,(anonymous_4)
FN:80,(anonymous_5)
FN:99,(anonymous_6)
FN:124,(anonymous_7)
FNF:8
FNH:0
FNDA:0,(anonymous_0)
FNDA:0,(anonymous_1)
FNDA:0,(anonymous_2)
FNDA:0,(anonymous_3)
FNDA:0,(anonymous_4)
FNDA:0,(anonymous_5)
FNDA:0,(anonymous_6)
FNDA:0,(anonymous_7)
DA:20,0
DA:21,0
DA:22,0
DA:23,0
DA:24,0
DA:25,0
DA:26,0
DA:27,0
DA:28,0
DA:29,0
DA:30,0
DA:34,0
DA:35,0
DA:36,0
DA:37,0
DA:38,0
DA:39,0
DA:40,0
DA:41,0
DA:42,0
DA:43,0
DA:44,0
DA:48,0
DA:49,0
DA:50,0
DA:59,0
DA:60,0
DA:61,0
DA:62,0
DA:63,0
DA:65,0
DA:66,0
DA:67,0
DA:68,0
DA:69,0
DA:70,0
DA:71,0
DA:72,0
DA:74,0
DA:76,0
DA:80,0
DA:81,0
DA:84,0
DA:86,0
DA:99,0
DA:125,0
LF:46
LH:0
BRDA:21,0,0,0
BRDA:21,0,1,0
BRDA:21,0,2,0
BRDA:21,0,3,0
BRDA:21,0,4,0
BRDA:21,0,5,0
BRDA:21,0,6,0
BRDA:21,0,7,0
BRDA:21,0,8,0
BRDA:35,1,0,0
BRDA:35,1,1,0
BRDA:35,1,2,0
BRDA:35,1,3,0
BRDA:35,1,4,0
BRDA:35,1,5,0
BRDA:35,1,6,0
BRDA:35,1,7,0
BRDA:35,1,8,0
BRDA:49,2,0,0
BRDA:49,2,1,0
BRDA:66,3,0,0
BRDA:66,3,1,0
BRDA:70,4,0,0
BRDA:70,4,1,0
BRDA:72,5,0,0
BRDA:72,5,1,0
BRDA:81,6,0,0
BRDA:81,6,1,0
BRDA:84,7,0,0
BRDA:84,7,1,0
BRDA:99,8,0,0
BRDA:99,8,1,0
BRDA:108,9,0,0
BRDA:108,9,1,0
BRDA:114,10,0,0
BRDA:114,10,1,0
BRDA:116,11,0,0
BRDA:116,11,1,0
BRDA:116,11,2,0
BRDA:116,11,3,0
BRDA:122,12,0,0
BRDA:122,12,1,0
BRDA:122,12,2,0
BRDA:125,13,0,0
BRDA:125,13,1,0
BRDA:136,14,0,0
BRDA:136,14,1,0
BRDA:136,14,2,0
BRDA:146,15,0,0
BRDA:146,15,1,0
BRF:50
BRH:0
end_of_record
TN:
SF:src/components/DataEditor/DataEditorTab.jsx
FN:14,(anonymous_0)
FN:33,(anonymous_1)
FN:39,(anonymous_2)
FN:54,(anonymous_3)
FN:58,(anonymous_4)
FN:64,(anonymous_5)
FN:68,(anonymous_6)
FN:69,(anonymous_7)
FN:76,(anonymous_8)
FN:77,(anonymous_9)
FN:87,(anonymous_10)
FN:97,(anonymous_11)
FN:97,(anonymous_12)
FN:100,(anonymous_13)
FN:106,(anonymous_14)
FN:113,(anonymous_15)
FN:117,(anonymous_16)
FN:127,(anonymous_17)
FN:128,(anonymous_18)
FN:138,(anonymous_19)
FN:139,(anonymous_20)
FN:150,(anonymous_21)
FN:155,(anonymous_22)
FN:160,(anonymous_23)
FN:161,(anonymous_24)
FN:174,(anonymous_25)
FN:176,(anonymous_26)
FN:202,(anonymous_27)
FN:202,(anonymous_28)
FN:240,(anonymous_29)
FN:248,(anonymous_30)
FNF:31
FNH:0
FNDA:0,(anonymous_0)
FNDA:0,(anonymous_1)
FNDA:0,(anonymous_2)
FNDA:0,(anonymous_3)
FNDA:0,(anonymous_4)
FNDA:0,(anonymous_5)
FNDA:0,(anonymous_6)
FNDA:0,(anonymous_7)
FNDA:0,(anonymous_8)
FNDA:0,(anonymous_9)
FNDA:0,(anonymous_10)
FNDA:0,(anonymous_11)
FNDA:0,(anonymous_12)
FNDA:0,(anonymous_13)
FNDA:0,(anonymous_14)
FNDA:0,(anonymous_15)
FNDA:0,(anonymous_16)
FNDA:0,(anonymous_17)
FNDA:0,(anonymous_18)
FNDA:0,(anonymous_19)
FNDA:0,(anonymous_20)
FNDA:0,(anonymous_21)
FNDA:0,(anonymous_22)
FNDA:0,(anonymous_23)
FNDA:0,(anonymous_24)
FNDA:0,(anonymous_25)
FNDA:0,(anonymous_26)
FNDA:0,(anonymous_27)
FNDA:0,(anonymous_28)
FNDA:0,(anonymous_29)
FNDA:0,(anonymous_30)
DA:14,0
DA:15,0
DA:17,0
DA:18,0
DA:19,0
DA:20,0
DA:21,0
DA:22,0
DA:23,0
DA:24,0
DA:25,0
DA:26,0
DA:27,0
DA:28,0
DA:29,0
DA:30,0
DA:32,0
DA:33,0
DA:34,0
DA:37,0
DA:39,0
DA:40,0
DA:41,0
DA:42,0
DA:43,0
DA:44,0
DA:45,0
DA:47,0
DA:49,0
DA:54,0
DA:55,0
DA:58,0
DA:59,0
DA:64,0
DA:65,0
DA:68,0
DA:69,0
DA:70,0
DA:71,0
DA:72,0
DA:76,0
DA:77,0
DA:87,0
DA:88,0
DA:89,0
DA:90,0
DA:91,0
DA:94,0
DA:95,0
DA:97,0
DA:98,0
DA:100,0
DA:101,0
DA:102,0
DA:103,0
DA:105,0
DA:106,0
DA:107,0
DA:109,0
DA:113,0
DA:115,0
DA:116,0
DA:117,0
DA:118,0
DA:119,0
DA:120,0
DA:123,0
DA:127,0
DA:128,0
DA:129,0
DA:130,0
DA:131,0
DA:132,0
DA:133,0
DA:138,0
DA:139,0
DA:140,0
DA:141,0
DA:142,0
DA:143,0
DA:144,0
DA:150,0
DA:151,0
DA:152,0
DA:155,0
DA:156,0
DA:157,0
DA:158,0
DA:159,0
DA:160,0
DA:161,0
DA:162,0
DA:163,0
DA:164,0
DA:166,0
DA:168,0
DA:174,0
DA:175,0
DA:176,0
DA:178,0
DA:179,0
DA:183,0
DA:202,0
DA:240,0
DA:248,0
LF:105
LH:0
BRDA:40,0,0,0
BRDA:40,0,1,0
BRDA:44,1,0,0
BRDA:44,1,1,0
BRDA:45,2,0,0
BRDA:45,2,1,0
BRDA:70,3,0,0
BRDA:70,3,1,0
BRDA:72,4,0,0
BRDA:72,4,1,0
BRDA:89,5,0,0
BRDA:89,5,1,0
BRDA:89,6,0,0
BRDA:89,6,1,0
BRDA:98,7,0,0
BRDA:98,7,1,0
BRDA:109,8,0,0
BRDA:109,8,1,0
BRDA:116,9,0,0
BRDA:116,9,1,0
BRDA:116,10,0,0
BRDA:116,10,1,0
BRDA:129,11,0,0
BRDA:129,11,1,0
BRDA:132,12,0,0
BRDA:132,12,1,0
BRDA:132,13,0,0
BRDA:132,13,1,0
BRDA:140,14,0,0
BRDA:140,14,1,0
BRDA:143,15,0,0
BRDA:143,15,1,0
BRDA:166,16,0,0
BRDA:166,16,1,0
BRDA:175,17,0,0
BRDA:175,17,1,0
BRDA:176,18,0,0
BRDA:176,18,1,0
BRDA:187,19,0,0
BRDA:187,19,1,0
BRDA:197,20,0,0
BRDA:197,20,1,0
BRDA:203,21,0,0
BRDA:203,21,1,0
BRDA:209,22,0,0
BRDA:209,22,1,0
BRF:46
BRH:0
end_of_record
TN:
SF:src/components/DataEditor/DataEditorTable.jsx
FN:18,(anonymous_0)
FN:40,(anonymous_1)
FN:41,(anonymous_2)
FN:45,(anonymous_3)
FN:60,(anonymous_4)
FN:65,(anonymous_5)
FN:75,(anonymous_6)
FN:101,(anonymous_7)
FN:102,(anonymous_8)
FN:103,(anonymous_9)
FNF:10
FNH:0
FNDA:0,(anonymous_0)
FNDA:0,(anonymous_1)
FNDA:0,(anonymous_2)
FNDA:0,(anonymous_3)
FNDA:0,(anonymous_4)
FNDA:0,(anonymous_5)
FNDA:0,(anonymous_6)
FNDA:0,(anonymous_7)
FNDA:0,(anonymous_8)
FNDA:0,(anonymous_9)
DA:18,0
DA:39,0
DA:40,0
DA:41,0
DA:43,0
DA:45,0
DA:46,0
DA:47,0
DA:48,0
DA:49,0
DA:50,0
DA:53,0
DA:61,0
DA:65,0
DA:76,0
DA:101,0
DA:103,0
LF:17
LH:0
BRDA:46,0,0,0
BRDA:46,0,1,0
BRDA:49,1,0,0
BRDA:49,1,1,0
BRDA:49,2,0,0
BRDA:49,2,1,0
BRDA:50,3,0,0
BRDA:50,3,1,0
BRDA:64,4,0,0
BRDA:64,4,1,0
BRF:10
BRH:0
end_of_record
TN:
SF:src/components/DataEditor/DeleteRowDialog.jsx
FN:16,(anonymous_0)
FNF:1
FNH:0
FNDA:0,(anonymous_0)
DA:16,0
DA:17,0
LF:2
LH:0
BRDA:16,0,0,0
BRDA:35,1,0,0
BRDA:35,1,1,0
BRDA:37,2,0,0
BRDA:37,2,1,0
BRF:5
BRH:0
end_of_record
TN:
SF:src/components/DataEditor/EditableCell.jsx
FN:8,(anonymous_0)
FN:23,(anonymous_1)
FN:27,(anonymous_2)
FN:53,(anonymous_3)
FNF:4
FNH:0
FNDA:0,(anonymous_0)
FNDA:0,(anonymous_1)
FNDA:0,(anonymous_2)
FNDA:0,(anonymous_3)
DA:8,0
DA:21,0
DA:23,0
DA:24,0
DA:27,0
DA:28,0
DA:29,0
DA:31,0
DA:32,0
DA:33,0
DA:35,0
DA:36,0
DA:37,0
DA:39,0
DA:41,0
DA:42,0
DA:46,0
DA:47,0
DA:54,0
DA:55,0
DA:57,0
DA:67,0
LF:22
LH:0
BRDA:28,0,0,0
BRDA:28,0,1,0
BRDA:32,1,0,0
BRDA:32,1,1,0
BRDA:36,2,0,0
BRDA:36,2,1,0
BRDA:41,3,0,0
BRDA:41,3,1,0
BRDA:46,4,0,0
BRDA:46,4,1,0
BRDA:52,5,0,0
BRDA:52,5,1,0
BRDA:69,6,0,0
BRDA:69,6,1,0
BRDA:71,7,0,0
BRDA:71,7,1,0
BRDA:72,8,0,0
BRDA:72,8,1,0
BRDA:75,9,0,0
BRDA:75,9,1,0
BRDA:75,10,0,0
BRDA:75,10,1,0
BRF:22
BRH:0
end_of_record
TN:
SF:src/components/DataEditor/EditableRow.jsx
FN:10,(anonymous_0)
FN:34,(anonymous_1)
FN:41,(anonymous_2)
FN:55,(anonymous_3)
FN:62,(anonymous_4)
FNF:5
FNH:0
FNDA:0,(anonymous_0)
FNDA:0,(anonymous_1)
FNDA:0,(anonymous_2)
FNDA:0,(anonymous_3)
FNDA:0,(anonymous_4)
DA:10,0
DA:24,0
DA:26,0
DA:35,0
DA:41,0
DA:55,0
DA:62,0
LF:7
LH:0
BRDA:40,0,0,0
BRDA:40,0,1,0
BRF:2
BRH:0
end_of_record
TN:
SF:src/components/DataEditor/index.js
FNF:0
FNH:0
LF:0
LH:0
BRF:0
BRH:0
end_of_record
TN:
SF:src/components/DataViewer/ActionBar.jsx
FN:19,(anonymous_0)
FN:36,(anonymous_1)
FN:50,(anonymous_2)
FN:88,(anonymous_3)
FN:120,(anonymous_4)
FN:139,(anonymous_5)
FNF:6
FNH:0
FNDA:0,(anonymous_0)
FNDA:0,(anonymous_1)
FNDA:0,(anonymous_2)
FNDA:0,(anonymous_3)
FNDA:0,(anonymous_4)
FNDA:0,(anonymous_5)
DA:19,0
DA:28,0
DA:29,0
DA:30,0
DA:36,0
DA:37,0
DA:38,0
DA:39,0
DA:42,0
DA:43,0
DA:45,0
DA:46,0
DA:49,0
DA:50,0
DA:52,0
DA:53,0
DA:57,0
DA:58,0
DA:59,0
DA:63,0
DA:68,0
DA:69,0
DA:73,0
DA:74,0
DA:75,0
DA:77,0
DA:78,0
DA:80,0
DA:88,0
DA:89,0
DA:90,0
DA:91,0
DA:94,0
DA:95,0
DA:96,0
DA:101,0
DA:102,0
DA:105,0
DA:106,0
DA:107,0
DA:109,0
DA:110,0
DA:112,0
DA:120,0
DA:121,0
DA:122,0
DA:123,0
DA:126,0
DA:127,0
DA:128,0
DA:129,0
DA:131,0
DA:139,0
DA:140,0
DA:141,0
DA:145,0
DA:146,0
DA:147,0
DA:149,0
LF:59
LH:0
BRDA:23,0,0,0
BRDA:24,1,0,0
BRDA:26,2,0,0
BRDA:37,3,0,0
BRDA:37,3,1,0
BRDA:37,4,0,0
BRDA:37,4,1,0
BRDA:52,5,0,0
BRDA:52,5,1,0
BRDA:57,6,0,0
BRDA:57,6,1,0
BRDA:68,7,0,0
BRDA:68,7,1,0
BRDA:89,8,0,0
BRDA:89,8,1,0
BRDA:89,9,0,0
BRDA:89,9,1,0
BRDA:101,10,0,0
BRDA:101,10,1,0
BRDA:121,11,0,0
BRDA:121,11,1,0
BRDA:121,12,0,0
BRDA:121,12,1,0
BRDA:140,13,0,0
BRDA:140,13,1,0
BRDA:146,14,0,0
BRDA:146,14,1,0
BRDA:147,15,0,0
BRDA:147,15,1,0
BRDA:153,16,0,0
BRDA:153,16,1,0
BRDA:160,17,0,0
BRDA:160,17,1,0
BRDA:162,18,0,0
BRDA:162,18,1,0
BRDA:177,19,0,0
BRDA:177,19,1,0
BRDA:179,20,0,0
BRDA:179,20,1,0
BRF:39
BRH:0
end_of_record
TN:
SF:src/components/DataViewer/ActivityFeed.jsx
FN:20,(anonymous_0)
FN:25,(anonymous_1)
FN:26,(anonymous_2)
FN:45,(anonymous_3)
FN:57,(anonymous_4)
FN:69,(anonymous_5)
FN:127,(anonymous_6)
FNF:7
FNH:0
FNDA:0,(anonymous_0)
FNDA:0,(anonymous_1)
FNDA:0,(anonymous_2)
FNDA:0,(anonymous_3)
FNDA:0,(anonymous_4)
FNDA:0,(anonymous_5)
FNDA:0,(anonymous_6)
DA:20,0
DA:21,0
DA:22,0
DA:23,0
DA:25,0
DA:26,0
DA:27,0
DA:28,0
DA:29,0
DA:30,0
DA:31,0
DA:33,0
DA:34,0
DA:36,0
DA:40,0
DA:41,0
DA:45,0
DA:46,0
DA:47,0
DA:48,0
DA:49,0
DA:50,0
DA:51,0
DA:52,0
DA:53,0
DA:57,0
DA:58,0
DA:59,0
DA:60,0
DA:61,0
DA:62,0
DA:63,0
DA:64,0
DA:65,0
DA:69,0
DA:70,0
DA:71,0
DA:72,0
DA:81,0
DA:82,0
DA:95,0
DA:96,0
DA:109,0
DA:128,0
LF:44
LH:0
BRDA:40,0,0,0
BRDA:40,0,1,0
BRDA:46,1,0,0
BRDA:46,1,1,0
BRDA:46,1,2,0
BRDA:46,1,3,0
BRDA:46,1,4,0
BRDA:46,1,5,0
BRDA:46,1,6,0
BRDA:58,2,0,0
BRDA:58,2,1,0
BRDA:58,2,2,0
BRDA:58,2,3,0
BRDA:58,2,4,0
BRDA:58,2,5,0
BRDA:58,2,6,0
BRDA:70,3,0,0
BRDA:70,3,1,0
BRDA:81,4,0,0
BRDA:81,4,1,0
BRDA:95,5,0,0
BRDA:95,5,1,0
BRDA:115,6,0,0
BRDA:115,6,1,0
BRDA:121,7,0,0
BRDA:121,7,1,0
BRDA:128,8,0,0
BRDA:128,8,1,0
BRDA:139,9,0,0
BRDA:139,9,1,0
BRDA:149,10,0,0
BRDA:149,10,1,0
BRF:32
BRH:0
end_of_record
TN:
SF:src/components/DataViewer/DataTable.jsx
FN:22,(anonymous_0)
FN:34,(anonymous_1)
FN:41,(anonymous_2)
FN:43,(anonymous_3)
FN:47,(anonymous_4)
FN:51,(anonymous_5)
FN:63,(anonymous_6)
FN:74,(anonymous_7)
FN:76,(anonymous_8)
FN:81,(anonymous_9)
FN:120,(anonymous_10)
FN:128,(anonymous_11)
FNF:12
FNH:0
FNDA:0,(anonymous_0)
FNDA:0,(anonymous_1)
FNDA:0,(anonymous_2)
FNDA:0,(anonymous_3)
FNDA:0,(anonymous_4)
FNDA:0,(anonymous_5)
FNDA:0,(anonymous_6)
FNDA:0,(anonymous_7)
FNDA:0,(anonymous_8)
FNDA:0,(anonymous_9)
FNDA:0,(anonymous_10)
FNDA:0,(anonymous_11)
DA:22,0
DA:34,0
DA:35,0
DA:36,0
DA:37,0
DA:41,0
DA:42,0
DA:43,0
DA:44,0
DA:47,0
DA:48,0
DA:51,0
DA:52,0
DA:55,0
DA:56,0
DA:63,0
DA:64,0
DA:65,0
DA:68,0
DA:75,0
DA:76,0
DA:78,0
DA:82,0
DA:83,0
DA:121,0
DA:129,0
DA:130,0
DA:131,0
LF:28
LH:0
BRDA:36,0,0,0
BRDA:36,0,1,0
BRDA:42,1,0,0
BRDA:42,1,1,0
BRDA:55,2,0,0
BRDA:55,2,1,0
BRDA:55,3,0,0
BRDA:55,3,1,0
BRDA:63,4,0,0
BRDA:64,5,0,0
BRDA:64,5,1,0
BRDA:65,6,0,0
BRDA:65,6,1,0
BRDA:76,7,0,0
BRDA:76,7,1,0
BRDA:89,8,0,0
BRDA:89,8,1,0
BRDA:94,9,0,0
BRDA:94,9,1,0
BRDA:98,10,0,0
BRDA:98,10,1,0
BRDA:100,11,0,0
BRDA:100,11,1,0
BRDA:105,12,0,0
BRDA:105,12,1,0
BRDA:105,12,2,0
BRDA:119,13,0,0
BRDA:119,13,1,0
BRDA:130,14,0,0
BRDA:130,14,1,0
BRDA:130,14,2,0
BRDA:135,15,0,0
BRDA:135,15,1,0
BRDA:136,16,0,0
BRDA:136,16,1,0
BRDA:139,17,0,0
BRDA:139,17,1,0
BRDA:140,18,0,0
BRDA:140,18,1,0
BRF:39
BRH:0
end_of_record
TN:
SF:src/components/DataViewer/DataViewerContainer.jsx
FN:33,(anonymous_0)
FN:45,(anonymous_1)
FN:48,(anonymous_2)
FN:75,(anonymous_3)
FN:105,(anonymous_4)
FN:106,(anonymous_5)
FN:114,(anonymous_6)
FN:134,(anonymous_7)
FN:138,(anonymous_8)
FN:144,(anonymous_9)
FN:150,(anonymous_10)
FN:179,(anonymous_11)
FN:221,(anonymous_12)
FN:221,(anonymous_13)
FN:234,(anonymous_14)
FN:260,(anonymous_15)
FN:288,(anonymous_16)
FNF:17
FNH:0
FNDA:0,(anonymous_0)
FNDA:0,(anonymous_1)
FNDA:0,(anonymous_2)
FNDA:0,(anonymous_3)
FNDA:0,(anonymous_4)
FNDA:0,(anonymous_5)
FNDA:0,(anonymous_6)
FNDA:0,(anonymous_7)
FNDA:0,(anonymous_8)
FNDA:0,(anonymous_9)
FNDA:0,(anonymous_10)
FNDA:0,(anonymous_11)
FNDA:0,(anonymous_12)
FNDA:0,(anonymous_13)
FNDA:0,(anonymous_14)
FNDA:0,(anonymous_15)
FNDA:0,(anonymous_16)
DA:33,0
DA:34,0
DA:35,0
DA:36,0
DA:37,0
DA:38,0
DA:39,0
DA:40,0
DA:41,0
DA:42,0
DA:45,0
DA:46,0
DA:48,0
DA:49,0
DA:50,0
DA:51,0
DA:54,0
DA:55,0
DA:56,0
DA:58,0
DA:60,0
DA:67,0
DA:71,0
DA:75,0
DA:76,0
DA:78,0
DA:79,0
DA:81,0
DA:83,0
DA:85,0
DA:87,0
DA:89,0
DA:91,0
DA:93,0
DA:95,0
DA:97,0
DA:99,0
DA:104,0
DA:105,0
DA:106,0
DA:107,0
DA:108,0
DA:113,0
DA:115,0
DA:116,0
DA:117,0
DA:118,0
DA:119,0
DA:120,0
DA:123,0
DA:128,0
DA:129,0
DA:130,0
DA:131,0
DA:134,0
DA:135,0
DA:138,0
DA:139,0
DA:140,0
DA:144,0
DA:145,0
DA:147,0
DA:149,0
DA:150,0
DA:152,0
DA:154,0
DA:155,0
DA:156,0
DA:159,0
DA:163,0
DA:167,0
DA:169,0
DA:170,0
DA:172,0
DA:176,0
DA:179,0
DA:180,0
DA:182,0
DA:185,0
DA:186,0
DA:193,0
DA:221,0
DA:234,0
DA:261,0
DA:262,0
DA:288,0
LF:86
LH:0
BRDA:46,0,0,0
BRDA:46,0,1,0
BRDA:54,1,0,0
BRDA:54,1,1,0
BRDA:76,2,0,0
BRDA:76,2,1,0
BRDA:78,3,0,0
BRDA:78,3,1,0
BRDA:79,4,0,0
BRDA:79,4,1,0
BRDA:81,5,0,0
BRDA:81,5,1,0
BRDA:81,5,2,0
BRDA:81,5,3,0
BRDA:81,5,4,0
BRDA:81,5,5,0
BRDA:81,5,6,0
BRDA:81,5,7,0
BRDA:81,5,8,0
BRDA:91,6,0,0
BRDA:91,6,1,0
BRDA:91,6,2,0
BRDA:93,7,0,0
BRDA:93,7,1,0
BRDA:93,7,2,0
BRDA:95,8,0,0
BRDA:95,8,1,0
BRDA:95,8,2,0
BRDA:97,9,0,0
BRDA:97,9,1,0
BRDA:97,9,2,0
BRDA:104,10,0,0
BRDA:104,10,1,0
BRDA:105,11,0,0
BRDA:105,11,1,0
BRDA:113,12,0,0
BRDA:113,12,1,0
BRDA:113,13,0,0
BRDA:113,13,1,0
BRDA:113,13,2,0
BRDA:116,14,0,0
BRDA:116,14,1,0
BRDA:117,15,0,0
BRDA:117,15,1,0
BRDA:119,16,0,0
BRDA:119,16,1,0
BRDA:120,17,0,0
BRDA:120,17,1,0
BRDA:144,18,0,0
BRDA:147,19,0,0
BRDA:147,19,1,0
BRDA:147,20,0,0
BRDA:147,20,1,0
BRDA:147,20,2,0
BRDA:147,20,3,0
BRDA:152,21,0,0
BRDA:152,21,1,0
BRDA:155,22,0,0
BRDA:155,22,1,0
BRDA:167,23,0,0
BRDA:167,23,1,0
BRDA:170,24,0,0
BRDA:170,24,1,0
BRDA:185,25,0,0
BRDA:185,25,1,0
BRDA:207,26,0,0
BRDA:207,26,1,0
BRDA:208,27,0,0
BRDA:208,27,1,0
BRDA:208,27,2,0
BRDA:209,28,0,0
BRDA:209,28,1,0
BRDA:223,29,0,0
BRDA:223,29,1,0
BRDA:239,30,0,0
BRDA:239,30,1,0
BRDA:243,31,0,0
BRDA:243,31,1,0
BRDA:253,32,0,0
BRDA:253,32,1,0
BRDA:270,33,0,0
BRDA:270,33,1,0
BRDA:274,34,0,0
BRDA:274,34,1,0
BRDA:275,35,0,0
BRDA:275,35,1,0
BRDA:285,36,0,0
BRDA:285,36,1,0
BRDA:292,37,0,0
BRDA:292,37,1,0
BRF:90
BRH:0
end_of_record
TN:
SF:src/components/DataViewer/DatasetStats.jsx
FN:8,(anonymous_0)
FNF:1
FNH:0
FNDA:0,(anonymous_0)
DA:8,0
DA:9,0
LF:2
LH:0
BRDA:18,0,0,0
BRDA:18,0,1,0
BRDA:28,1,0,0
BRDA:28,1,1,0
BRDA:57,2,0,0
BRDA:57,2,1,0
BRDA:57,2,2,0
BRF:7
BRH:0
end_of_record
TN:
SF:src/components/DataViewer/FilterBar.jsx
FN:22,(anonymous_0)
FN:28,(anonymous_1)
FN:39,(anonymous_2)
FN:40,(anonymous_3)
FN:45,(anonymous_4)
FN:59,(anonymous_5)
FN:65,(anonymous_6)
FN:69,(anonymous_7)
FN:75,(anonymous_8)
FN:104,(anonymous_9)
FN:109,(anonymous_10)
FN:124,(anonymous_11)
FN:126,(anonymous_12)
FN:180,(anonymous_13)
FN:185,(anonymous_14)
FNF:15
FNH:0
FNDA:0,(anonymous_0)
FNDA:0,(anonymous_1)
FNDA:0,(anonymous_2)
FNDA:0,(anonymous_3)
FNDA:0,(anonymous_4)
FNDA:0,(anonymous_5)
FNDA:0,(anonymous_6)
FNDA:0,(anonymous_7)
FNDA:0,(anonymous_8)
FNDA:0,(anonymous_9)
FNDA:0,(anonymous_10)
FNDA:0,(anonymous_11)
FNDA:0,(anonymous_12)
FNDA:0,(anonymous_13)
FNDA:0,(anonymous_14)
DA:22,0
DA:23,0
DA:24,0
DA:25,0
DA:28,0
DA:30,0
DA:33,0
DA:34,0
DA:36,0
DA:39,0
DA:40,0
DA:41,0
DA:42,0
DA:45,0
DA:46,0
DA:47,0
DA:48,0
DA:53,0
DA:54,0
DA:55,0
DA:59,0
DA:60,0
DA:61,0
DA:62,0
DA:65,0
DA:66,0
DA:69,0
DA:70,0
DA:71,0
DA:75,0
DA:76,0
DA:86,0
DA:89,0
DA:105,0
DA:106,0
DA:110,0
DA:124,0
DA:127,0
DA:181,0
DA:185,0
LF:40
LH:0
BRDA:23,0,0,0
BRDA:23,0,1,0
BRDA:36,1,0,0
BRDA:36,1,1,0
BRDA:46,2,0,0
BRDA:46,2,1,0
BRDA:46,3,0,0
BRDA:46,3,1,0
BRDA:70,4,0,0
BRDA:70,4,1,0
BRDA:86,5,0,0
BRDA:86,5,1,0
BRDA:143,6,0,0
BRDA:143,6,1,0
BRDA:143,7,0,0
BRDA:143,7,1,0
BRDA:157,8,0,0
BRDA:157,8,1,0
BRDA:174,9,0,0
BRDA:174,9,1,0
BRF:20
BRH:0
end_of_record
TN:
SF:src/components/DataViewer/QualityReportPanel.jsx
FN:32,(anonymous_0)
FN:51,(anonymous_1)
FN:59,(anonymous_2)
FN:60,(anonymous_3)
FN:65,(anonymous_4)
FN:149,(anonymous_5)
FN:178,(anonymous_6)
FN:217,(anonymous_7)
FNF:8
FNH:0
FNDA:0,(anonymous_0)
FNDA:0,(anonymous_1)
FNDA:0,(anonymous_2)
FNDA:0,(anonymous_3)
FNDA:0,(anonymous_4)
FNDA:0,(anonymous_5)
FNDA:0,(anonymous_6)
FNDA:0,(anonymous_7)
DA:32,0
DA:33,0
DA:34,0
DA:44,0
DA:45,0
DA:46,0
DA:47,0
DA:50,0
DA:51,0
DA:52,0
DA:55,0
DA:58,0
DA:59,0
DA:60,0
DA:64,0
DA:65,0
DA:66,0
DA:69,0
DA:150,0
DA:179,0
DA:180,0
DA:181,0
DA:218,0
DA:219,0
DA:220,0
DA:221,0
LF:26
LH:0
BRDA:32,0,0,0
BRDA:32,1,0,0
BRDA:33,2,0,0
BRDA:33,2,1,0
BRDA:33,3,0,0
BRDA:33,3,1,0
BRDA:33,3,2,0
BRDA:44,4,0,0
BRDA:44,4,1,0
BRDA:45,5,0,0
BRDA:45,5,1,0
BRDA:46,6,0,0
BRDA:46,6,1,0
BRDA:47,7,0,0
BRDA:47,7,1,0
BRDA:51,8,0,0
BRDA:51,8,1,0
BRDA:52,9,0,0
BRDA:52,9,1,0
BRDA:66,10,0,0
BRDA:66,10,1,0
BRDA:82,11,0,0
BRDA:82,11,1,0
BRDA:82,12,0,0
BRDA:82,12,1,0
BRDA:83,13,0,0
BRDA:83,13,1,0
BRDA:94,14,0,0
BRDA:94,14,1,0
BRDA:94,15,0,0
BRDA:94,15,1,0
BRDA:144,16,0,0
BRDA:144,16,1,0
BRDA:164,17,0,0
BRDA:164,17,1,0
BRDA:188,18,0,0
BRDA:188,18,1,0
BRDA:190,19,0,0
BRDA:190,19,1,0
BRDA:218,20,0,0
BRDA:218,20,1,0
BRDA:219,21,0,0
BRDA:219,21,1,0
BRDA:220,22,0,0
BRDA:220,22,1,0
BRF:45
BRH:0
end_of_record
TN:
SF:src/components/DomainDatasetsModal/DomainDatasetsModal.jsx
FN:40,(anonymous_0)
FN:52,(anonymous_1)
FN:59,(anonymous_2)
FN:74,(anonymous_3)
FN:80,(anonymous_4)
FN:84,(anonymous_5)
FN:91,(anonymous_6)
FN:161,(anonymous_7)
FN:198,(anonymous_8)
FN:215,(anonymous_9)
FNF:10
FNH:0
FNDA:0,(anonymous_0)
FNDA:0,(anonymous_1)
FNDA:0,(anonymous_2)
FNDA:0,(anonymous_3)
FNDA:0,(anonymous_4)
FNDA:0,(anonymous_5)
FNDA:0,(anonymous_6)
FNDA:0,(anonymous_7)
FNDA:0,(anonymous_8)
FNDA:0,(anonymous_9)
DA:40,0
DA:46,0
DA:47,0
DA:48,0
DA:49,0
DA:50,0
DA:52,0
DA:53,0
DA:54,0
DA:55,0
DA:56,0
DA:57,0
DA:59,0
DA:60,0
DA:61,0
DA:62,0
DA:64,0
DA:66,0
DA:67,0
DA:68,0
DA:70,0
DA:74,0
DA:75,0
DA:76,0
DA:80,0
DA:81,0
DA:84,0
DA:85,0
DA:86,0
DA:87,0
DA:91,0
DA:92,0
DA:93,0
DA:94,0
DA:97,0
DA:161,0
DA:199,0
DA:215,0
LF:38
LH:0
BRDA:53,0,0,0
BRDA:53,0,1,0
BRDA:60,1,0,0
BRDA:60,1,1,0
BRDA:61,2,0,0
BRDA:61,2,1,0
BRDA:75,3,0,0
BRDA:75,3,1,0
BRDA:75,4,0,0
BRDA:75,4,1,0
BRDA:85,5,0,0
BRDA:85,5,1,0
BRDA:85,6,0,0
BRDA:85,6,1,0
BRDA:92,7,0,0
BRDA:92,7,1,0
BRDA:93,8,0,0
BRDA:93,8,1,0
BRDA:122,9,0,0
BRDA:122,9,1,0
BRDA:125,10,0,0
BRDA:125,10,1,0
BRDA:170,11,0,0
BRDA:170,11,1,0
BRDA:176,12,0,0
BRDA:176,12,1,0
BRDA:180,13,0,0
BRDA:180,13,1,0
BRDA:182,14,0,0
BRDA:182,14,1,0
BRDA:200,15,0,0
BRDA:200,15,1,0
BRDA:200,15,2,0
BRDA:201,16,0,0
BRDA:201,16,1,0
BRDA:202,17,0,0
BRDA:202,17,1,0
BRDA:205,18,0,0
BRDA:205,18,1,0
BRDA:206,19,0,0
BRDA:206,19,1,0
BRDA:207,20,0,0
BRDA:207,20,1,0
BRF:43
BRH:0
end_of_record
TN:
SF:src/components/ManualWizard/ColumnRow.jsx
FN:24,(anonymous_0)
FN:30,(anonymous_1)
FN:33,(anonymous_2)
FN:40,(anonymous_3)
FN:43,(anonymous_4)
FN:47,(anonymous_5)
FN:57,(anonymous_6)
FN:79,(anonymous_7)
FN:80,(anonymous_8)
FN:86,(anonymous_9)
FN:96,(anonymous_10)
FN:119,(anonymous_11)
FN:122,(anonymous_12)
FN:124,(anonymous_13)
FNF:14
FNH:0
FNDA:0,(anonymous_0)
FNDA:0,(anonymous_1)
FNDA:0,(anonymous_2)
FNDA:0,(anonymous_3)
FNDA:0,(anonymous_4)
FNDA:0,(anonymous_5)
FNDA:0,(anonymous_6)
FNDA:0,(anonymous_7)
FNDA:0,(anonymous_8)
FNDA:0,(anonymous_9)
FNDA:0,(anonymous_10)
FNDA:0,(anonymous_11)
FNDA:0,(anonymous_12)
FNDA:0,(anonymous_13)
DA:17,0
DA:24,0
DA:25,0
DA:26,0
DA:28,0
DA:30,0
DA:31,0
DA:32,0
DA:34,0
DA:35,0
DA:36,0
DA:37,0
DA:43,0
DA:44,0
DA:45,0
DA:46,0
DA:47,0
DA:49,0
DA:57,0
DA:58,0
DA:61,0
DA:79,0
DA:80,0
DA:87,0
DA:97,0
DA:119,0
DA:122,0
DA:125,0
LF:28
LH:0
BRDA:28,0,0,0
BRDA:28,0,1,0
BRDA:31,1,0,0
BRDA:31,1,1,0
BRDA:34,2,0,0
BRDA:34,2,1,0
BRDA:34,2,2,0
BRDA:35,3,0,0
BRDA:35,3,1,0
BRDA:44,4,0,0
BRDA:44,4,1,0
BRDA:45,5,0,0
BRDA:45,5,1,0
BRDA:46,6,0,0
BRDA:46,6,1,0
BRDA:52,7,0,0
BRDA:52,7,1,0
BRDA:53,8,0,0
BRDA:53,8,1,0
BRDA:53,9,0,0
BRDA:53,9,1,0
BRDA:80,10,0,0
BRDA:80,10,1,0
BRDA:100,11,0,0
BRDA:100,11,1,0
BRF:25
BRH:0
end_of_record
TN:
SF:src/components/ManualWizard/CreateDatasetChoiceDialog.jsx
FN:17,(anonymous_0)
FNF:1
FNH:0
FNDA:0,(anonymous_0)
DA:17,0
DA:18,0
LF:2
LH:0
BRF:0
BRH:0
end_of_record
TN:
SF:src/components/ManualWizard/DynamicConstraintsPanel.jsx
FN:9,(anonymous_0)
FN:12,(anonymous_1)
FN:24,(anonymous_2)
FN:33,(anonymous_3)
FN:50,(anonymous_4)
FN:54,(anonymous_5)
FN:56,(anonymous_6)
FN:56,(anonymous_7)
FN:77,(anonymous_8)
FN:93,(anonymous_9)
FN:103,(anonymous_10)
FNF:11
FNH:0
FNDA:0,(anonymous_0)
FNDA:0,(anonymous_1)
FNDA:0,(anonymous_2)
FNDA:0,(anonymous_3)
FNDA:0,(anonymous_4)
FNDA:0,(anonymous_5)
FNDA:0,(anonymous_6)
FNDA:0,(anonymous_7)
FNDA:0,(anonymous_8)
FNDA:0,(anonymous_9)
FNDA:0,(anonymous_10)
DA:9,0
DA:10,0
DA:12,0
DA:13,0
DA:16,0
DA:17,0
DA:24,0
DA:33,0
DA:41,0
DA:42,0
DA:43,0
DA:44,0
DA:52,0
DA:56,0
DA:57,0
DA:69,0
DA:70,0
DA:77,0
DA:85,0
DA:86,0
DA:93,0
DA:103,0
DA:112,0
LF:23
LH:0
BRDA:10,0,0,0
BRDA:10,0,1,0
BRDA:16,1,0,0
BRDA:16,1,1,0
BRDA:16,2,0,0
BRDA:16,2,1,0
BRDA:16,2,2,0
BRDA:16,2,3,0
BRDA:23,3,0,0
BRDA:23,3,1,0
BRDA:24,4,0,0
BRDA:24,4,1,0
BRDA:32,5,0,0
BRDA:32,5,1,0
BRDA:33,6,0,0
BRDA:33,6,1,0
BRDA:41,7,0,0
BRDA:41,7,1,0
BRDA:42,8,0,0
BRDA:42,8,1,0
BRDA:43,9,0,0
BRDA:43,9,1,0
BRDA:61,10,0,0
BRDA:61,10,1,0
BRDA:69,11,0,0
BRDA:69,11,1,0
BRDA:76,12,0,0
BRDA:76,12,1,0
BRDA:77,13,0,0
BRDA:77,13,1,0
BRDA:85,14,0,0
BRDA:85,14,1,0
BRDA:85,15,0,0
BRDA:85,15,1,0
BRDA:92,16,0,0
BRDA:92,16,1,0
BRDA:93,17,0,0
BRDA:93,17,1,0
BRDA:102,18,0,0
BRDA:102,18,1,0
BRDA:103,19,0,0
BRDA:103,19,1,0
BRF:42
BRH:0
end_of_record
TN:
SF:src/components/ManualWizard/ManualWizardModal.jsx
FN:18,(anonymous_0)
FN:25,(anonymous_1)
FN:33,(anonymous_2)
FN:55,(anonymous_3)
FN:68,(anonymous_4)
FN:79,(anonymous_5)
FN:80,(anonymous_6)
FN:92,(anonymous_7)
FN:93,(anonymous_8)
FN:102,(anonymous_9)
FN:103,(anonymous_10)
FNF:11
FNH:0
FNDA:0,(anonymous_0)
FNDA:0,(anonymous_1)
FNDA:0,(anonymous_2)
FNDA:0,(anonymous_3)
FNDA:0,(anonymous_4)
FNDA:0,(anonymous_5)
FNDA:0,(anonymous_6)
FNDA:0,(anonymous_7)
FNDA:0,(anonymous_8)
FNDA:0,(anonymous_9)
FNDA:0,(anonymous_10)
DA:12,0
DA:18,0
DA:19,0
DA:20,0
DA:21,0
DA:22,0
DA:23,0
DA:25,0
DA:26,0
DA:27,0
DA:28,0
DA:29,0
DA:30,0
DA:33,0
DA:34,0
DA:35,0
DA:38,0
DA:56,0
DA:69,0
DA:70,0
DA:71,0
DA:79,0
DA:81,0
DA:82,0
DA:83,0
DA:92,0
DA:93,0
DA:102,0
DA:104,0
DA:105,0
LF:30
LH:0
BRDA:64,0,0,0
BRDA:64,0,1,0
BRDA:75,1,0,0
BRDA:75,1,1,0
BRDA:87,2,0,0
BRDA:87,2,1,0
BRDA:96,3,0,0
BRDA:96,3,1,0
BRF:8
BRH:0
end_of_record
TN:
SF:src/components/ManualWizard/WizardStep1_NameAndRows.jsx
FN:16,(anonymous_0)
FN:24,(anonymous_1)
FN:28,(anonymous_2)
FN:70,(anonymous_3)
FN:78,(anonymous_4)
FNF:5
FNH:0
FNDA:0,(anonymous_0)
FNDA:0,(anonymous_1)
FNDA:0,(anonymous_2)
FNDA:0,(anonymous_3)
FNDA:0,(anonymous_4)
DA:4,0
DA:6,0
DA:16,0
DA:17,0
DA:18,0
DA:20,0
DA:21,0
DA:22,0
DA:24,0
DA:25,0
DA:28,0
DA:29,0
DA:30,0
DA:33,0
DA:70,0
DA:78,0
LF:16
LH:0
BRDA:17,0,0,0
BRDA:17,0,1,0
BRDA:18,1,0,0
BRDA:18,1,1,0
BRDA:21,2,0,0
BRDA:21,2,1,0
BRDA:22,3,0,0
BRDA:22,3,1,0
BRDA:30,4,0,0
BRDA:30,4,1,0
BRDA:41,5,0,0
BRDA:41,5,1,0
BRDA:43,6,0,0
BRDA:43,6,1,0
BRDA:43,7,0,0
BRDA:43,7,1,0
BRDA:58,8,0,0
BRDA:58,8,1,0
BRF:18
BRH:0
end_of_record
TN:
SF:src/components/ManualWizard/WizardStep2_ColumnConfig.jsx
FN:11,(anonymous_0)
FN:18,(anonymous_1)
FN:19,(anonymous_2)
FN:30,(anonymous_3)
FN:31,(anonymous_4)
FN:31,(anonymous_5)
FN:34,(anonymous_6)
FN:35,(anonymous_7)
FN:35,(anonymous_8)
FN:38,(anonymous_9)
FN:41,(anonymous_10)
FN:42,(anonymous_11)
FN:43,(anonymous_12)
FN:49,(anonymous_13)
FN:51,(anonymous_14)
FN:60,(anonymous_15)
FN:63,(anonymous_16)
FN:67,(anonymous_17)
FN:68,(anonymous_18)
FNF:19
FNH:0
FNDA:0,(anonymous_0)
FNDA:0,(anonymous_1)
FNDA:0,(anonymous_2)
FNDA:0,(anonymous_3)
FNDA:0,(anonymous_4)
FNDA:0,(anonymous_5)
FNDA:0,(anonymous_6)
FNDA:0,(anonymous_7)
FNDA:0,(anonymous_8)
FNDA:0,(anonymous_9)
FNDA:0,(anonymous_10)
FNDA:0,(anonymous_11)
FNDA:0,(anonymous_12)
FNDA:0,(anonymous_13)
FNDA:0,(anonymous_14)
FNDA:0,(anonymous_15)
FNDA:0,(anonymous_16)
FNDA:0,(anonymous_17)
FNDA:0,(anonymous_18)
DA:11,0
DA:12,0
DA:18,0
DA:19,0
DA:30,0
DA:31,0
DA:34,0
DA:35,0
DA:38,0
DA:39,0
DA:40,0
DA:41,0
DA:42,0
DA:43,0
DA:44,0
DA:49,0
DA:51,0
DA:52,0
DA:53,0
DA:56,0
DA:60,0
DA:64,0
DA:67,0
DA:68,0
LF:24
LH:0
BRDA:13,0,0,0
BRDA:13,0,1,0
BRDA:35,1,0,0
BRDA:35,1,1,0
BRDA:40,2,0,0
BRDA:40,2,1,0
BRDA:49,3,0,0
BRDA:49,3,1,0
BRF:8
BRH:0
end_of_record
TN:
SF:src/components/ManualWizard/WizardStep3_Preview.jsx
FN:12,(anonymous_0)
FN:16,(anonymous_1)
FN:19,(anonymous_2)
FN:23,(anonymous_3)
FN:42,(anonymous_4)
FN:67,(anonymous_5)
FN:73,(anonymous_6)
FN:75,(anonymous_7)
FNF:8
FNH:0
FNDA:0,(anonymous_0)
FNDA:0,(anonymous_1)
FNDA:0,(anonymous_2)
FNDA:0,(anonymous_3)
FNDA:0,(anonymous_4)
FNDA:0,(anonymous_5)
FNDA:0,(anonymous_6)
FNDA:0,(anonymous_7)
DA:12,0
DA:13,0
DA:14,0
DA:16,0
DA:17,0
DA:19,0
DA:20,0
DA:21,0
DA:22,0
DA:23,0
DA:30,0
DA:31,0
DA:33,0
DA:35,0
DA:38,0
DA:41,0
DA:42,0
DA:44,0
DA:68,0
DA:74,0
DA:76,0
LF:21
LH:0
BRDA:17,0,0,0
BRDA:17,0,1,0
BRDA:17,1,0,0
BRDA:17,1,1,0
BRDA:26,2,0,0
BRDA:26,2,1,0
BRDA:26,3,0,0
BRDA:26,3,1,0
BRDA:31,4,0,0
BRDA:31,4,1,0
BRDA:33,5,0,0
BRDA:33,5,1,0
BRDA:33,5,2,0
BRDA:33,5,3,0
BRDA:41,6,0,0
BRDA:41,6,1,0
BRDA:42,7,0,0
BRDA:42,7,1,0
BRDA:50,8,0,0
BRDA:50,8,1,0
BRDA:56,9,0,0
BRDA:56,9,1,0
BRDA:62,10,0,0
BRDA:62,10,1,0
BRDA:62,10,2,0
BRDA:62,10,3,0
BRDA:76,11,0,0
BRDA:76,11,1,0
BRDA:90,12,0,0
BRDA:90,12,1,0
BRDA:90,12,2,0
BRF:31
BRH:0
end_of_record
TN:
SF:src/components/ManualWizard/WizardStep4_Confirm.jsx
FN:11,(anonymous_0)
FN:15,(anonymous_1)
FN:23,(anonymous_2)
FN:57,(anonymous_3)
FNF:4
FNH:0
FNDA:0,(anonymous_0)
FNDA:0,(anonymous_1)
FNDA:0,(anonymous_2)
FNDA:0,(anonymous_3)
DA:11,0
DA:12,0
DA:13,0
DA:15,0
DA:16,0
DA:17,0
DA:18,0
DA:19,0
DA:23,0
DA:31,0
DA:33,0
DA:35,0
DA:39,0
DA:57,0
LF:14
LH:0
BRDA:26,0,0,0
BRDA:26,0,1,0
BRDA:26,1,0,0
BRDA:26,1,1,0
BRDA:33,2,0,0
BRDA:33,2,1,0
BRDA:33,2,2,0
BRDA:64,3,0,0
BRDA:64,3,1,0
BRDA:79,4,0,0
BRDA:79,4,1,0
BRDA:82,5,0,0
BRDA:82,5,1,0
BRF:13
BRH:0
end_of_record
TN:
SF:src/components/ManualWizard/index.js
FNF:0
FNH:0
LF:0
LH:0
BRF:0
BRH:0
end_of_record
TN:
SF:src/components/NotificationPanel/NotificationPanel.jsx
FN:25,formatSeconds
FN:33,formatElapsed
FN:43,getJobColor
FN:50,getProgressColor
FN:59,JobCard
FN:90,(anonymous_5)
FN:150,ConnectionBadge
FN:173,NotificationPanel
FN:178,(anonymous_8)
FN:181,(anonymous_9)
FN:216,(anonymous_10)
FN:216,(anonymous_11)
FN:253,(anonymous_12)
FNF:13
FNH:0
FNDA:0,formatSeconds
FNDA:0,formatElapsed
FNDA:0,getJobColor
FNDA:0,getProgressColor
FNDA:0,JobCard
FNDA:0,(anonymous_5)
FNDA:0,ConnectionBadge
FNDA:0,NotificationPanel
FNDA:0,(anonymous_8)
FNDA:0,(anonymous_9)
FNDA:0,(anonymous_10)
FNDA:0,(anonymous_11)
FNDA:0,(anonymous_12)
DA:26,0
DA:27,0
DA:28,0
DA:29,0
DA:30,0
DA:34,0
DA:35,0
DA:36,0
DA:37,0
DA:38,0
DA:44,0
DA:45,0
DA:46,0
DA:47,0
DA:51,0
DA:52,0
DA:53,0
DA:54,0
DA:60,0
DA:61,0
DA:63,0
DA:64,0
DA:66,0
DA:90,0
DA:151,0
DA:153,0
DA:157,0
DA:158,0
DA:160,0
DA:174,0
DA:175,0
DA:177,0
DA:178,0
DA:179,0
DA:181,0
DA:182,0
DA:185,0
DA:186,0
DA:188,0
DA:216,0
DA:254,0
LF:41
LH:0
BRDA:26,0,0,0
BRDA:26,0,1,0
BRDA:26,1,0,0
BRDA:26,1,1,0
BRDA:27,2,0,0
BRDA:27,2,1,0
BRDA:34,3,0,0
BRDA:34,3,1,0
BRDA:37,4,0,0
BRDA:37,4,1,0
BRDA:44,5,0,0
BRDA:44,5,1,0
BRDA:45,6,0,0
BRDA:45,6,1,0
BRDA:46,7,0,0
BRDA:46,7,1,0
BRDA:51,8,0,0
BRDA:51,8,1,0
BRDA:52,9,0,0
BRDA:52,9,1,0
BRDA:53,10,0,0
BRDA:53,10,1,0
BRDA:60,11,0,0
BRDA:60,11,1,0
BRDA:60,11,2,0
BRDA:61,12,0,0
BRDA:61,12,1,0
BRDA:61,12,2,0
BRDA:71,13,0,0
BRDA:71,13,1,0
BRDA:74,14,0,0
BRDA:74,14,1,0
BRDA:74,14,2,0
BRDA:88,15,0,0
BRDA:88,15,1,0
BRDA:88,15,2,0
BRDA:89,16,0,0
BRDA:89,16,1,0
BRDA:89,17,0,0
BRDA:89,17,1,0
BRDA:101,18,0,0
BRDA:101,18,1,0
BRDA:109,19,0,0
BRDA:109,19,1,0
BRDA:109,20,0,0
BRDA:109,20,1,0
BRDA:109,20,2,0
BRDA:110,21,0,0
BRDA:110,21,1,0
BRDA:112,22,0,0
BRDA:112,22,1,0
BRDA:112,22,2,0
BRDA:117,23,0,0
BRDA:117,23,1,0
BRDA:117,23,2,0
BRDA:125,24,0,0
BRDA:125,24,1,0
BRDA:125,24,2,0
BRDA:132,25,0,0
BRDA:132,25,1,0
BRDA:132,25,2,0
BRDA:139,26,0,0
BRDA:139,26,1,0
BRDA:139,26,2,0
BRDA:151,27,0,0
BRDA:151,27,1,0
BRDA:153,28,0,0
BRDA:153,28,1,0
BRDA:157,29,0,0
BRDA:157,29,1,0
BRDA:158,30,0,0
BRDA:158,30,1,0
BRDA:185,31,0,0
BRDA:185,31,1,0
BRDA:185,32,0,0
BRDA:185,32,1,0
BRDA:186,33,0,0
BRDA:186,33,1,0
BRDA:186,34,0,0
BRDA:186,34,1,0
BRDA:199,35,0,0
BRDA:199,35,1,0
BRDA:223,36,0,0
BRDA:223,36,1,0
BRDA:238,37,0,0
BRDA:238,37,1,0
BRDA:240,38,0,0
BRDA:240,38,1,0
BRDA:248,39,0,0
BRDA:248,39,1,0
BRDA:256,40,0,0
BRDA:256,40,1,0
BRF:92
BRH:0
end_of_record
TN:
SF:src/components/StatusBadge/StatusBadge.jsx
FN:12,(anonymous_0)
FNF:1
FNH:0
FNDA:0,(anonymous_0)
DA:12,0
DA:13,0
DA:14,0
DA:16,0
LF:4
LH:0
BRDA:12,0,0,0
BRDA:12,1,0,0
BRDA:12,2,0,0
BRDA:13,3,0,0
BRDA:13,3,1,0
BRDA:13,4,0,0
BRDA:13,4,1,0
BRDA:13,4,2,0
BRDA:18,5,0,0
BRDA:18,5,1,0
BRDA:26,6,0,0
BRDA:26,6,1,0
BRDA:34,7,0,0
BRDA:34,7,1,0
BRF:14
BRH:0
end_of_record
TN:
SF:src/components/StatusBadge/index.js
FNF:0
FNH:0
LF:0
LH:0
BRF:0
BRH:0
end_of_record
TN:
SF:src/constants/bankingLexicon.js
FNF:0
FNH:0
DA:7,0
LF:1
LH:0
BRF:0
BRH:0
end_of_record
TN:
SF:src/constants/columnTypes.js
FN:65,(anonymous_0)
FNF:1
FNH:0
FNDA:0,(anonymous_0)
DA:5,0
DA:65,0
LF:2
LH:0
BRF:0
BRH:0
end_of_record
TN:
SF:src/context/BatchJobsContext.jsx
FN:21,reducer
FN:135,BatchJobsProvider
FN:141,(anonymous_2)
FN:148,(anonymous_3)
FN:159,(anonymous_4)
FN:184,(anonymous_5)
FN:197,(anonymous_6)
FN:199,(anonymous_7)
FN:205,(anonymous_8)
FN:210,(anonymous_9)
FN:211,(anonymous_10)
FN:214,(anonymous_11)
FN:217,(anonymous_12)
FN:220,(anonymous_13)
FN:225,(anonymous_14)
FN:273,(anonymous_15)
FN:274,(anonymous_16)
FN:277,(anonymous_17)
FN:287,(anonymous_18)
FN:302,(anonymous_19)
FN:310,(anonymous_20)
FN:317,(anonymous_21)
FN:328,useBatchJobs
FNF:23
FNH:0
FNDA:0,reducer
FNDA:0,BatchJobsProvider
FNDA:0,(anonymous_2)
FNDA:0,(anonymous_3)
FNDA:0,(anonymous_4)
FNDA:0,(anonymous_5)
FNDA:0,(anonymous_6)
FNDA:0,(anonymous_7)
FNDA:0,(anonymous_8)
FNDA:0,(anonymous_9)
FNDA:0,(anonymous_10)
FNDA:0,(anonymous_11)
FNDA:0,(anonymous_12)
FNDA:0,(anonymous_13)
FNDA:0,(anonymous_14)
FNDA:0,(anonymous_15)
FNDA:0,(anonymous_16)
FNDA:0,(anonymous_17)
FNDA:0,(anonymous_18)
FNDA:0,(anonymous_19)
FNDA:0,(anonymous_20)
FNDA:0,(anonymous_21)
FNDA:0,useBatchJobs
DA:6,0
DA:13,0
DA:15,0
DA:22,0
DA:24,0
DA:47,0
DA:65,0
DA:82,0
DA:102,0
DA:105,0
DA:108,0
DA:109,0
DA:110,0
DA:111,0
DA:121,0
DA:124,0
DA:127,0
DA:133,0
DA:136,0
DA:137,0
DA:138,0
DA:141,0
DA:142,0
DA:143,0
DA:144,0
DA:145,0
DA:146,0
DA:147,0
DA:148,0
DA:150,0
DA:151,0
DA:152,0
DA:158,0
DA:159,0
DA:160,0
DA:161,0
DA:162,0
DA:163,0
DA:174,0
DA:175,0
DA:184,0
DA:185,0
DA:186,0
DA:187,0
DA:188,0
DA:189,0
DA:190,0
DA:197,0
DA:198,0
DA:199,0
DA:201,0
DA:205,0
DA:206,0
DA:210,0
DA:211,0
DA:212,0
DA:214,0
DA:215,0
DA:217,0
DA:218,0
DA:220,0
DA:221,0
DA:225,0
DA:226,0
DA:228,0
DA:230,0
DA:231,0
DA:235,0
DA:238,0
DA:239,0
DA:242,0
DA:243,0
DA:244,0
DA:245,0
DA:246,0
DA:251,0
DA:256,0
DA:259,0
DA:260,0
DA:264,0
DA:267,0
DA:273,0
DA:274,0
DA:275,0
DA:276,0
DA:277,0
DA:287,0
DA:288,0
DA:289,0
DA:291,0
DA:292,0
DA:302,0
DA:304,0
DA:310,0
DA:311,0
DA:312,0
DA:313,0
DA:314,0
DA:317,0
DA:318,0
DA:321,0
DA:329,0
DA:330,0
DA:331,0
LF:104
LH:0
BRDA:22,0,0,0
BRDA:22,0,1,0
BRDA:22,0,2,0
BRDA:22,0,3,0
BRDA:22,0,4,0
BRDA:22,0,5,0
BRDA:22,0,6,0
BRDA:22,0,7,0
BRDA:22,0,8,0
BRDA:22,0,9,0
BRDA:71,1,0,0
BRDA:71,1,1,0
BRDA:74,2,0,0
BRDA:74,2,1,0
BRDA:89,3,0,0
BRDA:89,3,1,0
BRDA:110,4,0,0
BRDA:110,4,1,0
BRDA:114,5,0,0
BRDA:114,5,1,0
BRDA:145,6,0,0
BRDA:145,6,1,0
BRDA:151,7,0,0
BRDA:151,7,1,0
BRDA:162,8,0,0
BRDA:162,8,1,0
BRDA:167,9,0,0
BRDA:167,9,1,0
BRDA:187,10,0,0
BRDA:187,10,1,0
BRDA:189,11,0,0
BRDA:189,11,1,0
BRDA:189,12,0,0
BRDA:189,12,1,0
BRDA:228,13,0,0
BRDA:228,13,1,0
BRDA:228,13,2,0
BRDA:228,13,3,0
BRDA:228,13,4,0
BRDA:245,14,0,0
BRDA:245,14,1,0
BRDA:275,15,0,0
BRDA:275,15,1,0
BRDA:289,16,0,0
BRDA:289,16,1,0
BRDA:330,17,0,0
BRDA:330,17,1,0
BRF:47
BRH:0
end_of_record
TN:
SF:src/context/DomainContext.js
FN:31,(anonymous_0)
FN:69,(anonymous_1)
FN:78,(anonymous_2)
FN:112,(anonymous_3)
FNF:4
FNH:0
FNDA:0,(anonymous_0)
FNDA:0,(anonymous_1)
FNDA:0,(anonymous_2)
FNDA:0,(anonymous_3)
DA:4,0
DA:7,0
DA:18,0
DA:31,0
DA:32,0
DA:35,0
DA:42,0
DA:52,0
DA:60,0
DA:67,0
DA:70,0
DA:76,0
DA:78,0
DA:83,0
DA:90,0
DA:98,0
DA:107,0
DA:112,0
DA:113,0
DA:114,0
DA:115,0
DA:117,0
LF:22
LH:0
BRDA:32,0,0,0
BRDA:32,0,1,0
BRDA:32,0,2,0
BRDA:32,0,3,0
BRDA:32,0,4,0
BRDA:32,0,5,0
BRDA:32,0,6,0
BRDA:32,0,7,0
BRDA:32,0,8,0
BRDA:32,0,9,0
BRDA:47,1,0,0
BRDA:47,1,1,0
BRDA:70,2,0,0
BRDA:70,2,1,0
BRDA:114,3,0,0
BRDA:114,3,1,0
BRF:16
BRH:0
end_of_record
TN:
SF:src/context/DomainProvider.jsx
FN:5,(anonymous_0)
FN:9,(anonymous_1)
FN:12,(anonymous_2)
FN:38,(anonymous_3)
FNF:4
FNH:0
FNDA:0,(anonymous_0)
FNDA:0,(anonymous_1)
FNDA:0,(anonymous_2)
FNDA:0,(anonymous_3)
DA:5,0
DA:6,0
DA:9,0
DA:10,0
DA:12,0
DA:13,0
DA:14,0
DA:15,0
DA:17,0
DA:19,0
DA:20,0
DA:25,0
DA:26,0
DA:33,0
DA:37,0
DA:38,0
DA:45,0
LF:17
LH:0
BRDA:28,0,0,0
BRDA:28,0,1,0
BRF:2
BRH:0
end_of_record
TN:
SF:src/hooks/useApi.js
FN:8,(anonymous_0)
FN:19,(anonymous_1)
FNF:2
FNH:0
FNDA:0,(anonymous_0)
FNDA:0,(anonymous_1)
DA:8,0
DA:9,0
DA:10,0
DA:11,0
DA:19,0
DA:20,0
DA:21,0
DA:22,0
DA:23,0
DA:24,0
DA:25,0
DA:26,0
DA:27,0
DA:29,0
DA:31,0
DA:32,0
DA:34,0
DA:37,0
DA:39,0
DA:40,0
DA:41,0
DA:42,0
DA:44,0
DA:45,0
DA:46,0
DA:48,0
DA:51,0
DA:57,0
DA:58,0
DA:59,0
DA:61,0
DA:65,0
LF:32
LH:0
BRDA:37,0,0,0
BRDA:37,0,1,0
BRDA:39,1,0,0
BRDA:39,1,1,0
BRDA:40,2,0,0
BRDA:40,2,1,0
BRDA:41,3,0,0
BRDA:41,3,1,0
BRDA:42,4,0,0
BRDA:42,4,1,0
BRDA:44,5,0,0
BRDA:44,5,1,0
BRDA:45,6,0,0
BRDA:45,6,1,0
BRDA:48,7,0,0
BRDA:48,7,1,0
BRDA:48,7,2,0
BRF:17
BRH:0
end_of_record
TN:
SF:src/hooks/useDomains.js
FN:3,(anonymous_0)
FNF:1
FNH:0
FNDA:0,(anonymous_0)
DA:3,0
DA:5,0
LF:2
LH:0
BRF:0
BRH:0
end_of_record
TN:
SF:src/layout/Header.jsx
FN:7,(anonymous_0)
FN:25,(anonymous_1)
FN:36,(anonymous_2)
FNF:3
FNH:0
FNDA:0,(anonymous_0)
FNDA:0,(anonymous_1)
FNDA:0,(anonymous_2)
DA:7,0
DA:8,0
DA:9,0
DA:10,0
DA:12,0
DA:25,0
DA:36,0
LF:7
LH:0
BRDA:10,0,0,0
BRDA:10,0,1,0
BRF:2
BRH:0
end_of_record
TN:
SF:src/layout/Layout.jsx
FN:9,(anonymous_0)
FN:17,(anonymous_1)
FN:19,(anonymous_2)
FN:32,(anonymous_3)
FNF:4
FNH:0
FNDA:0,(anonymous_0)
FNDA:0,(anonymous_1)
FNDA:0,(anonymous_2)
FNDA:0,(anonymous_3)
DA:9,0
DA:10,0
DA:11,0
DA:12,0
DA:14,0
DA:17,0
DA:19,0
DA:32,0
LF:8
LH:0
BRDA:29,0,0,0
BRDA:29,0,1,0
BRF:2
BRH:0
end_of_record
TN:
SF:src/layout/Sidebar.jsx
FN:22,(anonymous_0)
FN:43,(anonymous_1)
FN:46,(anonymous_2)
FNF:3
FNH:0
FNDA:0,(anonymous_0)
FNDA:0,(anonymous_1)
FNDA:0,(anonymous_2)
DA:22,0
DA:23,0
DA:24,0
DA:25,0
DA:27,0
DA:37,0
DA:44,0
DA:47,0
DA:48,0
DA:61,0
DA:62,0
DA:69,0
LF:12
LH:0
BRDA:48,0,0,0
BRDA:48,0,1,0
BRDA:61,1,0,0
BRDA:61,1,1,0
BRF:4
BRH:0
end_of_record
TN:
SF:src/pages/AnonymizationPage.jsx
FN:20,guessType
FN:40,AnonymizationPage
FN:54,(anonymous_2)
FN:55,(anonymous_3)
FN:59,(anonymous_4)
FN:71,(anonymous_5)
FN:80,(anonymous_6)
FN:95,(anonymous_7)
FN:96,(anonymous_8)
FN:96,(anonymous_9)
FN:100,(anonymous_10)
FN:101,(anonymous_11)
FN:101,(anonymous_12)
FN:106,(anonymous_13)
FN:132,(anonymous_14)
FN:139,(anonymous_15)
FN:155,(anonymous_16)
FN:231,(anonymous_17)
FN:236,(anonymous_18)
FN:249,(anonymous_19)
FN:251,(anonymous_20)
FN:279,(anonymous_21)
FN:281,(anonymous_22)
FN:290,(anonymous_23)
FN:296,(anonymous_24)
FN:331,(anonymous_25)
FN:345,strategyLabel
FNF:27
FNH:0
FNDA:0,guessType
FNDA:0,AnonymizationPage
FNDA:0,(anonymous_2)
FNDA:0,(anonymous_3)
FNDA:0,(anonymous_4)
FNDA:0,(anonymous_5)
FNDA:0,(anonymous_6)
FNDA:0,(anonymous_7)
FNDA:0,(anonymous_8)
FNDA:0,(anonymous_9)
FNDA:0,(anonymous_10)
FNDA:0,(anonymous_11)
FNDA:0,(anonymous_12)
FNDA:0,(anonymous_13)
FNDA:0,(anonymous_14)
FNDA:0,(anonymous_15)
FNDA:0,(anonymous_16)
FNDA:0,(anonymous_17)
FNDA:0,(anonymous_18)
FNDA:0,(anonymous_19)
FNDA:0,(anonymous_20)
FNDA:0,(anonymous_21)
FNDA:0,(anonymous_22)
FNDA:0,(anonymous_23)
FNDA:0,(anonymous_24)
FNDA:0,(anonymous_25)
FNDA:0,strategyLabel
DA:17,0
DA:21,0
DA:22,0
DA:23,0
DA:24,0
DA:25,0
DA:26,0
DA:27,0
DA:28,0
DA:29,0
DA:30,0
DA:31,0
DA:32,0
DA:33,0
DA:34,0
DA:35,0
DA:36,0
DA:37,0
DA:41,0
DA:42,0
DA:43,0
DA:44,0
DA:45,0
DA:46,0
DA:47,0
DA:48,0
DA:49,0
DA:50,0
DA:51,0
DA:52,0
DA:54,0
DA:55,0
DA:59,0
DA:60,0
DA:61,0
DA:62,0
DA:63,0
DA:64,0
DA:65,0
DA:67,0
DA:68,0
DA:71,0
DA:72,0
DA:73,0
DA:74,0
DA:75,0
DA:76,0
DA:77,0
DA:78,0
DA:79,0
DA:80,0
DA:85,0
DA:86,0
DA:88,0
DA:90,0
DA:95,0
DA:96,0
DA:97,0
DA:100,0
DA:101,0
DA:102,0
DA:106,0
DA:107,0
DA:108,0
DA:109,0
DA:110,0
DA:111,0
DA:112,0
DA:113,0
DA:114,0
DA:115,0
DA:116,0
DA:117,0
DA:119,0
DA:120,0
DA:121,0
DA:123,0
DA:124,0
DA:126,0
DA:128,0
DA:132,0
DA:133,0
DA:134,0
DA:135,0
DA:136,0
DA:139,0
DA:141,0
DA:156,0
DA:232,0
DA:236,0
DA:249,0
DA:252,0
DA:279,0
DA:282,0
DA:290,0
DA:296,0
DA:331,0
DA:346,0
DA:369,0
LF:99
LH:0
BRDA:22,0,0,0
BRDA:22,0,1,0
BRDA:23,1,0,0
BRDA:23,1,1,0
BRDA:24,2,0,0
BRDA:24,2,1,0
BRDA:25,3,0,0
BRDA:25,3,1,0
BRDA:26,4,0,0
BRDA:26,4,1,0
BRDA:27,5,0,0
BRDA:27,5,1,0
BRDA:28,6,0,0
BRDA:28,6,1,0
BRDA:29,7,0,0
BRDA:29,7,1,0
BRDA:30,8,0,0
BRDA:30,8,1,0
BRDA:31,9,0,0
BRDA:31,9,1,0
BRDA:32,10,0,0
BRDA:32,10,1,0
BRDA:33,11,0,0
BRDA:33,11,1,0
BRDA:34,12,0,0
BRDA:34,12,1,0
BRDA:35,13,0,0
BRDA:35,13,1,0
BRDA:36,14,0,0
BRDA:36,14,1,0
BRDA:61,15,0,0
BRDA:61,15,1,0
BRDA:65,16,0,0
BRDA:65,16,1,0
BRDA:79,17,0,0
BRDA:79,17,1,0
BRDA:82,18,0,0
BRDA:82,18,1,0
BRDA:97,19,0,0
BRDA:97,19,1,0
BRDA:102,20,0,0
BRDA:102,20,1,0
BRDA:107,21,0,0
BRDA:107,21,1,0
BRDA:108,22,0,0
BRDA:108,22,1,0
BRDA:124,23,0,0
BRDA:124,23,1,0
BRDA:125,24,0,0
BRDA:125,24,1,0
BRDA:125,24,2,0
BRDA:126,25,0,0
BRDA:126,25,1,0
BRDA:136,26,0,0
BRDA:136,26,1,0
BRDA:160,27,0,0
BRDA:160,27,1,0
BRDA:163,28,0,0
BRDA:163,28,1,0
BRDA:183,29,0,0
BRDA:183,29,1,0
BRDA:192,30,0,0
BRDA:192,30,1,0
BRDA:194,31,0,0
BRDA:194,31,1,0
BRDA:203,32,0,0
BRDA:203,32,1,0
BRDA:211,33,0,0
BRDA:211,33,1,0
BRDA:258,34,0,0
BRDA:258,34,1,0
BRDA:259,35,0,0
BRDA:259,35,1,0
BRDA:300,36,0,0
BRDA:300,36,1,0
BRDA:300,36,2,0
BRDA:300,36,3,0
BRDA:302,37,0,0
BRDA:302,37,1,0
BRDA:311,38,0,0
BRDA:311,38,1,0
BRDA:311,38,2,0
BRDA:369,39,0,0
BRDA:369,39,1,0
BRF:84
BRH:0
end_of_record
TN:
SF:src/pages/ApiReferencePage.jsx
FN:8,TabPanel
FN:16,ApiReferencePage
FN:26,(anonymous_2)
FN:28,(anonymous_3)
FN:37,(anonymous_4)
FN:47,(anonymous_5)
FN:55,(anonymous_6)
FN:78,(anonymous_7)
FNF:8
FNH:0
FNDA:0,TabPanel
FNDA:0,ApiReferencePage
FNDA:0,(anonymous_2)
FNDA:0,(anonymous_3)
FNDA:0,(anonymous_4)
FNDA:0,(anonymous_5)
FNDA:0,(anonymous_6)
FNDA:0,(anonymous_7)
DA:9,0
DA:17,0
DA:18,0
DA:26,0
DA:27,0
DA:29,0
DA:30,0
DA:31,0
DA:32,0
DA:33,0
DA:36,0
DA:38,0
DA:39,0
DA:47,0
DA:55,0
DA:64,0
DA:78,0
LF:17
LH:0
BRDA:11,0,0,0
BRDA:11,0,1,0
BRDA:29,1,0,0
BRDA:29,1,1,0
BRDA:29,1,2,0
BRDA:31,2,0,0
BRDA:31,2,1,0
BRDA:38,3,0,0
BRDA:38,3,1,0
BRDA:38,3,2,0
BRDA:41,4,0,0
BRDA:41,4,1,0
BRDA:70,5,0,0
BRDA:70,5,1,0
BRF:14
BRH:0
end_of_record
TN:
SF:src/pages/Dashboard.jsx
FN:9,(anonymous_0)
FN:14,(anonymous_1)
FN:15,(anonymous_2)
FN:56,(anonymous_3)
FNF:4
FNH:0
FNDA:0,(anonymous_0)
FNDA:0,(anonymous_1)
FNDA:0,(anonymous_2)
FNDA:0,(anonymous_3)
DA:9,0
DA:10,0
DA:11,0
DA:12,0
DA:14,0
DA:15,0
DA:16,0
DA:17,0
DA:18,0
DA:19,0
DA:20,0
DA:23,0
DA:27,0
DA:30,0
DA:56,0
LF:15
LH:0
BRDA:18,0,0,0
BRDA:18,0,1,0
BRDA:20,1,0,0
BRDA:20,1,1,0
BRF:4
BRH:0
end_of_record
TN:
SF:src/pages/DataViewerPage.jsx
FN:25,(anonymous_0)
FN:35,(anonymous_1)
FN:36,(anonymous_2)
FN:110,(anonymous_3)
FN:205,(anonymous_4)
FNF:5
FNH:0
FNDA:0,(anonymous_0)
FNDA:0,(anonymous_1)
FNDA:0,(anonymous_2)
FNDA:0,(anonymous_3)
FNDA:0,(anonymous_4)
DA:25,0
DA:26,0
DA:27,0
DA:28,0
DA:29,0
DA:30,0
DA:31,0
DA:32,0
DA:35,0
DA:36,0
DA:37,0
DA:38,0
DA:39,0
DA:41,0
DA:45,0
DA:46,0
DA:47,0
DA:50,0
DA:51,0
DA:54,0
DA:59,0
DA:60,0
DA:61,0
DA:65,0
DA:66,0
DA:67,0
DA:69,0
DA:71,0
DA:73,0
DA:74,0
DA:75,0
DA:77,0
DA:78,0
DA:82,0
DA:83,0
DA:88,0
DA:91,0
DA:96,0
DA:98,0
DA:99,0
DA:101,0
DA:105,0
DA:106,0
DA:110,0
DA:111,0
DA:114,0
DA:115,0
DA:122,0
DA:123,0
DA:139,0
DA:140,0
DA:157,0
DA:205,0
LF:53
LH:0
BRDA:41,0,0,0
BRDA:41,0,1,0
BRDA:46,1,0,0
BRDA:46,1,1,0
BRDA:51,2,0,0
BRDA:51,2,1,0
BRDA:59,3,0,0
BRDA:59,3,1,0
BRDA:61,4,0,0
BRDA:61,4,1,0
BRDA:66,5,0,0
BRDA:66,5,1,0
BRDA:71,6,0,0
BRDA:71,6,1,0
BRDA:73,7,0,0
BRDA:73,7,1,0
BRDA:82,8,0,0
BRDA:82,8,1,0
BRDA:88,9,0,0
BRDA:88,9,1,0
BRDA:99,10,0,0
BRDA:99,10,1,0
BRDA:105,11,0,0
BRDA:105,11,1,0
BRDA:114,12,0,0
BRDA:114,12,1,0
BRDA:122,13,0,0
BRDA:122,13,1,0
BRDA:139,14,0,0
BRDA:139,14,1,0
BRDA:171,15,0,0
BRDA:171,15,1,0
BRDA:180,16,0,0
BRDA:180,16,1,0
BRDA:184,17,0,0
BRDA:184,17,1,0
BRDA:187,18,0,0
BRDA:187,18,1,0
BRDA:208,19,0,0
BRDA:208,19,1,0
BRDA:216,20,0,0
BRDA:216,20,1,0
BRDA:227,21,0,0
BRDA:227,21,1,0
BRF:44
BRH:0
end_of_record
TN:
SF:src/pages/DatasetsPage.jsx
FN:17,(anonymous_0)
FN:23,(anonymous_1)
FN:24,(anonymous_2)
FN:38,(anonymous_3)
FN:75,(anonymous_4)
FNF:5
FNH:0
FNDA:0,(anonymous_0)
FNDA:0,(anonymous_1)
FNDA:0,(anonymous_2)
FNDA:0,(anonymous_3)
FNDA:0,(anonymous_4)
DA:17,0
DA:18,0
DA:19,0
DA:20,0
DA:21,0
DA:23,0
DA:24,0
DA:25,0
DA:26,0
DA:27,0
DA:28,0
DA:30,0
DA:32,0
DA:35,0
DA:38,0
DA:39,0
DA:42,0
DA:43,0
DA:50,0
DA:51,0
DA:54,0
DA:55,0
DA:65,0
DA:76,0
LF:24
LH:0
BRDA:30,0,0,0
BRDA:30,0,1,0
BRDA:42,1,0,0
BRDA:42,1,1,0
BRDA:50,2,0,0
BRDA:50,2,1,0
BRDA:54,3,0,0
BRDA:54,3,1,0
BRDA:71,4,0,0
BRDA:71,4,1,0
BRF:10
BRH:0
end_of_record
TN:
SF:src/pages/DomainsPage.jsx
FN:31,(anonymous_0)
FN:68,(anonymous_1)
FN:85,(anonymous_2)
FN:108,(anonymous_3)
FN:127,(anonymous_4)
FN:140,(anonymous_5)
FN:146,(anonymous_6)
FN:152,(anonymous_7)
FN:157,(anonymous_8)
FN:163,(anonymous_9)
FN:169,(anonymous_10)
FN:183,(anonymous_11)
FN:210,(anonymous_12)
FN:221,(anonymous_13)
FN:247,(anonymous_14)
FN:255,(anonymous_15)
FN:281,(anonymous_16)
FN:309,(anonymous_17)
FN:319,(anonymous_18)
FN:330,(anonymous_19)
FN:344,(anonymous_20)
FN:360,(anonymous_21)
FN:370,(anonymous_22)
FN:385,(anonymous_23)
FN:398,(anonymous_24)
FN:428,(anonymous_25)
FN:466,(anonymous_26)
FN:496,(anonymous_27)
FN:505,(anonymous_28)
FN:508,(anonymous_29)
FN:550,(anonymous_30)
FN:559,(anonymous_31)
FN:568,(anonymous_32)
FN:575,(anonymous_33)
FN:576,(anonymous_34)
FNF:35
FNH:0
FNDA:0,(anonymous_0)
FNDA:0,(anonymous_1)
FNDA:0,(anonymous_2)
FNDA:0,(anonymous_3)
FNDA:0,(anonymous_4)
FNDA:0,(anonymous_5)
FNDA:0,(anonymous_6)
FNDA:0,(anonymous_7)
FNDA:0,(anonymous_8)
FNDA:0,(anonymous_9)
FNDA:0,(anonymous_10)
FNDA:0,(anonymous_11)
FNDA:0,(anonymous_12)
FNDA:0,(anonymous_13)
FNDA:0,(anonymous_14)
FNDA:0,(anonymous_15)
FNDA:0,(anonymous_16)
FNDA:0,(anonymous_17)
FNDA:0,(anonymous_18)
FNDA:0,(anonymous_19)
FNDA:0,(anonymous_20)
FNDA:0,(anonymous_21)
FNDA:0,(anonymous_22)
FNDA:0,(anonymous_23)
FNDA:0,(anonymous_24)
FNDA:0,(anonymous_25)
FNDA:0,(anonymous_26)
FNDA:0,(anonymous_27)
FNDA:0,(anonymous_28)
FNDA:0,(anonymous_29)
FNDA:0,(anonymous_30)
FNDA:0,(anonymous_31)
FNDA:0,(anonymous_32)
FNDA:0,(anonymous_33)
FNDA:0,(anonymous_34)
DA:31,0
DA:32,0
DA:33,0
DA:34,0
DA:35,0
DA:36,0
DA:37,0
DA:40,0
DA:41,0
DA:42,0
DA:43,0
DA:44,0
DA:45,0
DA:46,0
DA:47,0
DA:48,0
DA:49,0
DA:50,0
DA:51,0
DA:52,0
DA:53,0
DA:54,0
DA:55,0
DA:56,0
DA:57,0
DA:58,0
DA:61,0
DA:62,0
DA:63,0
DA:64,0
DA:65,0
DA:68,0
DA:69,0
DA:70,0
DA:71,0
DA:72,0
DA:73,0
DA:74,0
DA:75,0
DA:77,0
DA:78,0
DA:80,0
DA:85,0
DA:86,0
DA:87,0
DA:88,0
DA:89,0
DA:90,0
DA:95,0
DA:96,0
DA:97,0
DA:98,0
DA:100,0
DA:101,0
DA:103,0
DA:108,0
DA:109,0
DA:110,0
DA:111,0
DA:112,0
DA:113,0
DA:114,0
DA:115,0
DA:116,0
DA:118,0
DA:119,0
DA:120,0
DA:122,0
DA:127,0
DA:128,0
DA:130,0
DA:131,0
DA:134,0
DA:135,0
DA:140,0
DA:141,0
DA:142,0
DA:146,0
DA:147,0
DA:148,0
DA:152,0
DA:153,0
DA:154,0
DA:157,0
DA:158,0
DA:159,0
DA:160,0
DA:163,0
DA:164,0
DA:165,0
DA:169,0
DA:171,0
DA:174,0
DA:177,0
DA:181,0
DA:182,0
DA:183,0
DA:184,0
DA:194,0
DA:197,0
DA:200,0
DA:203,0
DA:206,0
DA:210,0
DA:212,0
DA:214,0
DA:217,0
DA:221,0
DA:222,0
DA:223,0
DA:224,0
DA:229,0
DA:231,0
DA:233,0
DA:237,0
DA:247,0
DA:256,0
DA:257,0
DA:258,0
DA:259,0
DA:282,0
DA:283,0
DA:309,0
DA:319,0
DA:331,0
DA:332,0
DA:345,0
DA:346,0
DA:361,0
DA:362,0
DA:371,0
DA:372,0
DA:386,0
DA:387,0
DA:399,0
DA:400,0
DA:401,0
DA:402,0
DA:403,0
DA:429,0
DA:430,0
DA:467,0
DA:497,0
DA:498,0
DA:506,0
DA:508,0
DA:516,0
DA:525,0
DA:526,0
DA:529,0
DA:530,0
DA:531,0
DA:532,0
DA:533,0
DA:535,0
DA:551,0
DA:552,0
DA:559,0
DA:568,0
DA:575,0
DA:577,0
DA:578,0
DA:579,0
LF:163
LH:0
BRDA:78,0,0,0
BRDA:78,0,1,0
BRDA:86,1,0,0
BRDA:86,1,1,0
BRDA:101,2,0,0
BRDA:101,2,1,0
BRDA:109,3,0,0
BRDA:109,3,1,0
BRDA:118,4,0,0
BRDA:118,4,1,0
BRDA:128,5,0,0
BRDA:128,5,1,0
BRDA:174,6,0,0
BRDA:174,6,1,0
BRDA:177,7,0,0
BRDA:177,7,1,0
BRDA:182,8,0,0
BRDA:182,8,1,0
BRDA:182,9,0,0
BRDA:182,9,1,0
BRDA:186,10,0,0
BRDA:186,10,1,0
BRDA:187,11,0,0
BRDA:187,11,1,0
BRDA:188,12,0,0
BRDA:188,12,1,0
BRDA:189,13,0,0
BRDA:189,13,1,0
BRDA:190,14,0,0
BRDA:190,14,1,0
BRDA:271,15,0,0
BRDA:271,15,1,0
BRDA:271,16,0,0
BRDA:271,16,1,0
BRDA:292,17,0,0
BRDA:292,17,1,0
BRDA:292,17,2,0
BRDA:297,18,0,0
BRDA:297,18,1,0
BRDA:299,19,0,0
BRDA:299,19,1,0
BRDA:381,20,0,0
BRDA:381,20,1,0
BRDA:412,21,0,0
BRDA:412,21,1,0
BRDA:412,21,2,0
BRDA:412,21,3,0
BRDA:444,22,0,0
BRDA:444,22,1,0
BRDA:512,23,0,0
BRDA:512,23,1,0
BRDA:525,24,0,0
BRDA:525,24,1,0
BRF:53
BRH:0
end_of_record
TN:
SF:src/pages/NotFound.jsx
FN:5,(anonymous_0)
FN:24,(anonymous_1)
FNF:2
FNH:0
FNDA:0,(anonymous_0)
FNDA:0,(anonymous_1)
DA:5,0
DA:6,0
DA:8,0
DA:24,0
LF:4
LH:0
BRF:0
BRH:0
end_of_record
TN:
SF:src/pages/SettingsPage.jsx
FN:24,(anonymous_0)
FN:49,(anonymous_1)
FN:54,(anonymous_2)
FN:63,(anonymous_3)
FN:79,(anonymous_4)
FN:79,(anonymous_5)
FN:81,(anonymous_6)
FN:87,(anonymous_7)
FN:87,(anonymous_8)
FN:96,(anonymous_9)
FN:96,(anonymous_10)
FN:113,(anonymous_11)
FN:129,(anonymous_12)
FN:141,(anonymous_13)
FN:143,(anonymous_14)
FN:159,(anonymous_15)
FN:162,(anonymous_16)
FN:169,(anonymous_17)
FN:187,(anonymous_18)
FN:198,(anonymous_19)
FN:227,(anonymous_20)
FN:237,(anonymous_21)
FN:251,(anonymous_22)
FN:262,(anonymous_23)
FN:272,(anonymous_24)
FN:277,(anonymous_25)
FN:293,(anonymous_26)
FN:302,(anonymous_27)
FN:311,(anonymous_28)
FN:320,(anonymous_29)
FN:320,(anonymous_30)
FN:323,(anonymous_31)
FN:323,(anonymous_32)
FN:332,(anonymous_33)
FN:342,(anonymous_34)
FNF:35
FNH:0
FNDA:0,(anonymous_0)
FNDA:0,(anonymous_1)
FNDA:0,(anonymous_2)
FNDA:0,(anonymous_3)
FNDA:0,(anonymous_4)
FNDA:0,(anonymous_5)
FNDA:0,(anonymous_6)
FNDA:0,(anonymous_7)
FNDA:0,(anonymous_8)
FNDA:0,(anonymous_9)
FNDA:0,(anonymous_10)
FNDA:0,(anonymous_11)
FNDA:0,(anonymous_12)
FNDA:0,(anonymous_13)
FNDA:0,(anonymous_14)
FNDA:0,(anonymous_15)
FNDA:0,(anonymous_16)
FNDA:0,(anonymous_17)
FNDA:0,(anonymous_18)
FNDA:0,(anonymous_19)
FNDA:0,(anonymous_20)
FNDA:0,(anonymous_21)
FNDA:0,(anonymous_22)
FNDA:0,(anonymous_23)
FNDA:0,(anonymous_24)
FNDA:0,(anonymous_25)
FNDA:0,(anonymous_26)
FNDA:0,(anonymous_27)
FNDA:0,(anonymous_28)
FNDA:0,(anonymous_29)
FNDA:0,(anonymous_30)
FNDA:0,(anonymous_31)
FNDA:0,(anonymous_32)
FNDA:0,(anonymous_33)
FNDA:0,(anonymous_34)
DA:21,0
DA:24,0
DA:25,0
DA:49,0
DA:50,0
DA:51,0
DA:52,0
DA:54,0
DA:55,0
DA:56,0
DA:59,0
DA:63,0
DA:64,0
DA:65,0
DA:66,0
DA:67,0
DA:70,0
DA:79,0
DA:81,0
DA:87,0
DA:96,0
DA:113,0
DA:114,0
DA:129,0
DA:130,0
DA:131,0
DA:132,0
DA:135,0
DA:136,0
DA:137,0
DA:140,0
DA:141,0
DA:143,0
DA:144,0
DA:145,0
DA:146,0
DA:150,0
DA:151,0
DA:153,0
DA:155,0
DA:159,0
DA:162,0
DA:163,0
DA:164,0
DA:165,0
DA:167,0
DA:169,0
DA:170,0
DA:171,0
DA:172,0
DA:173,0
DA:175,0
DA:176,0
DA:178,0
DA:179,0
DA:180,0
DA:182,0
DA:183,0
DA:187,0
DA:188,0
DA:189,0
DA:190,0
DA:191,0
DA:192,0
DA:194,0
DA:198,0
DA:199,0
DA:200,0
DA:201,0
DA:203,0
DA:207,0
DA:227,0
DA:238,0
DA:251,0
DA:263,0
DA:272,0
DA:277,0
DA:293,0
DA:302,0
DA:311,0
DA:320,0
DA:323,0
DA:332,0
DA:333,0
DA:335,0
DA:342,0
LF:86
LH:0
BRDA:55,0,0,0
BRDA:55,0,1,0
BRDA:56,1,0,0
BRDA:56,1,1,0
BRDA:57,2,0,0
BRDA:57,2,1,0
BRDA:64,3,0,0
BRDA:64,3,1,0
BRDA:65,4,0,0
BRDA:65,4,1,0
BRDA:72,5,0,0
BRDA:72,5,1,0
BRDA:100,6,0,0
BRDA:100,6,1,0
BRDA:105,7,0,0
BRDA:105,7,1,0
BRDA:141,8,0,0
BRDA:163,9,0,0
BRDA:163,9,1,0
BRDA:171,10,0,0
BRDA:171,10,1,0
BRDA:182,11,0,0
BRDA:182,11,1,0
BRDA:212,12,0,0
BRDA:212,12,1,0
BRDA:234,13,0,0
BRDA:234,13,1,0
BRDA:237,14,0,0
BRDA:237,14,1,0
BRDA:245,15,0,0
BRDA:245,15,1,0
BRDA:268,16,0,0
BRDA:268,16,1,0
BRDA:295,17,0,0
BRDA:295,17,1,0
BRDA:348,18,0,0
BRDA:348,18,1,0
BRDA:349,19,0,0
BRDA:349,19,1,0
BRF:39
BRH:0
end_of_record
TN:
SF:src/services/WebSocketService.js
FN:19,(anonymous_0)
FN:30,(anonymous_1)
FN:34,(anonymous_2)
FN:39,(anonymous_3)
FN:44,(anonymous_4)
FN:52,(anonymous_5)
FN:58,(anonymous_6)
FN:66,(anonymous_7)
FN:76,(anonymous_8)
FN:88,(anonymous_9)
FN:98,(anonymous_10)
FN:104,(anonymous_11)
FN:107,(anonymous_12)
FN:118,(anonymous_13)
FN:129,(anonymous_14)
FNF:15
FNH:0
FNDA:0,(anonymous_0)
FNDA:0,(anonymous_1)
FNDA:0,(anonymous_2)
FNDA:0,(anonymous_3)
FNDA:0,(anonymous_4)
FNDA:0,(anonymous_5)
FNDA:0,(anonymous_6)
FNDA:0,(anonymous_7)
FNDA:0,(anonymous_8)
FNDA:0,(anonymous_9)
FNDA:0,(anonymous_10)
FNDA:0,(anonymous_11)
FNDA:0,(anonymous_12)
FNDA:0,(anonymous_13)
FNDA:0,(anonymous_14)
DA:4,0
DA:5,0
DA:20,0
DA:21,0
DA:22,0
DA:23,0
DA:24,0
DA:25,0
DA:26,0
DA:27,0
DA:31,0
DA:33,0
DA:34,0
DA:40,0
DA:41,0
DA:44,0
DA:45,0
DA:47,0
DA:49,0
DA:53,0
DA:54,0
DA:55,0
DA:59,0
DA:63,0
DA:67,0
DA:68,0
DA:69,0
DA:71,0
DA:72,0
DA:73,0
DA:77,0
DA:79,0
DA:80,0
DA:83,0
DA:84,0
DA:89,0
DA:90,0
DA:91,0
DA:92,0
DA:93,0
DA:95,0
DA:99,0
DA:105,0
DA:107,0
DA:108,0
DA:109,0
DA:110,0
DA:112,0
DA:115,0
DA:119,0
DA:120,0
DA:121,0
DA:124,0
DA:125,0
DA:127,0
DA:129,0
DA:130,0
DA:131,0
LF:58
LH:0
BRDA:5,0,0,0
BRDA:5,0,1,0
BRDA:31,1,0,0
BRDA:31,1,1,0
BRDA:31,2,0,0
BRDA:31,2,1,0
BRDA:49,3,0,0
BRDA:49,3,1,0
BRDA:54,4,0,0
BRDA:54,4,1,0
BRDA:68,5,0,0
BRDA:68,5,1,0
BRDA:79,6,0,0
BRDA:79,6,1,0
BRDA:91,7,0,0
BRDA:91,7,1,0
BRDA:105,8,0,0
BRDA:105,8,1,0
BRDA:119,9,0,0
BRDA:119,9,1,0
BRDA:127,10,0,0
BRDA:127,10,1,0
BRDA:130,11,0,0
BRDA:130,11,1,0
BRF:24
BRH:0
end_of_record
TN:
SF:src/services/api.js
FN:17,(anonymous_0)
FN:18,(anonymous_1)
FNF:2
FNH:0
FNDA:0,(anonymous_0)
FNDA:0,(anonymous_1)
DA:3,0
DA:4,0
DA:5,0
DA:6,0
DA:8,0
DA:16,0
DA:17,0
DA:19,0
DA:22,0
DA:23,0
DA:29,0
LF:11
LH:0
BRDA:3,0,0,0
BRDA:3,0,1,0
BRDA:6,1,0,0
BRDA:6,1,1,0
BRDA:22,2,0,0
BRDA:22,2,1,0
BRF:6
BRH:0
end_of_record
TN:
SF:src/services/batchService.js
FN:8,(anonymous_0)
FN:18,(anonymous_1)
FN:28,(anonymous_2)
FNF:3
FNH:0
FNDA:0,(anonymous_0)
FNDA:0,(anonymous_1)
FNDA:0,(anonymous_2)
DA:8,0
DA:9,0
DA:10,0
DA:18,0
DA:19,0
DA:20,0
DA:28,0
DA:29,0
DA:30,0
LF:9
LH:0
BRF:0
BRH:0
end_of_record
TN:
SF:src/services/dataSetService.js
FN:8,(anonymous_0)
FN:24,(anonymous_1)
FN:43,(anonymous_2)
FN:61,(anonymous_3)
FN:75,(anonymous_4)
FN:83,(anonymous_5)
FN:92,(anonymous_6)
FN:101,(anonymous_7)
FN:110,(anonymous_8)
FNF:9
FNH:0
FNDA:0,(anonymous_0)
FNDA:0,(anonymous_1)
FNDA:0,(anonymous_2)
FNDA:0,(anonymous_3)
FNDA:0,(anonymous_4)
FNDA:0,(anonymous_5)
FNDA:0,(anonymous_6)
FNDA:0,(anonymous_7)
FNDA:0,(anonymous_8)
DA:8,0
DA:9,0
DA:10,0
DA:11,0
DA:13,0
DA:24,0
DA:25,0
DA:26,0
DA:29,0
DA:31,0
DA:43,0
DA:44,0
DA:45,0
DA:46,0
DA:47,0
DA:49,0
DA:50,0
DA:52,0
DA:61,0
DA:62,0
DA:63,0
DA:64,0
DA:66,0
DA:75,0
DA:76,0
DA:77,0
DA:79,0
DA:83,0
DA:84,0
DA:85,0
DA:86,0
DA:88,0
DA:92,0
DA:93,0
DA:94,0
DA:95,0
DA:97,0
DA:101,0
DA:102,0
DA:103,0
DA:104,0
DA:106,0
DA:110,0
DA:111,0
DA:112,0
DA:114,0
LF:46
LH:0
BRDA:11,0,0,0
BRDA:11,0,1,0
BRDA:24,1,0,0
BRDA:24,2,0,0
BRDA:29,3,0,0
BRDA:29,3,1,0
BRDA:43,4,0,0
BRDA:43,5,0,0
BRDA:43,6,0,0
BRDA:46,7,0,0
BRDA:46,7,1,0
BRDA:50,8,0,0
BRDA:50,8,1,0
BRDA:64,9,0,0
BRDA:64,9,1,0
BRDA:83,10,0,0
BRDA:83,11,0,0
BRDA:86,12,0,0
BRDA:86,12,1,0
BRDA:95,13,0,0
BRDA:95,13,1,0
BRDA:104,14,0,0
BRDA:104,14,1,0
BRF:23
BRH:0
end_of_record
TN:
SF:src/services/domainService.js
FN:9,(anonymous_0)
FN:35,(anonymous_1)
FN:49,(anonymous_2)
FN:68,(anonymous_3)
FN:82,(anonymous_4)
FN:95,(anonymous_5)
FN:110,(anonymous_6)
FNF:7
FNH:0
FNDA:0,(anonymous_0)
FNDA:0,(anonymous_1)
FNDA:0,(anonymous_2)
FNDA:0,(anonymous_3)
FNDA:0,(anonymous_4)
FNDA:0,(anonymous_5)
FNDA:0,(anonymous_6)
DA:9,0
DA:10,0
DA:11,0
DA:17,0
DA:18,0
DA:19,0
DA:21,0
DA:22,0
DA:23,0
DA:25,0
DA:26,0
DA:35,0
DA:36,0
DA:37,0
DA:38,0
DA:40,0
DA:49,0
DA:50,0
DA:51,0
DA:52,0
DA:53,0
DA:54,0
DA:55,0
DA:57,0
DA:58,0
DA:68,0
DA:69,0
DA:70,0
DA:71,0
DA:73,0
DA:82,0
DA:83,0
DA:84,0
DA:86,0
DA:95,0
DA:96,0
DA:97,0
DA:98,0
DA:100,0
DA:110,0
DA:111,0
DA:112,0
DA:113,0
DA:115,0
LF:44
LH:0
BRDA:9,0,0,0
BRDA:9,1,0,0
BRDA:21,2,0,0
BRDA:21,2,1,0
BRDA:38,3,0,0
BRDA:38,3,1,0
BRDA:55,4,0,0
BRDA:55,4,1,0
BRDA:71,5,0,0
BRDA:71,5,1,0
BRDA:98,6,0,0
BRDA:98,6,1,0
BRDA:110,7,0,0
BRDA:113,8,0,0
BRDA:113,8,1,0
BRF:15
BRH:0
end_of_record
TN:
SF:src/theme/theme.js
FNF:0
FNH:0
DA:3,0
LF:1
LH:0
BRF:0
BRH:0
end_of_record
TN:
SF:src/utils/formatters.js
FN:1,(anonymous_0)
FN:10,(anonymous_1)
FN:21,(anonymous_2)
FNF:3
FNH:0
FNDA:0,(anonymous_0)
FNDA:0,(anonymous_1)
FNDA:0,(anonymous_2)
DA:1,0
DA:2,0
DA:3,0
DA:10,0
DA:11,0
DA:12,0
DA:21,0
DA:22,0
DA:23,0
DA:24,0
DA:25,0
LF:11
LH:0
BRDA:2,0,0,0
BRDA:2,0,1,0
BRDA:11,1,0,0
BRDA:11,1,1,0
BRDA:22,2,0,0
BRDA:22,2,1,0
BRDA:23,3,0,0
BRDA:23,3,1,0
BRDA:24,4,0,0
BRDA:24,4,1,0
BRF:10
BRH:0
end_of_record
